make -C lib FLOAT_TYPE=soft
make[1]: Entering directory `/mprj/STM32_USB_HOST_CDC/usbHostCDC/lib'
make -C StdPeriph FLOAT_TYPE=soft
make[2]: Entering directory `/mprj/STM32_USB_HOST_CDC/usbHostCDC/lib/StdPeriph'
make[2]: Nothing to be done for `all'.
make[2]: Leaving directory `/mprj/STM32_USB_HOST_CDC/usbHostCDC/lib/StdPeriph'
make -C USB_OTG FLOAT_TYPE=soft
make[2]: Entering directory `/mprj/STM32_USB_HOST_CDC/usbHostCDC/lib/USB_OTG'
make[2]: Nothing to be done for `all'.
make[2]: Leaving directory `/mprj/STM32_USB_HOST_CDC/usbHostCDC/lib/USB_OTG'
make -C USB_Host/Core FLOAT_TYPE=soft
make[2]: Entering directory `/mprj/STM32_USB_HOST_CDC/usbHostCDC/lib/USB_Host/Core'
make[2]: Nothing to be done for `all'.
make[2]: Leaving directory `/mprj/STM32_USB_HOST_CDC/usbHostCDC/lib/USB_Host/Core'
make -C USB_Host/Class/MSC FLOAT_TYPE=soft
make[2]: Entering directory `/mprj/STM32_USB_HOST_CDC/usbHostCDC/lib/USB_Host/Class/MSC'
make[2]: Nothing to be done for `all'.
make[2]: Leaving directory `/mprj/STM32_USB_HOST_CDC/usbHostCDC/lib/USB_Host/Class/MSC'
make -C fat_fs FLOAT_TYPE=soft
make[2]: Entering directory `/mprj/STM32_USB_HOST_CDC/usbHostCDC/lib/fat_fs'
make[2]: Nothing to be done for `all'.
make[2]: Leaving directory `/mprj/STM32_USB_HOST_CDC/usbHostCDC/lib/fat_fs'
make -C helix FLOAT_TYPE=soft
make[2]: Entering directory `/mprj/STM32_USB_HOST_CDC/usbHostCDC/lib/helix'
ar -r libhelix.a mp3dec.o mp3tabs.o bitstream.o buffers.o dct32.o dequant.o dqchan.o huffman.o hufftabs.o imdct.o polyphase.o scalfact.o stproc.o subband.o trigtabs_fixpt.o
make[2]: Leaving directory `/mprj/STM32_USB_HOST_CDC/usbHostCDC/lib/helix'
make -C FreeRTOS FLOAT_TYPE=soft
make[2]: Entering directory `/mprj/STM32_USB_HOST_CDC/usbHostCDC/lib/FreeRTOS'
Makefile:8: No heap selected, defaulting to heap 1 (Memory cannot be freed!!)
make[2]: Nothing to be done for `all'.
make[2]: Leaving directory `/mprj/STM32_USB_HOST_CDC/usbHostCDC/lib/FreeRTOS'
make[1]: Leaving directory `/mprj/STM32_USB_HOST_CDC/usbHostCDC/lib'
/opt/arm-2011.09/bin//arm-none-eabi-gcc -std=gnu99 -g -O3 -Wall -mlittle-endian -mthumb -nostartfiles -mcpu=cortex-m4 -mfpu=fpv4-sp-d16 -mfloat-abi=softfp -DHSE_VALUE=8000000 -std=gnu99 -Tstm32_flash.ld -Iinc -Ilib/Core/cmsis -Ilib/Core/stm32 -Ilib/Conf -Ilib/StdPeriph/inc -Ilib/USB_OTG/inc -Ilib/USB_Host/Core/inc -Ilib/USB_Host/Class/MSC/inc -Ilib/fat_fs/inc -Ilib/helix/pub -Ilib/FreeRTOS/Source/include src/main.c src/stm32f4xx_it.c src/system_stm32f4xx.c src/syscalls.c src/time.c src/led.c src/key.c src/Audio.c src/sonic.c src/mp3.c src/fft.c src/bpm.c src/lis302dl.c src/mems.c src/ped.c src/usbh_usr.c src/usb_bsp.c lib/startup_stm32f4xx.s -o build/stm32_mp3player.elf -Llib/StdPeriph -Llib/USB_OTG -Llib/USB_Host/Core -Llib/USB_Host/Class/MSC -Llib/fat_fs -Llib/helix -Llib/FreeRTOS -lm -lfreertos -lhelix -lfatfs -lstdperiph -lusbhostcore -lusbhostmsc -lusbcore
In file included from src/main.c:16:0:
lib/FreeRTOS/Source/include/task.h:71:3: error: #error "include FreeRTOS.h must appear in source files before include task.h"
In file included from lib/FreeRTOS/Source/include/task.h:74:0,
                 from src/main.c:16:
lib/FreeRTOS/Source/include/list.h:138:2: error: unknown type name 'portTickType'
In file included from lib/FreeRTOS/Source/include/task.h:74:0,
                 from src/main.c:16:
lib/FreeRTOS/Source/include/list.h:148:2: error: unknown type name 'portTickType'
lib/FreeRTOS/Source/include/list.h:159:45: error: expected ':', ',', ';', '}' or '__attribute__' before 'uxNumberOfItems'
lib/FreeRTOS/Source/include/list.h:372:24: error: expected '=', ',', ';', 'asm' or '__attribute__' before 'uxListRemove'
In file included from src/main.c:16:0:
lib/FreeRTOS/Source/include/task.h:113:2: error: unknown type name 'portBASE_TYPE'
lib/FreeRTOS/Source/include/task.h:114:2: error: unknown type name 'portTickType'
lib/FreeRTOS/Source/include/task.h:132:2: error: unknown type name 'pdTASK_CODE'
lib/FreeRTOS/Source/include/task.h:136:25: error: expected ':', ',', ';', '}' or '__attribute__' before 'uxPriority'
In file included from src/main.c:16:0:
lib/FreeRTOS/Source/include/task.h:147:25: error: expected ':', ',', ';', '}' or '__attribute__' before 'xTaskNumber'
In file included from src/main.c:16:0:
lib/FreeRTOS/Source/include/task.h: In function 'vTaskAllocateMPURegions':
lib/FreeRTOS/Source/include/task.h:431:90: error: expected declaration specifiers before 'PRIVILEGED_FUNCTION'
lib/FreeRTOS/Source/include/task.h:472:47: error: expected '=', ',', ';', 'asm' or '__attribute__' before 'PRIVILEGED_FUNCTION'
lib/FreeRTOS/Source/include/task.h:526:18: error: unknown type name 'portTickType'
lib/FreeRTOS/Source/include/task.h:585:23: error: unknown type name 'portTickType'
lib/FreeRTOS/Source/include/task.h:585:64: error: unknown type name 'portTickType'
lib/FreeRTOS/Source/include/task.h:632:24: error: expected '=', ',', ';', 'asm' or '__attribute__' before 'uxTaskPriorityGet'
lib/FreeRTOS/Source/include/task.h:650:47: error: expected '=', ',', ';', 'asm' or '__attribute__' before 'PRIVILEGED_FUNCTION'
lib/FreeRTOS/Source/include/task.h:692:66: error: expected ';', ',' or ')' before 'uxNewPriority'
lib/FreeRTOS/Source/include/task.h:743:49: error: expected '=', ',', ';', 'asm' or '__attribute__' before 'PRIVILEGED_FUNCTION'
lib/FreeRTOS/Source/include/task.h:792:47: error: expected '=', ',', ';', 'asm' or '__attribute__' before 'PRIVILEGED_FUNCTION'
lib/FreeRTOS/Source/include/task.h:812:1: error: unknown type name 'portBASE_TYPE'
lib/FreeRTOS/Source/include/task.h:812:63: error: expected '=', ',', ';', 'asm' or '__attribute__' before 'PRIVILEGED_FUNCTION'
lib/FreeRTOS/Source/include/task.h:850:34: error: expected '=', ',', ';', 'asm' or '__attribute__' before 'PRIVILEGED_FUNCTION'
lib/FreeRTOS/Source/include/task.h:903:32: error: expected '=', ',', ';', 'asm' or '__attribute__' before 'PRIVILEGED_FUNCTION'
lib/FreeRTOS/Source/include/task.h:954:30: error: expected '=', ',', ';', 'asm' or '__attribute__' before 'PRIVILEGED_FUNCTION'
lib/FreeRTOS/Source/include/task.h:1006:22: error: expected '=', ',', ';', 'asm' or '__attribute__' before 'xTaskResumeAll'
lib/FreeRTOS/Source/include/task.h:1017:22: error: expected '=', ',', ';', 'asm' or '__attribute__' before 'xTaskIsTaskSuspended'
lib/FreeRTOS/Source/include/task.h:1032:1: error: unknown type name 'portTickType'
lib/FreeRTOS/Source/include/task.h:1032:40: error: expected '=', ',', ';', 'asm' or '__attribute__' before 'PRIVILEGED_FUNCTION'
lib/FreeRTOS/Source/include/task.h:1048:1: error: unknown type name 'portTickType'
lib/FreeRTOS/Source/include/task.h:1048:47: error: expected '=', ',', ';', 'asm' or '__attribute__' before 'PRIVILEGED_FUNCTION'
lib/FreeRTOS/Source/include/task.h:1062:24: error: expected '=', ',', ';', 'asm' or '__attribute__' before 'uxTaskGetNumberOfTasks'
lib/FreeRTOS/Source/include/task.h:1096:24: error: expected '=', ',', ';', 'asm' or '__attribute__' before 'uxTaskGetStackHighWaterMark'
lib/FreeRTOS/Source/include/task.h:1136:1: error: unknown type name 'portBASE_TYPE'
lib/FreeRTOS/Source/include/task.h:1136:84: error: expected '=', ',', ';', 'asm' or '__attribute__' before 'PRIVILEGED_FUNCTION'
lib/FreeRTOS/Source/include/task.h:1244:24: error: expected '=', ',', ';', 'asm' or '__attribute__' before 'uxTaskGetSystemState'
lib/FreeRTOS/Source/include/task.h:1291:46: error: expected '=', ',', ';', 'asm' or '__attribute__' before 'PRIVILEGED_FUNCTION'
lib/FreeRTOS/Source/include/task.h:1345:57: error: expected '=', ',', ';', 'asm' or '__attribute__' before 'PRIVILEGED_FUNCTION'
lib/FreeRTOS/Source/include/task.h:1366:1: error: unknown type name 'portBASE_TYPE'
lib/FreeRTOS/Source/include/task.h:1366:42: error: expected '=', ',', ';', 'asm' or '__attribute__' before 'PRIVILEGED_FUNCTION'
lib/FreeRTOS/Source/include/task.h:1389:56: error: unknown type name 'portTickType'
lib/FreeRTOS/Source/include/task.h:1404:66: error: unknown type name 'portTickType'
lib/FreeRTOS/Source/include/task.h:1421:22: error: expected '=', ',', ';', 'asm' or '__attribute__' before 'xTaskRemoveFromEventList'
lib/FreeRTOS/Source/include/task.h:1431:33: error: expected '=', ',', ';', 'asm' or '__attribute__' before 'PRIVILEGED_FUNCTION'
lib/FreeRTOS/Source/include/task.h:1436:47: error: expected '=', ',', ';', 'asm' or '__attribute__' before 'PRIVILEGED_FUNCTION'
lib/FreeRTOS/Source/include/task.h:1441:61: error: expected '=', ',', ';', 'asm' or '__attribute__' before 'PRIVILEGED_FUNCTION'
lib/FreeRTOS/Source/include/task.h:1447:1: error: unknown type name 'portBASE_TYPE'
lib/FreeRTOS/Source/include/task.h:1447:69: error: unknown type name 'portTickType'
lib/FreeRTOS/Source/include/task.h:1453:31: error: expected '=', ',', ';', 'asm' or '__attribute__' before 'PRIVILEGED_FUNCTION'
lib/FreeRTOS/Source/include/task.h:1459:1: error: unknown type name 'portBASE_TYPE'
lib/FreeRTOS/Source/include/task.h:1459:46: error: expected '=', ',', ';', 'asm' or '__attribute__' before 'PRIVILEGED_FUNCTION'
lib/FreeRTOS/Source/include/task.h:1465:62: error: expected '=', ',', ';', 'asm' or '__attribute__' before 'PRIVILEGED_FUNCTION'
lib/FreeRTOS/Source/include/task.h:1471:65: error: expected '=', ',', ';', 'asm' or '__attribute__' before 'PRIVILEGED_FUNCTION'
lib/FreeRTOS/Source/include/task.h:1477:22: error: expected '=', ',', ';', 'asm' or '__attribute__' before 'xTaskGenericCreate'
lib/FreeRTOS/Source/include/task.h:1482:24: error: expected '=', ',', ';', 'asm' or '__attribute__' before 'uxTaskGetTaskNumber'
lib/FreeRTOS/Source/include/task.h:1488:68: error: expected ';', ',' or ')' before 'uxHandle'
lib/FreeRTOS/Source/include/task.h:1497:21: error: unknown type name 'portTickType'
In file included from inc/main.h:11:0,
                 from src/main.c:18:
lib/Core/stm32/stm32f4xx.h:239:3: error: storage class specified for parameter 'IRQn_Type'
In file included from /opt/arm-2011.09/bin/../lib/gcc/arm-none-eabi/4.6.1/include/stdint.h:3:0,
                 from lib/Core/cmsis/core_cm4.h:143,
                 from lib/Core/stm32/stm32f4xx.h:245,
                 from inc/main.h:11,
                 from src/main.c:18:
/opt/arm-2011.09/bin/../lib/gcc/arm-none-eabi/4.6.1/../../../../arm-none-eabi/include/stdint.h:41:21: error: storage class specified for parameter 'int8_t'
/opt/arm-2011.09/bin/../lib/gcc/arm-none-eabi/4.6.1/../../../../arm-none-eabi/include/stdint.h:42:23: error: storage class specified for parameter 'uint8_t'
/opt/arm-2011.09/bin/../lib/gcc/arm-none-eabi/4.6.1/../../../../arm-none-eabi/include/stdint.h:47:21: error: storage class specified for parameter 'int_least8_t'
/opt/arm-2011.09/bin/../lib/gcc/arm-none-eabi/4.6.1/../../../../arm-none-eabi/include/stdint.h:48:23: error: storage class specified for parameter 'uint_least8_t'
/opt/arm-2011.09/bin/../lib/gcc/arm-none-eabi/4.6.1/../../../../arm-none-eabi/include/stdint.h:53:22: error: storage class specified for parameter 'int16_t'
/opt/arm-2011.09/bin/../lib/gcc/arm-none-eabi/4.6.1/../../../../arm-none-eabi/include/stdint.h:54:24: error: storage class specified for parameter 'uint16_t'
/opt/arm-2011.09/bin/../lib/gcc/arm-none-eabi/4.6.1/../../../../arm-none-eabi/include/stdint.h:67:20: error: expected '=', ',', ';', 'asm' or '__attribute__' before 'int_least16_t'
/opt/arm-2011.09/bin/../lib/gcc/arm-none-eabi/4.6.1/../../../../arm-none-eabi/include/stdint.h:68:19: error: expected '=', ',', ';', 'asm' or '__attribute__' before 'uint_least16_t'
/opt/arm-2011.09/bin/../lib/gcc/arm-none-eabi/4.6.1/../../../../arm-none-eabi/include/stdint.h:79:21: error: storage class specified for parameter 'int32_t'
/opt/arm-2011.09/bin/../lib/gcc/arm-none-eabi/4.6.1/../../../../arm-none-eabi/include/stdint.h:80:23: error: storage class specified for parameter 'uint32_t'
/opt/arm-2011.09/bin/../lib/gcc/arm-none-eabi/4.6.1/../../../../arm-none-eabi/include/stdint.h:97:20: error: expected '=', ',', ';', 'asm' or '__attribute__' before 'int_least32_t'
/opt/arm-2011.09/bin/../lib/gcc/arm-none-eabi/4.6.1/../../../../arm-none-eabi/include/stdint.h:98:19: error: expected '=', ',', ';', 'asm' or '__attribute__' before 'uint_least32_t'
/opt/arm-2011.09/bin/../lib/gcc/arm-none-eabi/4.6.1/../../../../arm-none-eabi/include/stdint.h:119:26: error: storage class specified for parameter 'int64_t'
/opt/arm-2011.09/bin/../lib/gcc/arm-none-eabi/4.6.1/../../../../arm-none-eabi/include/stdint.h:120:28: error: storage class specified for parameter 'uint64_t'
/opt/arm-2011.09/bin/../lib/gcc/arm-none-eabi/4.6.1/../../../../arm-none-eabi/include/stdint.h:129:20: error: expected '=', ',', ';', 'asm' or '__attribute__' before 'int_least64_t'
/opt/arm-2011.09/bin/../lib/gcc/arm-none-eabi/4.6.1/../../../../arm-none-eabi/include/stdint.h:130:19: error: expected '=', ',', ';', 'asm' or '__attribute__' before 'uint_least64_t'
/opt/arm-2011.09/bin/../lib/gcc/arm-none-eabi/4.6.1/../../../../arm-none-eabi/include/stdint.h:159:22: error: storage class specified for parameter 'int_fast8_t'
/opt/arm-2011.09/bin/../lib/gcc/arm-none-eabi/4.6.1/../../../../arm-none-eabi/include/stdint.h:160:24: error: storage class specified for parameter 'uint_fast8_t'
/opt/arm-2011.09/bin/../lib/gcc/arm-none-eabi/4.6.1/../../../../arm-none-eabi/include/stdint.h:165:22: error: storage class specified for parameter 'int_fast16_t'
/opt/arm-2011.09/bin/../lib/gcc/arm-none-eabi/4.6.1/../../../../arm-none-eabi/include/stdint.h:166:24: error: storage class specified for parameter 'uint_fast16_t'
/opt/arm-2011.09/bin/../lib/gcc/arm-none-eabi/4.6.1/../../../../arm-none-eabi/include/stdint.h:171:22: error: storage class specified for parameter 'int_fast32_t'
/opt/arm-2011.09/bin/../lib/gcc/arm-none-eabi/4.6.1/../../../../arm-none-eabi/include/stdint.h:172:24: error: storage class specified for parameter 'uint_fast32_t'
/opt/arm-2011.09/bin/../lib/gcc/arm-none-eabi/4.6.1/../../../../arm-none-eabi/include/stdint.h:213:3: error: unknown type name 'int_least64_t'
/opt/arm-2011.09/bin/../lib/gcc/arm-none-eabi/4.6.1/../../../../arm-none-eabi/include/stdint.h:213:25: error: storage class specified for parameter 'int_fast64_t'
/opt/arm-2011.09/bin/../lib/gcc/arm-none-eabi/4.6.1/../../../../arm-none-eabi/include/stdint.h:214:3: error: unknown type name 'uint_least64_t'
/opt/arm-2011.09/bin/../lib/gcc/arm-none-eabi/4.6.1/../../../../arm-none-eabi/include/stdint.h:214:26: error: storage class specified for parameter 'uint_fast64_t'
/opt/arm-2011.09/bin/../lib/gcc/arm-none-eabi/4.6.1/../../../../arm-none-eabi/include/stdint.h:222:27: error: storage class specified for parameter 'intmax_t'
/opt/arm-2011.09/bin/../lib/gcc/arm-none-eabi/4.6.1/../../../../arm-none-eabi/include/stdint.h:231:28: error: storage class specified for parameter 'uintmax_t'
/opt/arm-2011.09/bin/../lib/gcc/arm-none-eabi/4.6.1/../../../../arm-none-eabi/include/stdint.h:243:33: error: storage class specified for parameter 'intptr_t'
/opt/arm-2011.09/bin/../lib/gcc/arm-none-eabi/4.6.1/../../../../arm-none-eabi/include/stdint.h:244:35: error: storage class specified for parameter 'uintptr_t'
In file included from lib/Core/cmsis/core_cm4.h:144:0,
                 from lib/Core/stm32/stm32f4xx.h:245,
                 from inc/main.h:11,
                 from src/main.c:18:
lib/Core/cmsis/core_cmInstr.h:269:1: error: expected declaration specifiers before '__attribute__'
lib/Core/cmsis/core_cmInstr.h:280:1: error: expected declaration specifiers before '__attribute__'
lib/Core/cmsis/core_cmInstr.h:291:1: error: expected declaration specifiers before '__attribute__'
lib/Core/cmsis/core_cmInstr.h:301:1: error: expected declaration specifiers before '__attribute__'
lib/Core/cmsis/core_cmInstr.h:313:1: error: expected declaration specifiers before '__attribute__'
lib/Core/cmsis/core_cmInstr.h:324:1: error: expected declaration specifiers before '__attribute__'
lib/Core/cmsis/core_cmInstr.h:335:1: error: expected declaration specifiers before '__attribute__'
lib/Core/cmsis/core_cmInstr.h:348:1: error: expected declaration specifiers before '__attribute__'
lib/Core/cmsis/core_cmInstr.h:364:1: error: expected declaration specifiers before '__attribute__'
lib/Core/cmsis/core_cmInstr.h:380:1: error: expected declaration specifiers before '__attribute__'
lib/Core/cmsis/core_cmInstr.h:398:1: error: expected declaration specifiers before '__attribute__'
lib/Core/cmsis/core_cmInstr.h:414:1: error: expected declaration specifiers before '__attribute__'
lib/Core/cmsis/core_cmInstr.h:430:1: error: expected declaration specifiers before '__attribute__'
lib/Core/cmsis/core_cmInstr.h:446:1: error: expected declaration specifiers before '__attribute__'
lib/Core/cmsis/core_cmInstr.h:464:1: error: expected declaration specifiers before '__attribute__'
lib/Core/cmsis/core_cmInstr.h:482:1: error: expected declaration specifiers before '__attribute__'
lib/Core/cmsis/core_cmInstr.h:500:1: error: expected declaration specifiers before '__attribute__'
lib/Core/cmsis/core_cmInstr.h:514:1: error: expected declaration specifiers before '__attribute__'
lib/Core/cmsis/core_cmInstr.h:559:1: error: expected declaration specifiers before '__attribute__'
In file included from lib/Core/cmsis/core_cm4.h:145:0,
                 from lib/Core/stm32/stm32f4xx.h:245,
                 from inc/main.h:11,
                 from src/main.c:18:
lib/Core/cmsis/core_cmFunc.h:308:1: error: expected declaration specifiers before '__attribute__'
lib/Core/cmsis/core_cmFunc.h:319:1: error: expected declaration specifiers before '__attribute__'
lib/Core/cmsis/core_cmFunc.h:331:1: error: expected declaration specifiers before '__attribute__'
lib/Core/cmsis/core_cmFunc.h:346:1: error: expected declaration specifiers before '__attribute__'
lib/Core/cmsis/core_cmFunc.h:358:1: error: expected declaration specifiers before '__attribute__'
lib/Core/cmsis/core_cmFunc.h:373:1: error: expected declaration specifiers before '__attribute__'
lib/Core/cmsis/core_cmFunc.h:388:1: error: expected declaration specifiers before '__attribute__'
lib/Core/cmsis/core_cmFunc.h:403:1: error: expected declaration specifiers before '__attribute__'
lib/Core/cmsis/core_cmFunc.h:418:1: error: expected declaration specifiers before '__attribute__'
lib/Core/cmsis/core_cmFunc.h:430:1: error: expected declaration specifiers before '__attribute__'
lib/Core/cmsis/core_cmFunc.h:445:1: error: expected declaration specifiers before '__attribute__'
lib/Core/cmsis/core_cmFunc.h:457:1: error: expected declaration specifiers before '__attribute__'
lib/Core/cmsis/core_cmFunc.h:472:1: error: expected declaration specifiers before '__attribute__'
lib/Core/cmsis/core_cmFunc.h:485:1: error: expected declaration specifiers before '__attribute__'
lib/Core/cmsis/core_cmFunc.h:496:1: error: expected declaration specifiers before '__attribute__'
lib/Core/cmsis/core_cmFunc.h:508:1: error: expected declaration specifiers before '__attribute__'
lib/Core/cmsis/core_cmFunc.h:523:1: error: expected declaration specifiers before '__attribute__'
lib/Core/cmsis/core_cmFunc.h:535:1: error: expected declaration specifiers before '__attribute__'
lib/Core/cmsis/core_cmFunc.h:550:1: error: expected declaration specifiers before '__attribute__'
lib/Core/cmsis/core_cmFunc.h:566:1: error: expected declaration specifiers before '__attribute__'
lib/Core/cmsis/core_cmFunc.h:585:1: error: expected declaration specifiers before '__attribute__'
In file included from lib/Core/cmsis/core_cm4.h:146:0,
                 from lib/Core/stm32/stm32f4xx.h:245,
                 from inc/main.h:11,
                 from src/main.c:18:
lib/Core/cmsis/core_cm4_simd.h:194:1: error: expected declaration specifiers before '__attribute__'
lib/Core/cmsis/core_cm4_simd.h:202:1: error: expected declaration specifiers before '__attribute__'
lib/Core/cmsis/core_cm4_simd.h:210:1: error: expected declaration specifiers before '__attribute__'
lib/Core/cmsis/core_cm4_simd.h:218:1: error: expected declaration specifiers before '__attribute__'
lib/Core/cmsis/core_cm4_simd.h:226:1: error: expected declaration specifiers before '__attribute__'
lib/Core/cmsis/core_cm4_simd.h:234:1: error: expected declaration specifiers before '__attribute__'
lib/Core/cmsis/core_cm4_simd.h:243:1: error: expected declaration specifiers before '__attribute__'
lib/Core/cmsis/core_cm4_simd.h:251:1: error: expected declaration specifiers before '__attribute__'
lib/Core/cmsis/core_cm4_simd.h:259:1: error: expected declaration specifiers before '__attribute__'
lib/Core/cmsis/core_cm4_simd.h:267:1: error: expected declaration specifiers before '__attribute__'
lib/Core/cmsis/core_cm4_simd.h:275:1: error: expected declaration specifiers before '__attribute__'
lib/Core/cmsis/core_cm4_simd.h:283:1: error: expected declaration specifiers before '__attribute__'
lib/Core/cmsis/core_cm4_simd.h:292:1: error: expected declaration specifiers before '__attribute__'
lib/Core/cmsis/core_cm4_simd.h:300:1: error: expected declaration specifiers before '__attribute__'
lib/Core/cmsis/core_cm4_simd.h:308:1: error: expected declaration specifiers before '__attribute__'
lib/Core/cmsis/core_cm4_simd.h:316:1: error: expected declaration specifiers before '__attribute__'
lib/Core/cmsis/core_cm4_simd.h:324:1: error: expected declaration specifiers before '__attribute__'
lib/Core/cmsis/core_cm4_simd.h:332:1: error: expected declaration specifiers before '__attribute__'
lib/Core/cmsis/core_cm4_simd.h:340:1: error: expected declaration specifiers before '__attribute__'
lib/Core/cmsis/core_cm4_simd.h:348:1: error: expected declaration specifiers before '__attribute__'
lib/Core/cmsis/core_cm4_simd.h:356:1: error: expected declaration specifiers before '__attribute__'
lib/Core/cmsis/core_cm4_simd.h:364:1: error: expected declaration specifiers before '__attribute__'
lib/Core/cmsis/core_cm4_simd.h:372:1: error: expected declaration specifiers before '__attribute__'
lib/Core/cmsis/core_cm4_simd.h:380:1: error: expected declaration specifiers before '__attribute__'
lib/Core/cmsis/core_cm4_simd.h:388:1: error: expected declaration specifiers before '__attribute__'
lib/Core/cmsis/core_cm4_simd.h:396:1: error: expected declaration specifiers before '__attribute__'
lib/Core/cmsis/core_cm4_simd.h:404:1: error: expected declaration specifiers before '__attribute__'
lib/Core/cmsis/core_cm4_simd.h:412:1: error: expected declaration specifiers before '__attribute__'
lib/Core/cmsis/core_cm4_simd.h:420:1: error: expected declaration specifiers before '__attribute__'
lib/Core/cmsis/core_cm4_simd.h:428:1: error: expected declaration specifiers before '__attribute__'
lib/Core/cmsis/core_cm4_simd.h:436:1: error: expected declaration specifiers before '__attribute__'
lib/Core/cmsis/core_cm4_simd.h:444:1: error: expected declaration specifiers before '__attribute__'
lib/Core/cmsis/core_cm4_simd.h:452:1: error: expected declaration specifiers before '__attribute__'
lib/Core/cmsis/core_cm4_simd.h:460:1: error: expected declaration specifiers before '__attribute__'
lib/Core/cmsis/core_cm4_simd.h:468:1: error: expected declaration specifiers before '__attribute__'
lib/Core/cmsis/core_cm4_simd.h:476:1: error: expected declaration specifiers before '__attribute__'
lib/Core/cmsis/core_cm4_simd.h:484:1: error: expected declaration specifiers before '__attribute__'
lib/Core/cmsis/core_cm4_simd.h:492:1: error: expected declaration specifiers before '__attribute__'
lib/Core/cmsis/core_cm4_simd.h:514:1: error: expected declaration specifiers before '__attribute__'
lib/Core/cmsis/core_cm4_simd.h:522:1: error: expected declaration specifiers before '__attribute__'
lib/Core/cmsis/core_cm4_simd.h:530:1: error: expected declaration specifiers before '__attribute__'
lib/Core/cmsis/core_cm4_simd.h:538:1: error: expected declaration specifiers before '__attribute__'
lib/Core/cmsis/core_cm4_simd.h:546:1: error: expected declaration specifiers before '__attribute__'
lib/Core/cmsis/core_cm4_simd.h:554:1: error: expected declaration specifiers before '__attribute__'
lib/Core/cmsis/core_cm4_simd.h:562:1: error: expected declaration specifiers before '__attribute__'
lib/Core/cmsis/core_cm4_simd.h:570:1: error: expected declaration specifiers before '__attribute__'
In file included from lib/Core/cmsis/core_cm4.h:146:0,
                 from lib/Core/stm32/stm32f4xx.h:245,
                 from inc/main.h:11,
                 from src/main.c:18:
lib/Core/cmsis/core_cm4_simd.h:592:1: error: expected declaration specifiers before '__attribute__'
lib/Core/cmsis/core_cm4_simd.h:600:1: error: expected declaration specifiers before '__attribute__'
lib/Core/cmsis/core_cm4_simd.h:608:1: error: expected declaration specifiers before '__attribute__'
lib/Core/cmsis/core_cm4_simd.h:616:1: error: expected declaration specifiers before '__attribute__'
lib/Core/cmsis/core_cm4_simd.h:638:1: error: expected declaration specifiers before '__attribute__'
lib/Core/cmsis/core_cm4_simd.h:646:1: error: expected declaration specifiers before '__attribute__'
lib/Core/cmsis/core_cm4_simd.h:654:1: error: expected declaration specifiers before '__attribute__'
In file included from lib/Core/stm32/stm32f4xx.h:245:0,
                 from inc/main.h:11,
                 from src/main.c:18:
lib/Core/cmsis/core_cm4.h:225:5: error: expected specifier-qualifier-list before 'uint32_t'
lib/Core/cmsis/core_cm4.h:235:3: error: expected specifier-qualifier-list before 'uint32_t'
lib/Core/cmsis/core_cm4.h:236:3: error: storage class specified for parameter 'APSR_Type'
lib/Core/cmsis/core_cm4.h:245:5: error: expected specifier-qualifier-list before 'uint32_t'
lib/Core/cmsis/core_cm4.h:248:3: error: expected specifier-qualifier-list before 'uint32_t'
lib/Core/cmsis/core_cm4.h:249:3: error: storage class specified for parameter 'IPSR_Type'
lib/Core/cmsis/core_cm4.h:258:5: error: expected specifier-qualifier-list before 'uint32_t'
lib/Core/cmsis/core_cm4.h:274:3: error: expected specifier-qualifier-list before 'uint32_t'
lib/Core/cmsis/core_cm4.h:275:3: error: storage class specified for parameter 'xPSR_Type'
lib/Core/cmsis/core_cm4.h:284:5: error: expected specifier-qualifier-list before 'uint32_t'
lib/Core/cmsis/core_cm4.h:289:3: error: expected specifier-qualifier-list before 'uint32_t'
lib/Core/cmsis/core_cm4.h:290:3: error: storage class specified for parameter 'CONTROL_Type'
lib/Core/cmsis/core_cm4.h:305:17: error: expected ':', ',', ';', '}' or '__attribute__' before 'ISER'
lib/Core/cmsis/core_cm4.h:318:4: error: storage class specified for parameter 'NVIC_Type'
lib/Core/cmsis/core_cm4.h:337:17: error: expected ':', ',', ';', '}' or '__attribute__' before 'CPUID'
lib/Core/cmsis/core_cm4.h:358:3: error: storage class specified for parameter 'SCB_Type'
In file included from lib/Core/stm32/stm32f4xx.h:245:0,
                 from inc/main.h:11,
                 from src/main.c:18:
lib/Core/cmsis/core_cm4.h:554:8: error: expected specifier-qualifier-list before 'uint32_t'
lib/Core/cmsis/core_cm4.h:557:3: error: storage class specified for parameter 'SCnSCB_Type'
lib/Core/cmsis/core_cm4.h:592:17: error: expected ':', ',', ';', '}' or '__attribute__' before 'CTRL'
lib/Core/cmsis/core_cm4.h:596:3: error: storage class specified for parameter 'SysTick_Type'
lib/Core/cmsis/core_cm4.h:644:21: error: expected ':', ',', ';', '}' or '__attribute__' before 'u8'
lib/Core/cmsis/core_cm4.h:648:8: error: expected specifier-qualifier-list before 'uint32_t'
lib/Core/cmsis/core_cm4.h:654:3: error: storage class specified for parameter 'ITM_Type'
lib/Core/cmsis/core_cm4.h:702:17: error: expected ':', ',', ';', '}' or '__attribute__' before 'TYPE'
lib/Core/cmsis/core_cm4.h:713:3: error: storage class specified for parameter 'MPU_Type'
lib/Core/cmsis/core_cm4.h:777:8: error: expected specifier-qualifier-list before 'uint32_t'
lib/Core/cmsis/core_cm4.h:783:3: error: storage class specified for parameter 'FPU_Type'
lib/Core/cmsis/core_cm4.h:882:17: error: expected ':', ',', ';', '}' or '__attribute__' before 'DHCSR'
lib/Core/cmsis/core_cm4.h:886:3: error: storage class specified for parameter 'CoreDebug_Type'
lib/Core/cmsis/core_cm4.h:1037:47: error: expected declaration specifiers or '...' before 'uint32_t'
lib/Core/cmsis/core_cm4.h:1058:26: error: expected '=', ',', ';', 'asm' or '__attribute__' before 'NVIC_GetPriorityGrouping'
lib/Core/cmsis/core_cm4.h:1071:37: error: expected declaration specifiers or '...' before 'IRQn_Type'
lib/Core/cmsis/core_cm4.h:1085:38: error: expected declaration specifiers or '...' before 'IRQn_Type'
lib/Core/cmsis/core_cm4.h:1100:26: error: expected '=', ',', ';', 'asm' or '__attribute__' before 'NVIC_GetPendingIRQ'
lib/Core/cmsis/core_cm4.h:1113:41: error: expected declaration specifiers or '...' before 'IRQn_Type'
lib/Core/cmsis/core_cm4.h:1126:43: error: expected declaration specifiers or '...' before 'IRQn_Type'
lib/Core/cmsis/core_cm4.h:1139:26: error: expected '=', ',', ';', 'asm' or '__attribute__' before 'NVIC_GetActive'
lib/Core/cmsis/core_cm4.h:1156:39: error: expected declaration specifiers or '...' before 'IRQn_Type'
lib/Core/cmsis/core_cm4.h:1156:55: error: expected declaration specifiers or '...' before 'uint32_t'
lib/Core/cmsis/core_cm4.h:1177:26: error: expected '=', ',', ';', 'asm' or '__attribute__' before 'NVIC_GetPriority'
lib/Core/cmsis/core_cm4.h:1201:26: error: expected '=', ',', ';', 'asm' or '__attribute__' before 'NVIC_EncodePriority'
lib/Core/cmsis/core_cm4.h:1231:43: error: expected declaration specifiers or '...' before 'uint32_t'
lib/Core/cmsis/core_cm4.h:1231:62: error: expected declaration specifiers or '...' before 'uint32_t'
lib/Core/cmsis/core_cm4.h:1231:86: error: expected declaration specifiers or '...' before 'uint32_t'
lib/Core/cmsis/core_cm4.h:1231:114: error: expected declaration specifiers or '...' before 'uint32_t'
lib/Core/cmsis/core_cm4.h:1250:1: error: expected '=', ',', ';', 'asm' or '__attribute__' before '{' token
lib/Core/cmsis/core_cm4.h:1281:26: error: expected '=', ',', ';', 'asm' or '__attribute__' before 'SysTick_Config'
lib/Core/cmsis/core_cm4.h:1306:25: error: expected '=', ',', ';', 'asm' or '__attribute__' before 'ITM_RxBuffer'
lib/Core/cmsis/core_cm4.h:1319:26: error: expected '=', ',', ';', 'asm' or '__attribute__' before 'ITM_SendChar'
lib/Core/cmsis/core_cm4.h:1341:25: error: expected '=', ',', ';', 'asm' or '__attribute__' before 'ITM_ReceiveChar'
lib/Core/cmsis/core_cm4.h:1361:25: error: expected '=', ',', ';', 'asm' or '__attribute__' before 'ITM_CheckChar'
In file included from lib/Core/stm32/stm32f4xx.h:246:0,
                 from inc/main.h:11,
                 from src/main.c:18:
lib/Core/stm32/system_stm32f4xx.h:53:17: error: expected '=', ',', ';', 'asm' or '__attribute__' before 'SystemCoreClock'
lib/Core/stm32/system_stm32f4xx.h:80:13: error: storage class specified for parameter 'SystemInit'
lib/Core/stm32/system_stm32f4xx.h:81:13: error: storage class specified for parameter 'SystemCoreClockUpdate'
In file included from inc/main.h:11:0,
                 from src/main.c:18:
lib/Core/stm32/stm32f4xx.h:253:18: error: expected '=', ',', ';', 'asm' or '__attribute__' before 's32'
lib/Core/stm32/stm32f4xx.h:254:17: error: expected '=', ',', ';', 'asm' or '__attribute__' before 's16'
lib/Core/stm32/stm32f4xx.h:255:17: error: expected '=', ',', ';', 'asm' or '__attribute__' before 's8'
lib/Core/stm32/stm32f4xx.h:257:23: error: expected '=', ',', ';', 'asm' or '__attribute__' before 'sc32'
lib/Core/stm32/stm32f4xx.h:258:23: error: expected '=', ',', ';', 'asm' or '__attribute__' before 'sc16'
lib/Core/stm32/stm32f4xx.h:259:22: error: expected '=', ',', ';', 'asm' or '__attribute__' before 'sc8'
lib/Core/stm32/stm32f4xx.h:261:23: error: expected '=', ',', ';', 'asm' or '__attribute__' before 'vs32'
lib/Core/stm32/stm32f4xx.h:262:23: error: expected '=', ',', ';', 'asm' or '__attribute__' before 'vs16'
lib/Core/stm32/stm32f4xx.h:263:23: error: expected '=', ',', ';', 'asm' or '__attribute__' before 'vs8'
lib/Core/stm32/stm32f4xx.h:265:21: error: expected '=', ',', ';', 'asm' or '__attribute__' before 'vsc32'
lib/Core/stm32/stm32f4xx.h:266:21: error: expected '=', ',', ';', 'asm' or '__attribute__' before 'vsc16'
lib/Core/stm32/stm32f4xx.h:267:20: error: expected '=', ',', ';', 'asm' or '__attribute__' before 'vsc8'
lib/Core/stm32/stm32f4xx.h:269:19: error: expected '=', ',', ';', 'asm' or '__attribute__' before 'u32'
lib/Core/stm32/stm32f4xx.h:270:18: error: expected '=', ',', ';', 'asm' or '__attribute__' before 'u16'
lib/Core/stm32/stm32f4xx.h:271:18: error: expected '=', ',', ';', 'asm' or '__attribute__' before 'u8'
lib/Core/stm32/stm32f4xx.h:273:24: error: expected '=', ',', ';', 'asm' or '__attribute__' before 'uc32'
lib/Core/stm32/stm32f4xx.h:274:24: error: expected '=', ',', ';', 'asm' or '__attribute__' before 'uc16'
lib/Core/stm32/stm32f4xx.h:275:23: error: expected '=', ',', ';', 'asm' or '__attribute__' before 'uc8'
lib/Core/stm32/stm32f4xx.h:277:24: error: expected '=', ',', ';', 'asm' or '__attribute__' before 'vu32'
lib/Core/stm32/stm32f4xx.h:278:23: error: expected '=', ',', ';', 'asm' or '__attribute__' before 'vu16'
lib/Core/stm32/stm32f4xx.h:279:23: error: expected '=', ',', ';', 'asm' or '__attribute__' before 'vu8'
lib/Core/stm32/stm32f4xx.h:281:22: error: expected '=', ',', ';', 'asm' or '__attribute__' before 'vuc32'
lib/Core/stm32/stm32f4xx.h:282:22: error: expected '=', ',', ';', 'asm' or '__attribute__' before 'vuc16'
lib/Core/stm32/stm32f4xx.h:283:21: error: expected '=', ',', ';', 'asm' or '__attribute__' before 'vuc8'
lib/Core/stm32/stm32f4xx.h:285:40: error: storage class specified for parameter 'FlagStatus'
lib/Core/stm32/stm32f4xx.h:285:52: error: storage class specified for parameter 'ITStatus'
lib/Core/stm32/stm32f4xx.h:287:47: error: storage class specified for parameter 'FunctionalState'
lib/Core/stm32/stm32f4xx.h:290:44: error: storage class specified for parameter 'ErrorStatus'
lib/Core/stm32/stm32f4xx.h:306:17: error: expected ':', ',', ';', '}' or '__attribute__' before 'SR'
lib/Core/stm32/stm32f4xx.h:326:3: error: storage class specified for parameter 'ADC_TypeDef'
lib/Core/stm32/stm32f4xx.h:330:17: error: expected ':', ',', ';', '}' or '__attribute__' before 'CSR'
lib/Core/stm32/stm32f4xx.h:334:3: error: storage class specified for parameter 'ADC_Common_TypeDef'
lib/Core/stm32/stm32f4xx.h:343:17: error: expected ':', ',', ';', '}' or '__attribute__' before 'TIR'
lib/Core/stm32/stm32f4xx.h:347:3: error: storage class specified for parameter 'CAN_TxMailBox_TypeDef'
lib/Core/stm32/stm32f4xx.h:355:17: error: expected ':', ',', ';', '}' or '__attribute__' before 'RIR'
lib/Core/stm32/stm32f4xx.h:359:3: error: storage class specified for parameter 'CAN_FIFOMailBox_TypeDef'
lib/Core/stm32/stm32f4xx.h:367:17: error: expected ':', ',', ';', '}' or '__attribute__' before 'FR1'
lib/Core/stm32/stm32f4xx.h:369:3: error: storage class specified for parameter 'CAN_FilterRegister_TypeDef'
lib/Core/stm32/stm32f4xx.h:377:30: error: expected ':', ',', ';', '}' or '__attribute__' before 'MCR'
lib/Core/stm32/stm32f4xx.h:399:3: error: storage class specified for parameter 'CAN_TypeDef'
lib/Core/stm32/stm32f4xx.h:407:17: error: expected ':', ',', ';', '}' or '__attribute__' before 'DR'
lib/Core/stm32/stm32f4xx.h:412:3: error: storage class specified for parameter 'CRC_TypeDef'
lib/Core/stm32/stm32f4xx.h:420:17: error: expected ':', ',', ';', '}' or '__attribute__' before 'CR'
lib/Core/stm32/stm32f4xx.h:434:3: error: storage class specified for parameter 'DAC_TypeDef'
lib/Core/stm32/stm32f4xx.h:442:17: error: expected ':', ',', ';', '}' or '__attribute__' before 'IDCODE'
lib/Core/stm32/stm32f4xx.h:446:2: error: storage class specified for parameter 'DBGMCU_TypeDef'
lib/Core/stm32/stm32f4xx.h:454:17: error: expected ':', ',', ';', '}' or '__attribute__' before 'CR'
lib/Core/stm32/stm32f4xx.h:465:3: error: storage class specified for parameter 'DCMI_TypeDef'
lib/Core/stm32/stm32f4xx.h:473:17: error: expected ':', ',', ';', '}' or '__attribute__' before 'CR'
lib/Core/stm32/stm32f4xx.h:479:3: error: storage class specified for parameter 'DMA_Stream_TypeDef'
lib/Core/stm32/stm32f4xx.h:483:17: error: expected ':', ',', ';', '}' or '__attribute__' before 'LISR'
lib/Core/stm32/stm32f4xx.h:487:3: error: storage class specified for parameter 'DMA_TypeDef'
lib/Core/stm32/stm32f4xx.h:495:17: error: expected ':', ',', ';', '}' or '__attribute__' before 'MACCR'
lib/Core/stm32/stm32f4xx.h:561:3: error: storage class specified for parameter 'ETH_TypeDef'
lib/Core/stm32/stm32f4xx.h:569:17: error: expected ':', ',', ';', '}' or '__attribute__' before 'IMR'
lib/Core/stm32/stm32f4xx.h:575:3: error: storage class specified for parameter 'EXTI_TypeDef'
lib/Core/stm32/stm32f4xx.h:583:17: error: expected ':', ',', ';', '}' or '__attribute__' before 'ACR'
lib/Core/stm32/stm32f4xx.h:589:3: error: storage class specified for parameter 'FLASH_TypeDef'
lib/Core/stm32/stm32f4xx.h:597:17: error: expected ':', ',', ';', '}' or '__attribute__' before 'BTCR'
In file included from inc/main.h:11:0,
                 from src/main.c:18:
lib/Core/stm32/stm32f4xx.h:598:3: error: storage class specified for parameter 'FSMC_Bank1_TypeDef'
lib/Core/stm32/stm32f4xx.h:606:17: error: expected ':', ',', ';', '}' or '__attribute__' before 'BWTR'
lib/Core/stm32/stm32f4xx.h:607:3: error: storage class specified for parameter 'FSMC_Bank1E_TypeDef'
lib/Core/stm32/stm32f4xx.h:615:17: error: expected ':', ',', ';', '}' or '__attribute__' before 'PCR2'
lib/Core/stm32/stm32f4xx.h:621:3: error: storage class specified for parameter 'FSMC_Bank2_TypeDef'
lib/Core/stm32/stm32f4xx.h:629:17: error: expected ':', ',', ';', '}' or '__attribute__' before 'PCR3'
lib/Core/stm32/stm32f4xx.h:635:3: error: storage class specified for parameter 'FSMC_Bank3_TypeDef'
lib/Core/stm32/stm32f4xx.h:643:17: error: expected ':', ',', ';', '}' or '__attribute__' before 'PCR4'
lib/Core/stm32/stm32f4xx.h:648:3: error: storage class specified for parameter 'FSMC_Bank4_TypeDef'
lib/Core/stm32/stm32f4xx.h:656:17: error: expected ':', ',', ';', '}' or '__attribute__' before 'MODER'
lib/Core/stm32/stm32f4xx.h:666:3: error: storage class specified for parameter 'GPIO_TypeDef'
lib/Core/stm32/stm32f4xx.h:674:17: error: expected ':', ',', ';', '}' or '__attribute__' before 'MEMRMP'
lib/Core/stm32/stm32f4xx.h:679:3: error: storage class specified for parameter 'SYSCFG_TypeDef'
lib/Core/stm32/stm32f4xx.h:687:17: error: expected ':', ',', ';', '}' or '__attribute__' before 'CR1'
lib/Core/stm32/stm32f4xx.h:705:3: error: storage class specified for parameter 'I2C_TypeDef'
lib/Core/stm32/stm32f4xx.h:713:17: error: expected ':', ',', ';', '}' or '__attribute__' before 'KR'
lib/Core/stm32/stm32f4xx.h:717:3: error: storage class specified for parameter 'IWDG_TypeDef'
lib/Core/stm32/stm32f4xx.h:725:17: error: expected ':', ',', ';', '}' or '__attribute__' before 'CR'
lib/Core/stm32/stm32f4xx.h:727:3: error: storage class specified for parameter 'PWR_TypeDef'
lib/Core/stm32/stm32f4xx.h:735:17: error: expected ':', ',', ';', '}' or '__attribute__' before 'CR'
lib/Core/stm32/stm32f4xx.h:765:3: error: storage class specified for parameter 'RCC_TypeDef'
lib/Core/stm32/stm32f4xx.h:773:17: error: expected ':', ',', ';', '}' or '__attribute__' before 'TR'
lib/Core/stm32/stm32f4xx.h:813:3: error: storage class specified for parameter 'RTC_TypeDef'
lib/Core/stm32/stm32f4xx.h:821:17: error: expected ':', ',', ';', '}' or '__attribute__' before 'POWER'
lib/Core/stm32/stm32f4xx.h:841:3: error: storage class specified for parameter 'SDIO_TypeDef'
lib/Core/stm32/stm32f4xx.h:849:17: error: expected ':', ',', ';', '}' or '__attribute__' before 'CR1'
lib/Core/stm32/stm32f4xx.h:867:3: error: storage class specified for parameter 'SPI_TypeDef'
lib/Core/stm32/stm32f4xx.h:875:17: error: expected ':', ',', ';', '}' or '__attribute__' before 'CR1'
lib/Core/stm32/stm32f4xx.h:911:3: error: storage class specified for parameter 'TIM_TypeDef'
lib/Core/stm32/stm32f4xx.h:919:17: error: expected ':', ',', ';', '}' or '__attribute__' before 'SR'
lib/Core/stm32/stm32f4xx.h:933:3: error: storage class specified for parameter 'USART_TypeDef'
lib/Core/stm32/stm32f4xx.h:941:17: error: expected ':', ',', ';', '}' or '__attribute__' before 'CR'
lib/Core/stm32/stm32f4xx.h:944:3: error: storage class specified for parameter 'WWDG_TypeDef'
lib/Core/stm32/stm32f4xx.h:952:17: error: expected ':', ',', ';', '}' or '__attribute__' before 'CR'
lib/Core/stm32/stm32f4xx.h:972:3: error: storage class specified for parameter 'CRYP_TypeDef'
lib/Core/stm32/stm32f4xx.h:980:17: error: expected ':', ',', ';', '}' or '__attribute__' before 'CR'
lib/Core/stm32/stm32f4xx.h:988:3: error: storage class specified for parameter 'HASH_TypeDef'
lib/Core/stm32/stm32f4xx.h:996:17: error: expected ':', ',', ';', '}' or '__attribute__' before 'CR'
lib/Core/stm32/stm32f4xx.h:999:3: error: storage class specified for parameter 'RNG_TypeDef'
In file included from /opt/arm-2011.09/bin/../lib/gcc/arm-none-eabi/4.6.1/../../../../arm-none-eabi/include/stdio.h:37:0,
                 from inc/main.h:12,
                 from src/main.c:18:
/opt/arm-2011.09/bin/../lib/gcc/arm-none-eabi/4.6.1/include/stdarg.h:40:27: error: storage class specified for parameter '__gnuc_va_list'
In file included from /opt/arm-2011.09/bin/../lib/gcc/arm-none-eabi/4.6.1/../../../../arm-none-eabi/include/sys/types.h:69:0,
                 from /opt/arm-2011.09/bin/../lib/gcc/arm-none-eabi/4.6.1/../../../../arm-none-eabi/include/stdio.h:46,
                 from inc/main.h:12,
                 from src/main.c:18:
/opt/arm-2011.09/bin/../lib/gcc/arm-none-eabi/4.6.1/include/stddef.h:150:26: error: storage class specified for parameter 'ptrdiff_t'
/opt/arm-2011.09/bin/../lib/gcc/arm-none-eabi/4.6.1/include/stddef.h:324:24: error: storage class specified for parameter 'wchar_t'
In file included from /opt/arm-2011.09/bin/../lib/gcc/arm-none-eabi/4.6.1/../../../../arm-none-eabi/include/sys/types.h:70:0,
                 from /opt/arm-2011.09/bin/../lib/gcc/arm-none-eabi/4.6.1/../../../../arm-none-eabi/include/stdio.h:46,
                 from inc/main.h:12,
                 from src/main.c:18:
/opt/arm-2011.09/bin/../lib/gcc/arm-none-eabi/4.6.1/../../../../arm-none-eabi/include/machine/types.h:19:18: error: storage class specified for parameter '__off_t'
/opt/arm-2011.09/bin/../lib/gcc/arm-none-eabi/4.6.1/../../../../arm-none-eabi/include/machine/types.h:20:13: error: storage class specified for parameter '__pid_t'
/opt/arm-2011.09/bin/../lib/gcc/arm-none-eabi/4.6.1/../../../../arm-none-eabi/include/machine/types.h:22:1: error: expected declaration specifiers before '__extension__'
In file included from /opt/arm-2011.09/bin/../lib/gcc/arm-none-eabi/4.6.1/../../../../arm-none-eabi/include/stdio.h:46:0,
                 from inc/main.h:12,
                 from src/main.c:18:
/opt/arm-2011.09/bin/../lib/gcc/arm-none-eabi/4.6.1/../../../../arm-none-eabi/include/sys/types.h:92:23: error: storage class specified for parameter 'u_char'
/opt/arm-2011.09/bin/../lib/gcc/arm-none-eabi/4.6.1/../../../../arm-none-eabi/include/sys/types.h:93:24: error: storage class specified for parameter 'u_short'
/opt/arm-2011.09/bin/../lib/gcc/arm-none-eabi/4.6.1/../../../../arm-none-eabi/include/sys/types.h:94:22: error: storage class specified for parameter 'u_int'
/opt/arm-2011.09/bin/../lib/gcc/arm-none-eabi/4.6.1/../../../../arm-none-eabi/include/sys/types.h:95:23: error: storage class specified for parameter 'u_long'
/opt/arm-2011.09/bin/../lib/gcc/arm-none-eabi/4.6.1/../../../../arm-none-eabi/include/sys/types.h:99:24: error: storage class specified for parameter 'ushort'
/opt/arm-2011.09/bin/../lib/gcc/arm-none-eabi/4.6.1/../../../../arm-none-eabi/include/sys/types.h:100:22: error: storage class specified for parameter 'uint'
/opt/arm-2011.09/bin/../lib/gcc/arm-none-eabi/4.6.1/../../../../arm-none-eabi/include/sys/types.h:104:19: error: storage class specified for parameter 'clock_t'
/opt/arm-2011.09/bin/../lib/gcc/arm-none-eabi/4.6.1/../../../../arm-none-eabi/include/sys/types.h:109:18: error: storage class specified for parameter 'time_t'
/opt/arm-2011.09/bin/../lib/gcc/arm-none-eabi/4.6.1/../../../../arm-none-eabi/include/sys/types.h:115:3: error: expected specifier-qualifier-list before 'time_t'
/opt/arm-2011.09/bin/../lib/gcc/arm-none-eabi/4.6.1/../../../../arm-none-eabi/include/sys/types.h:125:14: error: storage class specified for parameter 'daddr_t'
/opt/arm-2011.09/bin/../lib/gcc/arm-none-eabi/4.6.1/../../../../arm-none-eabi/include/sys/types.h:126:16: error: storage class specified for parameter 'caddr_t'
/opt/arm-2011.09/bin/../lib/gcc/arm-none-eabi/4.6.1/../../../../arm-none-eabi/include/sys/types.h:133:24: error: storage class specified for parameter 'ino_t'
/opt/arm-2011.09/bin/../lib/gcc/arm-none-eabi/4.6.1/../../../../arm-none-eabi/include/sys/types.h:162:16: error: storage class specified for parameter 'off_t'
/opt/arm-2011.09/bin/../lib/gcc/arm-none-eabi/4.6.1/../../../../arm-none-eabi/include/sys/types.h:163:17: error: storage class specified for parameter 'dev_t'
/opt/arm-2011.09/bin/../lib/gcc/arm-none-eabi/4.6.1/../../../../arm-none-eabi/include/sys/types.h:164:17: error: storage class specified for parameter 'uid_t'
/opt/arm-2011.09/bin/../lib/gcc/arm-none-eabi/4.6.1/../../../../arm-none-eabi/include/sys/types.h:165:17: error: storage class specified for parameter 'gid_t'
/opt/arm-2011.09/bin/../lib/gcc/arm-none-eabi/4.6.1/../../../../arm-none-eabi/include/sys/types.h:171:13: error: storage class specified for parameter 'pid_t'
/opt/arm-2011.09/bin/../lib/gcc/arm-none-eabi/4.6.1/../../../../arm-none-eabi/include/sys/types.h:175:14: error: storage class specified for parameter 'key_t'
/opt/arm-2011.09/bin/../lib/gcc/arm-none-eabi/4.6.1/../../../../arm-none-eabi/include/sys/types.h:177:18: error: storage class specified for parameter 'ssize_t'
/opt/arm-2011.09/bin/../lib/gcc/arm-none-eabi/4.6.1/../../../../arm-none-eabi/include/sys/types.h:191:22: error: storage class specified for parameter 'mode_t'
/opt/arm-2011.09/bin/../lib/gcc/arm-none-eabi/4.6.1/../../../../arm-none-eabi/include/sys/types.h:196:24: error: storage class specified for parameter 'nlink_t'
/opt/arm-2011.09/bin/../lib/gcc/arm-none-eabi/4.6.1/../../../../arm-none-eabi/include/sys/types.h:218:14: error: storage class specified for parameter 'fd_mask'
/opt/arm-2011.09/bin/../lib/gcc/arm-none-eabi/4.6.1/../../../../arm-none-eabi/include/sys/types.h:227:2: error: expected specifier-qualifier-list before 'fd_mask'
/opt/arm-2011.09/bin/../lib/gcc/arm-none-eabi/4.6.1/../../../../arm-none-eabi/include/sys/types.h:228:3: error: storage class specified for parameter '_types_fd_set'
/opt/arm-2011.09/bin/../lib/gcc/arm-none-eabi/4.6.1/../../../../arm-none-eabi/include/sys/types.h:249:21: error: storage class specified for parameter 'clockid_t'
/opt/arm-2011.09/bin/../lib/gcc/arm-none-eabi/4.6.1/../../../../arm-none-eabi/include/sys/types.h:254:19: error: storage class specified for parameter 'timer_t'
/opt/arm-2011.09/bin/../lib/gcc/arm-none-eabi/4.6.1/../../../../arm-none-eabi/include/sys/types.h:258:23: error: storage class specified for parameter 'useconds_t'
/opt/arm-2011.09/bin/../lib/gcc/arm-none-eabi/4.6.1/../../../../arm-none-eabi/include/sys/types.h:259:14: error: storage class specified for parameter 'suseconds_t'
In file included from inc/main.h:12:0,
                 from src/main.c:18:
/opt/arm-2011.09/bin/../lib/gcc/arm-none-eabi/4.6.1/../../../../arm-none-eabi/include/stdio.h:50:16: error: storage class specified for parameter 'FILE'
/opt/arm-2011.09/bin/../lib/gcc/arm-none-eabi/4.6.1/../../../../arm-none-eabi/include/stdio.h:55:17: error: storage class specified for parameter 'fpos_t'
In file included from inc/main.h:12:0,
                 from src/main.c:18:
/opt/arm-2011.09/bin/../lib/gcc/arm-none-eabi/4.6.1/../../../../arm-none-eabi/include/stdio.h:208:1: error: expected declaration specifiers before 'FILE'
/opt/arm-2011.09/bin/../lib/gcc/arm-none-eabi/4.6.1/../../../../arm-none-eabi/include/stdio.h:210:5: error: expected declaration specifiers or '...' before 'FILE'
/opt/arm-2011.09/bin/../lib/gcc/arm-none-eabi/4.6.1/../../../../arm-none-eabi/include/stdio.h:211:5: error: expected declaration specifiers or '...' before 'FILE'
/opt/arm-2011.09/bin/../lib/gcc/arm-none-eabi/4.6.1/../../../../arm-none-eabi/include/stdio.h:212:1: error: expected declaration specifiers before 'FILE'
/opt/arm-2011.09/bin/../lib/gcc/arm-none-eabi/4.6.1/../../../../arm-none-eabi/include/stdio.h:213:6: error: expected declaration specifiers or '...' before 'FILE'
/opt/arm-2011.09/bin/../lib/gcc/arm-none-eabi/4.6.1/../../../../arm-none-eabi/include/stdio.h:214:5: error: expected declaration specifiers or '...' before 'FILE'
/opt/arm-2011.09/bin/../lib/gcc/arm-none-eabi/4.6.1/../../../../arm-none-eabi/include/stdio.h:215:5: error: expected declaration specifiers or '...' before 'FILE'
/opt/arm-2011.09/bin/../lib/gcc/arm-none-eabi/4.6.1/../../../../arm-none-eabi/include/stdio.h:217:5: error: expected declaration specifiers or '...' before 'FILE'
/opt/arm-2011.09/bin/../lib/gcc/arm-none-eabi/4.6.1/../../../../arm-none-eabi/include/stdio.h:225:5: error: expected declaration specifiers or '...' before 'FILE'
/opt/arm-2011.09/bin/../lib/gcc/arm-none-eabi/4.6.1/../../../../arm-none-eabi/include/stdio.h:225:5: error: expected declaration specifiers or '...' before '__gnuc_va_list'
/opt/arm-2011.09/bin/../lib/gcc/arm-none-eabi/4.6.1/../../../../arm-none-eabi/include/stdio.h:227:5: error: expected declaration specifiers or '...' before '__gnuc_va_list'
/opt/arm-2011.09/bin/../lib/gcc/arm-none-eabi/4.6.1/../../../../arm-none-eabi/include/stdio.h:229:5: error: expected declaration specifiers or '...' before '__gnuc_va_list'
/opt/arm-2011.09/bin/../lib/gcc/arm-none-eabi/4.6.1/../../../../arm-none-eabi/include/stdio.h:231:5: error: expected declaration specifiers or '...' before 'FILE'
/opt/arm-2011.09/bin/../lib/gcc/arm-none-eabi/4.6.1/../../../../arm-none-eabi/include/stdio.h:232:9: error: expected declaration specifiers or '...' before 'FILE'
/opt/arm-2011.09/bin/../lib/gcc/arm-none-eabi/4.6.1/../../../../arm-none-eabi/include/stdio.h:233:5: error: expected declaration specifiers or '...' before 'FILE'
/opt/arm-2011.09/bin/../lib/gcc/arm-none-eabi/4.6.1/../../../../arm-none-eabi/include/stdio.h:234:5: error: expected declaration specifiers or '...' before 'FILE'
/opt/arm-2011.09/bin/../lib/gcc/arm-none-eabi/4.6.1/../../../../arm-none-eabi/include/stdio.h:235:5: error: expected declaration specifiers or '...' before 'FILE'
/opt/arm-2011.09/bin/../lib/gcc/arm-none-eabi/4.6.1/../../../../arm-none-eabi/include/stdio.h:238:5: error: expected declaration specifiers or '...' before 'FILE'
/opt/arm-2011.09/bin/../lib/gcc/arm-none-eabi/4.6.1/../../../../arm-none-eabi/include/stdio.h:241:5: error: expected declaration specifiers or '...' before 'FILE'
/opt/arm-2011.09/bin/../lib/gcc/arm-none-eabi/4.6.1/../../../../arm-none-eabi/include/stdio.h:242:8: error: expected declaration specifiers or '...' before 'FILE'
/opt/arm-2011.09/bin/../lib/gcc/arm-none-eabi/4.6.1/../../../../arm-none-eabi/include/stdio.h:243:8: error: expected declaration specifiers or '...' before 'FILE'
/opt/arm-2011.09/bin/../lib/gcc/arm-none-eabi/4.6.1/../../../../arm-none-eabi/include/stdio.h:249:5: error: expected declaration specifiers or '...' before 'FILE'
/opt/arm-2011.09/bin/../lib/gcc/arm-none-eabi/4.6.1/../../../../arm-none-eabi/include/stdio.h:249:5: error: expected declaration specifiers or '...' before 'fpos_t'
/opt/arm-2011.09/bin/../lib/gcc/arm-none-eabi/4.6.1/../../../../arm-none-eabi/include/stdio.h:250:5: error: expected declaration specifiers or '...' before 'FILE'
/opt/arm-2011.09/bin/../lib/gcc/arm-none-eabi/4.6.1/../../../../arm-none-eabi/include/stdio.h:250:5: error: expected ';', ',' or ')' before '*' token
/opt/arm-2011.09/bin/../lib/gcc/arm-none-eabi/4.6.1/../../../../arm-none-eabi/include/stdio.h:253:5: error: expected declaration specifiers or '...' before 'FILE'
/opt/arm-2011.09/bin/../lib/gcc/arm-none-eabi/4.6.1/../../../../arm-none-eabi/include/stdio.h:254:6: error: expected declaration specifiers or '...' before 'FILE'
/opt/arm-2011.09/bin/../lib/gcc/arm-none-eabi/4.6.1/../../../../arm-none-eabi/include/stdio.h:255:6: error: expected declaration specifiers or '...' before 'FILE'
/opt/arm-2011.09/bin/../lib/gcc/arm-none-eabi/4.6.1/../../../../arm-none-eabi/include/stdio.h:256:6: error: expected declaration specifiers or '...' before 'FILE'
/opt/arm-2011.09/bin/../lib/gcc/arm-none-eabi/4.6.1/../../../../arm-none-eabi/include/stdio.h:257:5: error: expected declaration specifiers or '...' before 'FILE'
/opt/arm-2011.09/bin/../lib/gcc/arm-none-eabi/4.6.1/../../../../arm-none-eabi/include/stdio.h:258:5: error: expected declaration specifiers or '...' before 'FILE'
/opt/arm-2011.09/bin/../lib/gcc/arm-none-eabi/4.6.1/../../../../arm-none-eabi/include/stdio.h:261:1: error: expected declaration specifiers before 'FILE'
/opt/arm-2011.09/bin/../lib/gcc/arm-none-eabi/4.6.1/../../../../arm-none-eabi/include/stdio.h:273:5: error: expected declaration specifiers or '...' before 'FILE'
/opt/arm-2011.09/bin/../lib/gcc/arm-none-eabi/4.6.1/../../../../arm-none-eabi/include/stdio.h:273:5: error: expected declaration specifiers or '...' before 'off_t'
/opt/arm-2011.09/bin/../lib/gcc/arm-none-eabi/4.6.1/../../../../arm-none-eabi/include/stdio.h:274:1: error: expected declaration specifiers before 'off_t'
/opt/arm-2011.09/bin/../lib/gcc/arm-none-eabi/4.6.1/../../../../arm-none-eabi/include/stdio.h:293:5: error: expected declaration specifiers or '...' before 'FILE'
/opt/arm-2011.09/bin/../lib/gcc/arm-none-eabi/4.6.1/../../../../arm-none-eabi/include/stdio.h:295:5: error: expected declaration specifiers or '...' before 'FILE'
/opt/arm-2011.09/bin/../lib/gcc/arm-none-eabi/4.6.1/../../../../arm-none-eabi/include/stdio.h:310:5: error: expected declaration specifiers or '...' before '__gnuc_va_list'
/opt/arm-2011.09/bin/../lib/gcc/arm-none-eabi/4.6.1/../../../../arm-none-eabi/include/stdio.h:312:8: error: expected declaration specifiers or '...' before '__gnuc_va_list'
/opt/arm-2011.09/bin/../lib/gcc/arm-none-eabi/4.6.1/../../../../arm-none-eabi/include/stdio.h:314:8: error: expected declaration specifiers or '...' before '__gnuc_va_list'
/opt/arm-2011.09/bin/../lib/gcc/arm-none-eabi/4.6.1/../../../../arm-none-eabi/include/stdio.h:316:5: error: expected declaration specifiers or '...' before '__gnuc_va_list'
/opt/arm-2011.09/bin/../lib/gcc/arm-none-eabi/4.6.1/../../../../arm-none-eabi/include/stdio.h:318:5: error: expected declaration specifiers or '...' before '__gnuc_va_list'
/opt/arm-2011.09/bin/../lib/gcc/arm-none-eabi/4.6.1/../../../../arm-none-eabi/include/stdio.h:320:5: error: expected declaration specifiers or '...' before 'FILE'
/opt/arm-2011.09/bin/../lib/gcc/arm-none-eabi/4.6.1/../../../../arm-none-eabi/include/stdio.h:320:5: error: expected declaration specifiers or '...' before '__gnuc_va_list'
/opt/arm-2011.09/bin/../lib/gcc/arm-none-eabi/4.6.1/../../../../arm-none-eabi/include/stdio.h:322:5: error: expected declaration specifiers or '...' before 'FILE'
/opt/arm-2011.09/bin/../lib/gcc/arm-none-eabi/4.6.1/../../../../arm-none-eabi/include/stdio.h:322:5: error: expected declaration specifiers or '...' before '__gnuc_va_list'
/opt/arm-2011.09/bin/../lib/gcc/arm-none-eabi/4.6.1/../../../../arm-none-eabi/include/stdio.h:324:5: error: expected declaration specifiers or '...' before 'FILE'
/opt/arm-2011.09/bin/../lib/gcc/arm-none-eabi/4.6.1/../../../../arm-none-eabi/include/stdio.h:324:5: error: expected declaration specifiers or '...' before '__gnuc_va_list'
/opt/arm-2011.09/bin/../lib/gcc/arm-none-eabi/4.6.1/../../../../arm-none-eabi/include/stdio.h:326:5: error: expected declaration specifiers or '...' before '__gnuc_va_list'
/opt/arm-2011.09/bin/../lib/gcc/arm-none-eabi/4.6.1/../../../../arm-none-eabi/include/stdio.h:328:5: error: expected declaration specifiers or '...' before '__gnuc_va_list'
/opt/arm-2011.09/bin/../lib/gcc/arm-none-eabi/4.6.1/../../../../arm-none-eabi/include/stdio.h:330:5: error: expected declaration specifiers or '...' before '__gnuc_va_list'
/opt/arm-2011.09/bin/../lib/gcc/arm-none-eabi/4.6.1/../../../../arm-none-eabi/include/stdio.h:332:5: error: expected declaration specifiers or '...' before '__gnuc_va_list'
/opt/arm-2011.09/bin/../lib/gcc/arm-none-eabi/4.6.1/../../../../arm-none-eabi/include/stdio.h:334:5: error: expected declaration specifiers or '...' before '__gnuc_va_list'
/opt/arm-2011.09/bin/../lib/gcc/arm-none-eabi/4.6.1/../../../../arm-none-eabi/include/stdio.h:336:5: error: expected declaration specifiers or '...' before '__gnuc_va_list'
/opt/arm-2011.09/bin/../lib/gcc/arm-none-eabi/4.6.1/../../../../arm-none-eabi/include/stdio.h:338:5: error: expected declaration specifiers or '...' before '__gnuc_va_list'
/opt/arm-2011.09/bin/../lib/gcc/arm-none-eabi/4.6.1/../../../../arm-none-eabi/include/stdio.h:340:5: error: expected declaration specifiers or '...' before '__gnuc_va_list'
/opt/arm-2011.09/bin/../lib/gcc/arm-none-eabi/4.6.1/../../../../arm-none-eabi/include/stdio.h:351:1: error: expected declaration specifiers before 'FILE'
/opt/arm-2011.09/bin/../lib/gcc/arm-none-eabi/4.6.1/../../../../arm-none-eabi/include/stdio.h:353:5: error: expected declaration specifiers or '...' before 'FILE'
/opt/arm-2011.09/bin/../lib/gcc/arm-none-eabi/4.6.1/../../../../arm-none-eabi/include/stdio.h:354:5: error: expected declaration specifiers or '...' before 'FILE'
/opt/arm-2011.09/bin/../lib/gcc/arm-none-eabi/4.6.1/../../../../arm-none-eabi/include/stdio.h:355:5: error: expected declaration specifiers or '...' before 'FILE'
/opt/arm-2011.09/bin/../lib/gcc/arm-none-eabi/4.6.1/../../../../arm-none-eabi/include/stdio.h:356:1: error: expected declaration specifiers before 'FILE'
/opt/arm-2011.09/bin/../lib/gcc/arm-none-eabi/4.6.1/../../../../arm-none-eabi/include/stdio.h:357:5: error: expected declaration specifiers or '...' before 'FILE'
/opt/arm-2011.09/bin/../lib/gcc/arm-none-eabi/4.6.1/../../../../arm-none-eabi/include/stdio.h:358:9: error: expected declaration specifiers or '...' before 'FILE'
/opt/arm-2011.09/bin/../lib/gcc/arm-none-eabi/4.6.1/../../../../arm-none-eabi/include/stdio.h:359:5: error: expected declaration specifiers or '...' before 'FILE'
/opt/arm-2011.09/bin/../lib/gcc/arm-none-eabi/4.6.1/../../../../arm-none-eabi/include/stdio.h:360:5: error: expected declaration specifiers or '...' before 'FILE'
/opt/arm-2011.09/bin/../lib/gcc/arm-none-eabi/4.6.1/../../../../arm-none-eabi/include/stdio.h:362:6: error: expected declaration specifiers or '...' before 'FILE'
/opt/arm-2011.09/bin/../lib/gcc/arm-none-eabi/4.6.1/../../../../arm-none-eabi/include/stdio.h:363:5: error: expected declaration specifiers or '...' before 'FILE'
/opt/arm-2011.09/bin/../lib/gcc/arm-none-eabi/4.6.1/../../../../arm-none-eabi/include/stdio.h:364:6: error: expected declaration specifiers or '...' before 'FILE'
/opt/arm-2011.09/bin/../lib/gcc/arm-none-eabi/4.6.1/../../../../arm-none-eabi/include/stdio.h:365:5: error: expected declaration specifiers or '...' before 'FILE'
/opt/arm-2011.09/bin/../lib/gcc/arm-none-eabi/4.6.1/../../../../arm-none-eabi/include/stdio.h:379:1: error: expected declaration specifiers before 'FILE'
/opt/arm-2011.09/bin/../lib/gcc/arm-none-eabi/4.6.1/../../../../arm-none-eabi/include/stdio.h:382:1: error: expected declaration specifiers before 'FILE'
/opt/arm-2011.09/bin/../lib/gcc/arm-none-eabi/4.6.1/../../../../arm-none-eabi/include/stdio.h:386:5: error: expected declaration specifiers or '...' before '__gnuc_va_list'
/opt/arm-2011.09/bin/../lib/gcc/arm-none-eabi/4.6.1/../../../../arm-none-eabi/include/stdio.h:407:5: error: expected declaration specifiers or '...' before 'FILE'
/opt/arm-2011.09/bin/../lib/gcc/arm-none-eabi/4.6.1/../../../../arm-none-eabi/include/stdio.h:409:1: error: expected declaration specifiers before 'FILE'
/opt/arm-2011.09/bin/../lib/gcc/arm-none-eabi/4.6.1/../../../../arm-none-eabi/include/stdio.h:410:5: error: expected declaration specifiers or '...' before 'FILE'
/opt/arm-2011.09/bin/../lib/gcc/arm-none-eabi/4.6.1/../../../../arm-none-eabi/include/stdio.h:411:5: error: expected declaration specifiers or '...' before 'FILE'
/opt/arm-2011.09/bin/../lib/gcc/arm-none-eabi/4.6.1/../../../../arm-none-eabi/include/stdio.h:412:9: error: expected declaration specifiers or '...' before 'FILE'
/opt/arm-2011.09/bin/../lib/gcc/arm-none-eabi/4.6.1/../../../../arm-none-eabi/include/stdio.h:417:5: error: expected declaration specifiers or '...' before 'FILE'
/opt/arm-2011.09/bin/../lib/gcc/arm-none-eabi/4.6.1/../../../../arm-none-eabi/include/stdio.h:417:5: error: expected declaration specifiers or '...' before 'fpos_t'
/opt/arm-2011.09/bin/../lib/gcc/arm-none-eabi/4.6.1/../../../../arm-none-eabi/include/stdio.h:418:5: error: expected declaration specifiers or '...' before 'FILE'
/opt/arm-2011.09/bin/../lib/gcc/arm-none-eabi/4.6.1/../../../../arm-none-eabi/include/stdio.h:418:5: error: expected ';', ',' or ')' before '*' token
/opt/arm-2011.09/bin/../lib/gcc/arm-none-eabi/4.6.1/../../../../arm-none-eabi/include/stdio.h:420:5: error: expected declaration specifiers or '...' before 'FILE'
/opt/arm-2011.09/bin/../lib/gcc/arm-none-eabi/4.6.1/../../../../arm-none-eabi/include/stdio.h:422:5: error: expected declaration specifiers or '...' before 'FILE'
/opt/arm-2011.09/bin/../lib/gcc/arm-none-eabi/4.6.1/../../../../arm-none-eabi/include/stdio.h:424:1: error: expected declaration specifiers before 'FILE'
/opt/arm-2011.09/bin/../lib/gcc/arm-none-eabi/4.6.1/../../../../arm-none-eabi/include/stdio.h:425:1: error: expected declaration specifiers before 'FILE'
/opt/arm-2011.09/bin/../lib/gcc/arm-none-eabi/4.6.1/../../../../arm-none-eabi/include/stdio.h:426:1: error: expected declaration specifiers before 'FILE'
/opt/arm-2011.09/bin/../lib/gcc/arm-none-eabi/4.6.1/../../../../arm-none-eabi/include/stdio.h:427:5: error: expected declaration specifiers or '...' before 'FILE'
/opt/arm-2011.09/bin/../lib/gcc/arm-none-eabi/4.6.1/../../../../arm-none-eabi/include/stdio.h:429:5: error: expected declaration specifiers or '...' before 'FILE'
/opt/arm-2011.09/bin/../lib/gcc/arm-none-eabi/4.6.1/../../../../arm-none-eabi/include/stdio.h:430:5: error: expected declaration specifiers or '...' before 'FILE'
/opt/arm-2011.09/bin/../lib/gcc/arm-none-eabi/4.6.1/../../../../arm-none-eabi/include/stdio.h:431:5: error: expected declaration specifiers or '...' before 'FILE'
/opt/arm-2011.09/bin/../lib/gcc/arm-none-eabi/4.6.1/../../../../arm-none-eabi/include/stdio.h:432:8: error: expected declaration specifiers or '...' before 'FILE'
/opt/arm-2011.09/bin/../lib/gcc/arm-none-eabi/4.6.1/../../../../arm-none-eabi/include/stdio.h:433:5: error: expected declaration specifiers or '...' before 'FILE'
/opt/arm-2011.09/bin/../lib/gcc/arm-none-eabi/4.6.1/../../../../arm-none-eabi/include/stdio.h:435:5: error: expected declaration specifiers or '...' before 'FILE'
/opt/arm-2011.09/bin/../lib/gcc/arm-none-eabi/4.6.1/../../../../arm-none-eabi/include/stdio.h:436:5: error: expected declaration specifiers or '...' before 'FILE'
/opt/arm-2011.09/bin/../lib/gcc/arm-none-eabi/4.6.1/../../../../arm-none-eabi/include/stdio.h:437:6: error: expected declaration specifiers or '...' before 'FILE'
/opt/arm-2011.09/bin/../lib/gcc/arm-none-eabi/4.6.1/../../../../arm-none-eabi/include/stdio.h:438:8: error: expected declaration specifiers or '...' before 'FILE'
/opt/arm-2011.09/bin/../lib/gcc/arm-none-eabi/4.6.1/../../../../arm-none-eabi/include/stdio.h:439:6: error: expected declaration specifiers or '...' before 'FILE'
/opt/arm-2011.09/bin/../lib/gcc/arm-none-eabi/4.6.1/../../../../arm-none-eabi/include/stdio.h:440:8: error: expected declaration specifiers or '...' before 'FILE'
/opt/arm-2011.09/bin/../lib/gcc/arm-none-eabi/4.6.1/../../../../arm-none-eabi/include/stdio.h:441:5: error: expected declaration specifiers or '...' before 'FILE'
/opt/arm-2011.09/bin/../lib/gcc/arm-none-eabi/4.6.1/../../../../arm-none-eabi/include/stdio.h:442:5: error: expected declaration specifiers or '...' before 'FILE'
/opt/arm-2011.09/bin/../lib/gcc/arm-none-eabi/4.6.1/../../../../arm-none-eabi/include/stdio.h:450:1: error: expected declaration specifiers before 'FILE'
/opt/arm-2011.09/bin/../lib/gcc/arm-none-eabi/4.6.1/../../../../arm-none-eabi/include/stdio.h:454:5: error: expected declaration specifiers or '...' before 'FILE'
/opt/arm-2011.09/bin/../lib/gcc/arm-none-eabi/4.6.1/../../../../arm-none-eabi/include/stdio.h:455:5: error: expected declaration specifiers or '...' before 'FILE'
/opt/arm-2011.09/bin/../lib/gcc/arm-none-eabi/4.6.1/../../../../arm-none-eabi/include/stdio.h:477:1: error: expected declaration specifiers before 'FILE'
/opt/arm-2011.09/bin/../lib/gcc/arm-none-eabi/4.6.1/../../../../arm-none-eabi/include/stdio.h:479:5: error: expected declaration specifiers or '...' before 'FILE'
/opt/arm-2011.09/bin/../lib/gcc/arm-none-eabi/4.6.1/../../../../arm-none-eabi/include/stdio.h:480:5: error: expected declaration specifiers or '...' before '__gnuc_va_list'
/opt/arm-2011.09/bin/../lib/gcc/arm-none-eabi/4.6.1/../../../../arm-none-eabi/include/stdio.h:482:8: error: expected declaration specifiers or '...' before '__gnuc_va_list'
/opt/arm-2011.09/bin/../lib/gcc/arm-none-eabi/4.6.1/../../../../arm-none-eabi/include/stdio.h:484:8: error: expected declaration specifiers or '...' before '__gnuc_va_list'
/opt/arm-2011.09/bin/../lib/gcc/arm-none-eabi/4.6.1/../../../../arm-none-eabi/include/stdio.h:486:5: error: expected declaration specifiers or '...' before '__gnuc_va_list'
/opt/arm-2011.09/bin/../lib/gcc/arm-none-eabi/4.6.1/../../../../arm-none-eabi/include/stdio.h:488:5: error: expected declaration specifiers or '...' before '__gnuc_va_list'
/opt/arm-2011.09/bin/../lib/gcc/arm-none-eabi/4.6.1/../../../../arm-none-eabi/include/stdio.h:490:5: error: expected declaration specifiers or '...' before '__gnuc_va_list'
/opt/arm-2011.09/bin/../lib/gcc/arm-none-eabi/4.6.1/../../../../arm-none-eabi/include/stdio.h:492:5: error: expected declaration specifiers or '...' before 'FILE'
/opt/arm-2011.09/bin/../lib/gcc/arm-none-eabi/4.6.1/../../../../arm-none-eabi/include/stdio.h:492:5: error: expected declaration specifiers or '...' before '__gnuc_va_list'
/opt/arm-2011.09/bin/../lib/gcc/arm-none-eabi/4.6.1/../../../../arm-none-eabi/include/stdio.h:494:5: error: expected declaration specifiers or '...' before 'FILE'
/opt/arm-2011.09/bin/../lib/gcc/arm-none-eabi/4.6.1/../../../../arm-none-eabi/include/stdio.h:494:5: error: expected declaration specifiers or '...' before '__gnuc_va_list'
/opt/arm-2011.09/bin/../lib/gcc/arm-none-eabi/4.6.1/../../../../arm-none-eabi/include/stdio.h:496:5: error: expected declaration specifiers or '...' before 'FILE'
/opt/arm-2011.09/bin/../lib/gcc/arm-none-eabi/4.6.1/../../../../arm-none-eabi/include/stdio.h:496:5: error: expected declaration specifiers or '...' before '__gnuc_va_list'
/opt/arm-2011.09/bin/../lib/gcc/arm-none-eabi/4.6.1/../../../../arm-none-eabi/include/stdio.h:498:5: error: expected declaration specifiers or '...' before 'FILE'
/opt/arm-2011.09/bin/../lib/gcc/arm-none-eabi/4.6.1/../../../../arm-none-eabi/include/stdio.h:498:5: error: expected declaration specifiers or '...' before '__gnuc_va_list'
/opt/arm-2011.09/bin/../lib/gcc/arm-none-eabi/4.6.1/../../../../arm-none-eabi/include/stdio.h:500:5: error: expected declaration specifiers or '...' before '__gnuc_va_list'
/opt/arm-2011.09/bin/../lib/gcc/arm-none-eabi/4.6.1/../../../../arm-none-eabi/include/stdio.h:502:5: error: expected declaration specifiers or '...' before '__gnuc_va_list'
/opt/arm-2011.09/bin/../lib/gcc/arm-none-eabi/4.6.1/../../../../arm-none-eabi/include/stdio.h:504:5: error: expected declaration specifiers or '...' before '__gnuc_va_list'
/opt/arm-2011.09/bin/../lib/gcc/arm-none-eabi/4.6.1/../../../../arm-none-eabi/include/stdio.h:506:5: error: expected declaration specifiers or '...' before '__gnuc_va_list'
/opt/arm-2011.09/bin/../lib/gcc/arm-none-eabi/4.6.1/../../../../arm-none-eabi/include/stdio.h:508:5: error: expected declaration specifiers or '...' before '__gnuc_va_list'
/opt/arm-2011.09/bin/../lib/gcc/arm-none-eabi/4.6.1/../../../../arm-none-eabi/include/stdio.h:510:5: error: expected declaration specifiers or '...' before '__gnuc_va_list'
/opt/arm-2011.09/bin/../lib/gcc/arm-none-eabi/4.6.1/../../../../arm-none-eabi/include/stdio.h:512:5: error: expected declaration specifiers or '...' before '__gnuc_va_list'
/opt/arm-2011.09/bin/../lib/gcc/arm-none-eabi/4.6.1/../../../../arm-none-eabi/include/stdio.h:514:5: error: expected declaration specifiers or '...' before '__gnuc_va_list'
/opt/arm-2011.09/bin/../lib/gcc/arm-none-eabi/4.6.1/../../../../arm-none-eabi/include/stdio.h:516:5: error: expected declaration specifiers or '...' before '__gnuc_va_list'
/opt/arm-2011.09/bin/../lib/gcc/arm-none-eabi/4.6.1/../../../../arm-none-eabi/include/stdio.h:518:5: error: expected declaration specifiers or '...' before '__gnuc_va_list'
/opt/arm-2011.09/bin/../lib/gcc/arm-none-eabi/4.6.1/../../../../arm-none-eabi/include/stdio.h:523:5: error: expected declaration specifiers or '...' before 'FILE'
/opt/arm-2011.09/bin/../lib/gcc/arm-none-eabi/4.6.1/../../../../arm-none-eabi/include/stdio.h:524:1: error: expected declaration specifiers before 'ssize_t'
/opt/arm-2011.09/bin/../lib/gcc/arm-none-eabi/4.6.1/../../../../arm-none-eabi/include/stdio.h:525:1: error: expected declaration specifiers before 'ssize_t'
/opt/arm-2011.09/bin/../lib/gcc/arm-none-eabi/4.6.1/../../../../arm-none-eabi/include/stdio.h:553:5: error: expected declaration specifiers or '...' before 'FILE'
/opt/arm-2011.09/bin/../lib/gcc/arm-none-eabi/4.6.1/../../../../arm-none-eabi/include/stdio.h:554:5: error: expected declaration specifiers or '...' before 'FILE'
/opt/arm-2011.09/bin/../lib/gcc/arm-none-eabi/4.6.1/../../../../arm-none-eabi/include/stdio.h:573:1: error: expected declaration specifiers before 'FILE'
/opt/arm-2011.09/bin/../lib/gcc/arm-none-eabi/4.6.1/../../../../arm-none-eabi/include/stdio.h:578:1: error: expected declaration specifiers before 'FILE'
/opt/arm-2011.09/bin/../lib/gcc/arm-none-eabi/4.6.1/../../../../arm-none-eabi/include/stdio.h:590:17: error: expected '=', ',', ';', 'asm' or '__attribute__' before 'cookie_read_function_t'
/opt/arm-2011.09/bin/../lib/gcc/arm-none-eabi/4.6.1/../../../../arm-none-eabi/include/stdio.h:591:17: error: expected '=', ',', ';', 'asm' or '__attribute__' before 'cookie_write_function_t'
/opt/arm-2011.09/bin/../lib/gcc/arm-none-eabi/4.6.1/../../../../arm-none-eabi/include/stdio.h:597:52: error: expected declaration specifiers or '...' before 'off_t'
/opt/arm-2011.09/bin/../lib/gcc/arm-none-eabi/4.6.1/../../../../arm-none-eabi/include/stdio.h:599:13: error: storage class specified for parameter 'cookie_close_function_t'
/opt/arm-2011.09/bin/../lib/gcc/arm-none-eabi/4.6.1/../../../../arm-none-eabi/include/stdio.h:604:3: error: unknown type name 'cookie_read_function_t'
/opt/arm-2011.09/bin/../lib/gcc/arm-none-eabi/4.6.1/../../../../arm-none-eabi/include/stdio.h:605:3: error: unknown type name 'cookie_write_function_t'
/opt/arm-2011.09/bin/../lib/gcc/arm-none-eabi/4.6.1/../../../../arm-none-eabi/include/stdio.h:606:3: error: unknown type name 'cookie_seek_function_t'
/opt/arm-2011.09/bin/../lib/gcc/arm-none-eabi/4.6.1/../../../../arm-none-eabi/include/stdio.h:607:3: error: expected specifier-qualifier-list before 'cookie_close_function_t'
/opt/arm-2011.09/bin/../lib/gcc/arm-none-eabi/4.6.1/../../../../arm-none-eabi/include/stdio.h:608:3: error: storage class specified for parameter 'cookie_io_functions_t'
/opt/arm-2011.09/bin/../lib/gcc/arm-none-eabi/4.6.1/../../../../arm-none-eabi/include/stdio.h:609:1: error: expected declaration specifiers before 'FILE'
/opt/arm-2011.09/bin/../lib/gcc/arm-none-eabi/4.6.1/../../../../arm-none-eabi/include/stdio.h:611:1: error: expected declaration specifiers before 'FILE'
In file included from inc/main.h:13:0,
                 from src/main.c:18:
inc/stm32f4xx_it.h:51:13: error: storage class specified for parameter 'USB_OTG_BSP_TimerIRQ'
In file included from lib/USB_OTG/inc/usb_hcd.h:27:0,
                 from lib/USB_OTG/inc/usb_hcd_int.h:28,
                 from inc/main.h:14,
                 from src/main.c:18:
lib/USB_OTG/inc/usb_regs.h:79:17: error: expected ':', ',', ';', '}' or '__attribute__' before 'GOTGCTL'
lib/USB_OTG/inc/usb_regs.h:99:1: error: storage class specified for parameter 'USB_OTG_GREGS'
lib/USB_OTG/inc/usb_regs.h:110:17: error: expected ':', ',', ';', '}' or '__attribute__' before 'DCFG'
lib/USB_OTG/inc/usb_regs.h:131:1: error: storage class specified for parameter 'USB_OTG_DREGS'
lib/USB_OTG/inc/usb_regs.h:142:17: error: expected ':', ',', ';', '}' or '__attribute__' before 'DIEPCTL'
lib/USB_OTG/inc/usb_regs.h:151:1: error: storage class specified for parameter 'USB_OTG_INEPREGS'
lib/USB_OTG/inc/usb_regs.h:162:17: error: expected ':', ',', ';', '}' or '__attribute__' before 'DOEPCTL'
lib/USB_OTG/inc/usb_regs.h:170:1: error: storage class specified for parameter 'USB_OTG_OUTEPREGS'
lib/USB_OTG/inc/usb_regs.h:181:17: error: expected ':', ',', ';', '}' or '__attribute__' before 'HCFG'
lib/USB_OTG/inc/usb_regs.h:189:1: error: storage class specified for parameter 'USB_OTG_HREGS'
lib/USB_OTG/inc/usb_regs.h:200:17: error: expected ':', ',', ';', '}' or '__attribute__' before 'HCCHAR'
lib/USB_OTG/inc/usb_regs.h:208:1: error: storage class specified for parameter 'USB_OTG_HC_REGS'
lib/USB_OTG/inc/usb_regs.h:219:3: error: expected specifier-qualifier-list before 'USB_OTG_GREGS'
lib/USB_OTG/inc/usb_regs.h:229:1: error: storage class specified for parameter 'USB_OTG_CORE_REGS'
lib/USB_OTG/inc/usb_regs.h:229:22: error: storage class specified for parameter 'PUSB_OTG_CORE_REGS'
lib/USB_OTG/inc/usb_regs.h:232:3: error: expected specifier-qualifier-list before 'uint32_t'
lib/USB_OTG/inc/usb_regs.h:265:3: error: storage class specified for parameter 'USB_OTG_OTGCTL_TypeDef'
lib/USB_OTG/inc/usb_regs.h:268:3: error: expected specifier-qualifier-list before 'uint32_t'
lib/USB_OTG/inc/usb_regs.h:293:3: error: storage class specified for parameter 'USB_OTG_GOTGINT_TypeDef'
lib/USB_OTG/inc/usb_regs.h:296:3: error: expected specifier-qualifier-list before 'uint32_t'
lib/USB_OTG/inc/usb_regs.h:315:3: error: storage class specified for parameter 'USB_OTG_GAHBCFG_TypeDef'
lib/USB_OTG/inc/usb_regs.h:318:3: error: expected specifier-qualifier-list before 'uint32_t'
lib/USB_OTG/inc/usb_regs.h:367:3: error: storage class specified for parameter 'USB_OTG_GUSBCFG_TypeDef'
lib/USB_OTG/inc/usb_regs.h:370:3: error: expected specifier-qualifier-list before 'uint32_t'
lib/USB_OTG/inc/usb_regs.h:395:3: error: storage class specified for parameter 'USB_OTG_GRSTCTL_TypeDef'
lib/USB_OTG/inc/usb_regs.h:398:3: error: expected specifier-qualifier-list before 'uint32_t'
lib/USB_OTG/inc/usb_regs.h:465:3: error: storage class specified for parameter 'USB_OTG_GINTMSK_TypeDef'
lib/USB_OTG/inc/usb_regs.h:468:3: error: expected specifier-qualifier-list before 'uint32_t'
lib/USB_OTG/inc/usb_regs.h:535:3: error: storage class specified for parameter 'USB_OTG_GINTSTS_TypeDef'
lib/USB_OTG/inc/usb_regs.h:538:3: error: expected specifier-qualifier-list before 'uint32_t'
lib/USB_OTG/inc/usb_regs.h:555:3: error: storage class specified for parameter 'USB_OTG_DRXSTS_TypeDef'
lib/USB_OTG/inc/usb_regs.h:558:3: error: expected specifier-qualifier-list before 'uint32_t'
lib/USB_OTG/inc/usb_regs.h:573:3: error: storage class specified for parameter 'USB_OTG_GRXFSTS_TypeDef'
lib/USB_OTG/inc/usb_regs.h:576:3: error: expected specifier-qualifier-list before 'uint32_t'
lib/USB_OTG/inc/usb_regs.h:585:3: error: storage class specified for parameter 'USB_OTG_FSIZ_TypeDef'
lib/USB_OTG/inc/usb_regs.h:588:3: error: expected specifier-qualifier-list before 'uint32_t'
lib/USB_OTG/inc/usb_regs.h:607:3: error: storage class specified for parameter 'USB_OTG_HNPTXSTS_TypeDef'
lib/USB_OTG/inc/usb_regs.h:610:3: error: expected specifier-qualifier-list before 'uint32_t'
lib/USB_OTG/inc/usb_regs.h:619:3: error: storage class specified for parameter 'USB_OTG_DTXFSTSn_TypeDef'
lib/USB_OTG/inc/usb_regs.h:622:3: error: expected specifier-qualifier-list before 'uint32_t'
lib/USB_OTG/inc/usb_regs.h:649:3: error: storage class specified for parameter 'USB_OTG_GI2CCTL_TypeDef'
lib/USB_OTG/inc/usb_regs.h:652:3: error: expected specifier-qualifier-list before 'uint32_t'
lib/USB_OTG/inc/usb_regs.h:673:3: error: storage class specified for parameter 'USB_OTG_GCCFG_TypeDef'
lib/USB_OTG/inc/usb_regs.h:677:3: error: expected specifier-qualifier-list before 'uint32_t'
lib/USB_OTG/inc/usb_regs.h:696:3: error: storage class specified for parameter 'USB_OTG_DCFG_TypeDef'
lib/USB_OTG/inc/usb_regs.h:699:3: error: expected specifier-qualifier-list before 'uint32_t'
lib/USB_OTG/inc/usb_regs.h:724:3: error: storage class specified for parameter 'USB_OTG_DCTL_TypeDef'
lib/USB_OTG/inc/usb_regs.h:727:3: error: expected specifier-qualifier-list before 'uint32_t'
lib/USB_OTG/inc/usb_regs.h:744:3: error: storage class specified for parameter 'USB_OTG_DSTS_TypeDef'
lib/USB_OTG/inc/usb_regs.h:747:3: error: expected specifier-qualifier-list before 'uint32_t'
lib/USB_OTG/inc/usb_regs.h:772:3: error: storage class specified for parameter 'USB_OTG_DIEPINTn_TypeDef'
lib/USB_OTG/inc/usb_regs.h:773:43: error: storage class specified for parameter 'USB_OTG_DIEPMSK_TypeDef'
lib/USB_OTG/inc/usb_regs.h:776:3: error: expected specifier-qualifier-list before 'uint32_t'
lib/USB_OTG/inc/usb_regs.h:791:3: error: storage class specified for parameter 'USB_OTG_DOEPINTn_TypeDef'
lib/USB_OTG/inc/usb_regs.h:792:43: error: storage class specified for parameter 'USB_OTG_DOEPMSK_TypeDef'
lib/USB_OTG/inc/usb_regs.h:796:3: error: expected specifier-qualifier-list before 'uint32_t'
lib/USB_OTG/inc/usb_regs.h:805:3: error: storage class specified for parameter 'USB_OTG_DAINT_TypeDef'
lib/USB_OTG/inc/usb_regs.h:809:3: error: expected specifier-qualifier-list before 'uint32_t'
lib/USB_OTG/inc/usb_regs.h:828:3: error: storage class specified for parameter 'USB_OTG_DTHRCTL_TypeDef'
lib/USB_OTG/inc/usb_regs.h:831:3: error: expected specifier-qualifier-list before 'uint32_t'
lib/USB_OTG/inc/usb_regs.h:866:3: error: storage class specified for parameter 'USB_OTG_DEPCTL_TypeDef'
lib/USB_OTG/inc/usb_regs.h:869:3: error: expected specifier-qualifier-list before 'uint32_t'
lib/USB_OTG/inc/usb_regs.h:882:3: error: storage class specified for parameter 'USB_OTG_DEPXFRSIZ_TypeDef'
lib/USB_OTG/inc/usb_regs.h:885:3: error: expected specifier-qualifier-list before 'uint32_t'
lib/USB_OTG/inc/usb_regs.h:901:3: error: storage class specified for parameter 'USB_OTG_DEP0XFRSIZ_TypeDef'
lib/USB_OTG/inc/usb_regs.h:904:3: error: expected specifier-qualifier-list before 'uint32_t'
lib/USB_OTG/inc/usb_regs.h:913:3: error: storage class specified for parameter 'USB_OTG_HCFG_TypeDef'
lib/USB_OTG/inc/usb_regs.h:916:3: error: expected specifier-qualifier-list before 'uint32_t'
lib/USB_OTG/inc/usb_regs.h:925:3: error: storage class specified for parameter 'USB_OTG_HFRMINTRVL_TypeDef'
lib/USB_OTG/inc/usb_regs.h:929:3: error: expected specifier-qualifier-list before 'uint32_t'
lib/USB_OTG/inc/usb_regs.h:938:3: error: storage class specified for parameter 'USB_OTG_HFNUM_TypeDef'
lib/USB_OTG/inc/usb_regs.h:941:3: error: expected specifier-qualifier-list before 'uint32_t'
lib/USB_OTG/inc/usb_regs.h:960:3: error: storage class specified for parameter 'USB_OTG_HPTXSTS_TypeDef'
lib/USB_OTG/inc/usb_regs.h:963:3: error: expected specifier-qualifier-list before 'uint32_t'
lib/USB_OTG/inc/usb_regs.h:998:3: error: storage class specified for parameter 'USB_OTG_HPRT0_TypeDef'
lib/USB_OTG/inc/usb_regs.h:1001:3: error: expected specifier-qualifier-list before 'uint32_t'
lib/USB_OTG/inc/usb_regs.h:1010:3: error: storage class specified for parameter 'USB_OTG_HAINT_TypeDef'
lib/USB_OTG/inc/usb_regs.h:1013:3: error: expected specifier-qualifier-list before 'uint32_t'
lib/USB_OTG/inc/usb_regs.h:1022:3: error: storage class specified for parameter 'USB_OTG_HAINTMSK_TypeDef'
lib/USB_OTG/inc/usb_regs.h:1025:3: error: expected specifier-qualifier-list before 'uint32_t'
lib/USB_OTG/inc/usb_regs.h:1052:3: error: storage class specified for parameter 'USB_OTG_HCCHAR_TypeDef'
lib/USB_OTG/inc/usb_regs.h:1055:3: error: expected specifier-qualifier-list before 'uint32_t'
lib/USB_OTG/inc/usb_regs.h:1072:3: error: storage class specified for parameter 'USB_OTG_HCSPLT_TypeDef'
lib/USB_OTG/inc/usb_regs.h:1075:3: error: expected specifier-qualifier-list before 'uint32_t'
lib/USB_OTG/inc/usb_regs.h:1104:3: error: storage class specified for parameter 'USB_OTG_HCINTn_TypeDef'
lib/USB_OTG/inc/usb_regs.h:1107:3: error: expected specifier-qualifier-list before 'uint32_t'
lib/USB_OTG/inc/usb_regs.h:1120:3: error: storage class specified for parameter 'USB_OTG_HCTSIZn_TypeDef'
lib/USB_OTG/inc/usb_regs.h:1123:3: error: expected specifier-qualifier-list before 'uint32_t'
lib/USB_OTG/inc/usb_regs.h:1152:3: error: storage class specified for parameter 'USB_OTG_HCGINTMSK_TypeDef'
lib/USB_OTG/inc/usb_regs.h:1155:3: error: expected specifier-qualifier-list before 'uint32_t'
lib/USB_OTG/inc/usb_regs.h:1166:3: error: storage class specified for parameter 'USB_OTG_PCGCCTL_TypeDef'
In file included from lib/USB_OTG/inc/usb_core.h:29:0,
                 from lib/USB_OTG/inc/usb_hcd.h:28,
                 from lib/USB_OTG/inc/usb_hcd_int.h:28,
                 from inc/main.h:14,
                 from src/main.c:18:
lib/USB_OTG/inc/usb_defines.h:187:2: error: storage class specified for parameter 'USB_OTG_CORE_ID_TypeDef'
lib/USB_OTG/inc/usb_defines.h:226:1: warning: empty declaration [enabled by default]
In file included from lib/USB_OTG/inc/usb_hcd.h:28:0,
                 from lib/USB_OTG/inc/usb_hcd_int.h:28,
                 from inc/main.h:14,
                 from src/main.c:18:
lib/USB_OTG/inc/usb_core.h:76:2: error: storage class specified for parameter 'USB_OTG_STS'
lib/USB_OTG/inc/usb_core.h:88:2: error: storage class specified for parameter 'HC_STATUS'
lib/USB_OTG/inc/usb_core.h:96:2: error: storage class specified for parameter 'URB_STATE'
lib/USB_OTG/inc/usb_core.h:108:2: error: storage class specified for parameter 'CTRL_STATUS'
lib/USB_OTG/inc/usb_core.h:113:3: error: expected specifier-qualifier-list before 'uint8_t'
lib/USB_OTG/inc/usb_core.h:128:1: error: storage class specified for parameter 'USB_OTG_HC'
lib/USB_OTG/inc/usb_core.h:128:15: error: storage class specified for parameter 'PUSB_OTG_HC'
lib/USB_OTG/inc/usb_core.h:132:3: error: expected specifier-qualifier-list before 'uint8_t'
lib/USB_OTG/inc/usb_core.h:152:1: error: storage class specified for parameter 'USB_OTG_EP'
lib/USB_OTG/inc/usb_core.h:152:15: error: storage class specified for parameter 'PUSB_OTG_EP'
lib/USB_OTG/inc/usb_core.h:158:3: error: expected specifier-qualifier-list before 'uint8_t'
lib/USB_OTG/inc/usb_core.h:170:1: error: storage class specified for parameter 'USB_OTG_CORE_CFGS'
lib/USB_OTG/inc/usb_core.h:170:21: error: storage class specified for parameter 'PUSB_OTG_CORE_CFGS'
lib/USB_OTG/inc/usb_core.h:176:5: error: expected specifier-qualifier-list before 'uint8_t'
lib/USB_OTG/inc/usb_core.h:181:3: error: storage class specified for parameter 'USB_SETUP_REQ'
lib/USB_OTG/inc/usb_core.h:185:3: error: expected specifier-qualifier-list before 'uint8_t'
lib/USB_OTG/inc/usb_core.h:192:3: error: storage class specified for parameter 'USBD_DEVICE'
lib/USB_OTG/inc/usb_core.h:192:17: error: storage class specified for parameter 'pUSBD_DEVICE'
lib/USB_OTG/inc/usb_core.h:198:3: error: expected specifier-qualifier-list before 'uint8_t'
lib/USB_OTG/inc/usb_core.h:202:3: error: storage class specified for parameter 'USB_OTG_hPort_TypeDef'
lib/USB_OTG/inc/usb_core.h:206:3: error: expected specifier-qualifier-list before 'uint8_t'
lib/USB_OTG/inc/usb_core.h:228:3: error: storage class specified for parameter 'USBD_Class_cb_TypeDef'
lib/USB_OTG/inc/usb_core.h:235:23: error: expected declaration specifiers or '...' before 'uint8_t'
lib/USB_OTG/inc/usb_core.h:244:1: error: storage class specified for parameter 'USBD_Usr_cb_TypeDef'
lib/USB_OTG/inc/usb_core.h:248:3: error: expected specifier-qualifier-list before 'uint8_t'
lib/USB_OTG/inc/usb_core.h:261:1: error: storage class specified for parameter 'DCD_DEV'
lib/USB_OTG/inc/usb_core.h:261:12: error: storage class specified for parameter 'DCD_PDEV'
lib/USB_OTG/inc/usb_core.h:266:3: error: expected specifier-qualifier-list before 'uint8_t'
lib/USB_OTG/inc/usb_core.h:276:1: error: storage class specified for parameter 'HCD_DEV'
lib/USB_OTG/inc/usb_core.h:276:12: error: storage class specified for parameter 'USB_OTG_USBH_PDEV'
lib/USB_OTG/inc/usb_core.h:281:3: error: expected specifier-qualifier-list before 'uint8_t'
lib/USB_OTG/inc/usb_core.h:285:1: error: storage class specified for parameter 'OTG_DEV'
lib/USB_OTG/inc/usb_core.h:285:12: error: storage class specified for parameter 'USB_OTG_USBO_PDEV'
lib/USB_OTG/inc/usb_core.h:289:3: error: expected specifier-qualifier-list before 'USB_OTG_CORE_CFGS'
lib/USB_OTG/inc/usb_core.h:301:1: error: storage class specified for parameter 'USB_OTG_CORE_HANDLE'
lib/USB_OTG/inc/usb_core.h:301:24: error: storage class specified for parameter 'PUSB_OTG_CORE_HANDLE'
lib/USB_OTG/inc/usb_core.h:328:1: error: expected declaration specifiers before 'USB_OTG_STS'
lib/USB_OTG/inc/usb_core.h:329:1: error: expected declaration specifiers before 'USB_OTG_STS'
lib/USB_OTG/inc/usb_core.h:331:1: error: expected declaration specifiers before 'USB_OTG_STS'
lib/USB_OTG/inc/usb_core.h:332:1: error: expected declaration specifiers before 'USB_OTG_STS'
lib/USB_OTG/inc/usb_core.h:333:39: error: expected declaration specifiers or '...' before 'USB_OTG_CORE_HANDLE'
lib/USB_OTG/inc/usb_core.h:334:5: error: expected declaration specifiers or '...' before 'uint8_t'
lib/USB_OTG/inc/usb_core.h:335:5: error: expected declaration specifiers or '...' before 'uint16_t'
lib/USB_OTG/inc/usb_core.h:336:1: error: expected declaration specifiers before 'USB_OTG_STS'
lib/USB_OTG/inc/usb_core.h:340:1: error: expected declaration specifiers before 'USB_OTG_STS'
lib/USB_OTG/inc/usb_core.h:341:1: error: expected declaration specifiers before 'USB_OTG_STS'
lib/USB_OTG/inc/usb_core.h:343:1: error: expected declaration specifiers before 'uint32_t'
lib/USB_OTG/inc/usb_core.h:344:1: error: expected declaration specifiers before 'uint32_t'
lib/USB_OTG/inc/usb_core.h:345:1: error: expected declaration specifiers before 'uint8_t'
lib/USB_OTG/inc/usb_core.h:346:1: error: expected declaration specifiers before 'uint8_t'
lib/USB_OTG/inc/usb_core.h:347:1: error: expected declaration specifiers before 'uint32_t'
lib/USB_OTG/inc/usb_core.h:348:1: error: expected declaration specifiers before 'USB_OTG_STS'
lib/USB_OTG/inc/usb_core.h:349:1: error: expected declaration specifiers before 'USB_OTG_STS'
lib/USB_OTG/inc/usb_core.h:370:1: error: expected declaration specifiers before 'USB_OTG_STS'
lib/USB_OTG/inc/usb_core.h:371:1: error: expected declaration specifiers before 'USB_OTG_STS'
lib/USB_OTG/inc/usb_core.h:372:1: error: expected declaration specifiers before 'uint32_t'
lib/USB_OTG/inc/usb_core.h:373:44: error: expected declaration specifiers or '...' before 'USB_OTG_CORE_HANDLE'
lib/USB_OTG/inc/usb_core.h:374:1: error: expected declaration specifiers before 'USB_OTG_STS'
lib/USB_OTG/inc/usb_core.h:375:1: error: expected declaration specifiers before 'USB_OTG_STS'
lib/USB_OTG/inc/usb_core.h:376:1: error: expected declaration specifiers before 'USB_OTG_STS'
lib/USB_OTG/inc/usb_core.h:377:1: error: expected declaration specifiers before 'USB_OTG_STS'
lib/USB_OTG/inc/usb_core.h:378:1: error: expected declaration specifiers before 'USB_OTG_STS'
lib/USB_OTG/inc/usb_core.h:379:1: error: expected declaration specifiers before 'USB_OTG_STS'
lib/USB_OTG/inc/usb_core.h:380:1: error: expected declaration specifiers before 'USB_OTG_STS'
lib/USB_OTG/inc/usb_core.h:381:1: error: expected declaration specifiers before 'uint32_t'
lib/USB_OTG/inc/usb_core.h:382:1: error: expected declaration specifiers before 'uint32_t'
lib/USB_OTG/inc/usb_core.h:383:1: error: expected declaration specifiers before 'uint32_t'
lib/USB_OTG/inc/usb_core.h:384:43: error: expected declaration specifiers or '...' before 'USB_OTG_CORE_HANDLE'
lib/USB_OTG/inc/usb_core.h:384:71: error: expected declaration specifiers or '...' before 'uint8_t'
lib/USB_OTG/inc/usb_core.h:385:1: error: expected declaration specifiers before 'uint8_t'
lib/USB_OTG/inc/usb_core.h:386:35: error: expected declaration specifiers or '...' before 'USB_OTG_CORE_HANDLE'
lib/USB_OTG/inc/usb_core.h:387:41: error: expected declaration specifiers or '...' before 'USB_OTG_CORE_HANDLE'
lib/USB_OTG/inc/usb_core.h:388:34: error: expected declaration specifiers or '...' before 'USB_OTG_CORE_HANDLE'
lib/USB_OTG/inc/usb_core.h:389:33: error: expected declaration specifiers or '...' before 'USB_OTG_CORE_HANDLE'
lib/USB_OTG/inc/usb_core.h:390:35: error: expected declaration specifiers or '...' before 'USB_OTG_CORE_HANDLE'
lib/USB_OTG/inc/usb_core.h:390:63: error: expected declaration specifiers or '...' before 'USB_OTG_EP'
lib/USB_OTG/inc/usb_core.h:390:80: error: expected declaration specifiers or '...' before 'uint32_t'
lib/USB_OTG/inc/usb_core.h:391:1: error: expected declaration specifiers before 'uint32_t'
In file included from lib/USB_OTG/inc/usb_hcd_int.h:28:0,
                 from inc/main.h:14,
                 from src/main.c:18:
lib/USB_OTG/inc/usb_hcd.h:74:1: error: expected declaration specifiers before 'uint32_t'
lib/USB_OTG/inc/usb_hcd.h:76:1: error: expected declaration specifiers before 'uint32_t'
lib/USB_OTG/inc/usb_hcd.h:78:1: error: expected declaration specifiers before 'uint32_t'
lib/USB_OTG/inc/usb_hcd.h:80:1: error: expected declaration specifiers before 'uint32_t'
lib/USB_OTG/inc/usb_hcd.h:81:1: error: expected declaration specifiers before 'uint32_t'
lib/USB_OTG/inc/usb_hcd.h:82:1: error: expected declaration specifiers before 'uint32_t'
lib/USB_OTG/inc/usb_hcd.h:83:1: error: expected declaration specifiers before 'uint32_t'
lib/USB_OTG/inc/usb_hcd.h:84:1: error: expected declaration specifiers before 'URB_STATE'
lib/USB_OTG/inc/usb_hcd.h:85:1: error: expected declaration specifiers before 'uint32_t'
lib/USB_OTG/inc/usb_hcd.h:86:1: error: expected declaration specifiers before 'HC_STATUS'
In file included from inc/main.h:14:0,
                 from src/main.c:18:
lib/USB_OTG/inc/usb_hcd_int.h:104:30: error: expected declaration specifiers or '...' before 'USB_OTG_CORE_HANDLE'
lib/USB_OTG/inc/usb_hcd_int.h:105:34: error: expected declaration specifiers or '...' before 'USB_OTG_CORE_HANDLE'
lib/USB_OTG/inc/usb_hcd_int.h:106:35: error: expected declaration specifiers or '...' before 'USB_OTG_CORE_HANDLE'
lib/USB_OTG/inc/usb_hcd_int.h:107:1: error: expected declaration specifiers before 'uint32_t'
In file included from lib/fat_fs/inc/ff.h:19:0,
                 from lib/Conf/usbh_usr.h:31,
                 from inc/main.h:15,
                 from src/main.c:18:
lib/fat_fs/inc/integer.h:14:16: error: storage class specified for parameter 'INT'
lib/fat_fs/inc/integer.h:15:22: error: storage class specified for parameter 'UINT'
lib/fat_fs/inc/integer.h:18:22: error: storage class specified for parameter 'CHAR'
lib/fat_fs/inc/integer.h:19:23: error: storage class specified for parameter 'UCHAR'
lib/fat_fs/inc/integer.h:20:23: error: storage class specified for parameter 'BYTE'
lib/fat_fs/inc/integer.h:23:17: error: storage class specified for parameter 'SHORT'
lib/fat_fs/inc/integer.h:24:24: error: storage class specified for parameter 'USHORT'
lib/fat_fs/inc/integer.h:25:24: error: storage class specified for parameter 'WORD'
lib/fat_fs/inc/integer.h:26:24: error: storage class specified for parameter 'WCHAR'
lib/fat_fs/inc/integer.h:29:16: error: storage class specified for parameter 'LONG'
lib/fat_fs/inc/integer.h:30:23: error: storage class specified for parameter 'ULONG'
lib/fat_fs/inc/integer.h:31:23: error: storage class specified for parameter 'DWORD'
In file included from lib/fat_fs/inc/ff.h:19:0,
                 from lib/Conf/usbh_usr.h:31,
                 from inc/main.h:15,
                 from src/main.c:18:
lib/fat_fs/inc/integer.h:36:14: error: storage class specified for parameter 'BOOL'
In file included from lib/Conf/usbh_usr.h:31:0,
                 from inc/main.h:15,
                 from src/main.c:18:
lib/fat_fs/inc/ff.h:293:14: error: storage class specified for parameter 'XCHAR'
lib/fat_fs/inc/ff.h:301:2: error: expected specifier-qualifier-list before 'BYTE'
lib/fat_fs/inc/ff.h:330:3: error: storage class specified for parameter 'FATFS'
lib/fat_fs/inc/ff.h:337:2: error: expected specifier-qualifier-list before 'FATFS'
lib/fat_fs/inc/ff.h:349:3: error: storage class specified for parameter 'DIR'
lib/fat_fs/inc/ff.h:356:2: error: expected specifier-qualifier-list before 'FATFS'
lib/fat_fs/inc/ff.h:372:3: error: storage class specified for parameter 'FIL'
lib/fat_fs/inc/ff.h:379:2: error: expected specifier-qualifier-list before 'DWORD'
lib/fat_fs/inc/ff.h:388:3: error: storage class specified for parameter 'FILINFO'
lib/fat_fs/inc/ff.h:411:3: error: storage class specified for parameter 'FRESULT'
lib/fat_fs/inc/ff.h:418:1: error: expected declaration specifiers before 'FRESULT'
lib/fat_fs/inc/ff.h:419:1: error: expected declaration specifiers before 'FRESULT'
lib/fat_fs/inc/ff.h:420:1: error: expected declaration specifiers before 'FRESULT'
lib/fat_fs/inc/ff.h:421:1: error: expected declaration specifiers before 'FRESULT'
lib/fat_fs/inc/ff.h:422:1: error: expected declaration specifiers before 'FRESULT'
lib/fat_fs/inc/ff.h:423:1: error: expected declaration specifiers before 'FRESULT'
lib/fat_fs/inc/ff.h:424:1: error: expected declaration specifiers before 'FRESULT'
lib/fat_fs/inc/ff.h:425:1: error: expected declaration specifiers before 'FRESULT'
lib/fat_fs/inc/ff.h:426:1: error: expected declaration specifiers before 'FRESULT'
lib/fat_fs/inc/ff.h:427:1: error: expected declaration specifiers before 'FRESULT'
lib/fat_fs/inc/ff.h:428:1: error: expected declaration specifiers before 'FRESULT'
lib/fat_fs/inc/ff.h:429:1: error: expected declaration specifiers before 'FRESULT'
lib/fat_fs/inc/ff.h:430:1: error: expected declaration specifiers before 'FRESULT'
lib/fat_fs/inc/ff.h:431:1: error: expected declaration specifiers before 'FRESULT'
lib/fat_fs/inc/ff.h:432:1: error: expected declaration specifiers before 'FRESULT'
lib/fat_fs/inc/ff.h:433:1: error: expected declaration specifiers before 'FRESULT'
lib/fat_fs/inc/ff.h:434:1: error: expected declaration specifiers before 'FRESULT'
lib/fat_fs/inc/ff.h:435:1: error: expected declaration specifiers before 'FRESULT'
lib/fat_fs/inc/ff.h:436:1: error: expected declaration specifiers before 'FRESULT'
lib/fat_fs/inc/ff.h:437:1: error: expected declaration specifiers before 'FRESULT'
lib/fat_fs/inc/ff.h:438:1: error: expected declaration specifiers before 'FRESULT'
lib/fat_fs/inc/ff.h:441:18: error: expected declaration specifiers or '...' before 'FIL'
lib/fat_fs/inc/ff.h:442:26: error: expected declaration specifiers or '...' before 'FIL'
lib/fat_fs/inc/ff.h:443:15: error: expected declaration specifiers or '...' before 'FIL'
lib/fat_fs/inc/ff.h:444:27: error: expected declaration specifiers or '...' before 'FIL'
lib/fat_fs/inc/ff.h:459:1: error: expected declaration specifiers before 'DWORD'
lib/fat_fs/inc/ff.h:465:1: error: expected declaration specifiers before 'WCHAR'
lib/fat_fs/inc/ff.h:466:1: error: expected declaration specifiers before 'WCHAR'
In file included from lib/USB_Host/Core/inc/usbh_core.h:28:0,
                 from lib/Conf/usbh_usr.h:32,
                 from inc/main.h:15,
                 from src/main.c:18:
lib/USB_Host/Core/inc/usbh_def.h:169:3: error: expected specifier-qualifier-list before 'uint16_t'
lib/USB_Host/Core/inc/usbh_def.h:177:1: error: storage class specified for parameter 'uint16_t_uint8_t'
lib/USB_Host/Core/inc/usbh_def.h:182:3: error: expected specifier-qualifier-list before 'uint8_t'
lib/USB_Host/Core/inc/usbh_def.h:193:1: error: storage class specified for parameter 'USB_Setup_TypeDef'
lib/USB_Host/Core/inc/usbh_def.h:197:5: error: expected specifier-qualifier-list before 'uint8_t'
lib/USB_Host/Core/inc/usbh_def.h:200:1: error: storage class specified for parameter 'USBH_DescHeader_t'
lib/USB_Host/Core/inc/usbh_def.h:204:3: error: expected specifier-qualifier-list before 'uint8_t'
lib/USB_Host/Core/inc/usbh_def.h:222:1: error: storage class specified for parameter 'USBH_DevDesc_TypeDef'
lib/USB_Host/Core/inc/usbh_def.h:227:3: error: expected specifier-qualifier-list before 'uint8_t'
lib/USB_Host/Core/inc/usbh_def.h:236:1: error: storage class specified for parameter 'USBH_CfgDesc_TypeDef'
lib/USB_Host/Core/inc/usbh_def.h:241:3: error: expected specifier-qualifier-list before 'uint8_t'
lib/USB_Host/Core/inc/usbh_def.h:249:1: error: storage class specified for parameter 'USBH_HIDDesc_TypeDef'
lib/USB_Host/Core/inc/usbh_def.h:254:3: error: expected specifier-qualifier-list before 'uint8_t'
lib/USB_Host/Core/inc/usbh_def.h:265:1: error: storage class specified for parameter 'USBH_InterfaceDesc_TypeDef'
lib/USB_Host/Core/inc/usbh_def.h:270:3: error: expected specifier-qualifier-list before 'uint8_t'
lib/USB_Host/Core/inc/usbh_def.h:277:1: error: storage class specified for parameter 'USBH_EpDesc_TypeDef'
In file included from lib/Conf/usbh_usr.h:32:0,
                 from inc/main.h:15,
                 from src/main.c:18:
lib/USB_Host/Core/inc/usbh_core.h:77:2: error: storage class specified for parameter 'USBH_Status'
lib/USB_Host/Core/inc/usbh_core.h:94:2: error: storage class specified for parameter 'HOST_State'
lib/USB_Host/Core/inc/usbh_core.h:108:3: error: storage class specified for parameter 'ENUM_State'
lib/USB_Host/Core/inc/usbh_core.h:127:1: error: storage class specified for parameter 'CTRL_State'
lib/USB_Host/Core/inc/usbh_core.h:133:1: error: storage class specified for parameter 'USBH_USR_Status'
lib/USB_Host/Core/inc/usbh_core.h:140:3: error: storage class specified for parameter 'CMD_State'
lib/USB_Host/Core/inc/usbh_core.h:146:3: error: expected specifier-qualifier-list before 'uint8_t'
lib/USB_Host/Core/inc/usbh_core.h:157:3: error: storage class specified for parameter 'USBH_Ctrl_TypeDef'
lib/USB_Host/Core/inc/usbh_core.h:164:3: error: expected specifier-qualifier-list before 'uint8_t'
lib/USB_Host/Core/inc/usbh_core.h:172:2: error: storage class specified for parameter 'USBH_Device_TypeDef'
lib/USB_Host/Core/inc/usbh_core.h:176:3: error: expected specifier-qualifier-list before 'USBH_Status'
lib/USB_Host/Core/inc/usbh_core.h:185:3: error: storage class specified for parameter 'USBH_Class_cb_TypeDef'
lib/USB_Host/Core/inc/usbh_core.h:196:31: error: expected declaration specifiers or '...' before 'uint8_t'
lib/USB_Host/Core/inc/usbh_core.h:199:38: error: expected declaration specifiers or '...' before 'USBH_CfgDesc_TypeDef'
lib/USB_Host/Core/inc/usbh_core.h:200:38: error: expected declaration specifiers or '...' before 'USBH_InterfaceDesc_TypeDef'
lib/USB_Host/Core/inc/usbh_core.h:201:38: error: expected declaration specifiers or '...' before 'USBH_EpDesc_TypeDef'
lib/USB_Host/Core/inc/usbh_core.h:207:3: error: expected specifier-qualifier-list before 'USBH_USR_Status'
lib/USB_Host/Core/inc/usbh_core.h:213:1: error: storage class specified for parameter 'USBH_Usr_cb_TypeDef'
lib/USB_Host/Core/inc/usbh_core.h:217:3: error: expected specifier-qualifier-list before 'HOST_State'
lib/USB_Host/Core/inc/usbh_core.h:229:3: error: storage class specified for parameter 'USBH_HOST'
lib/USB_Host/Core/inc/usbh_core.h:229:15: error: storage class specified for parameter 'pUSBH_HOST'
lib/USB_Host/Core/inc/usbh_core.h:256:16: error: expected declaration specifiers or '...' before 'USB_OTG_CORE_HANDLE'
lib/USB_Host/Core/inc/usbh_core.h:257:16: error: expected declaration specifiers or '...' before 'USB_OTG_CORE_ID_TypeDef'
lib/USB_Host/Core/inc/usbh_core.h:258:16: error: expected declaration specifiers or '...' before 'USBH_HOST'
lib/USB_Host/Core/inc/usbh_core.h:259:16: error: expected declaration specifiers or '...' before 'USBH_Class_cb_TypeDef'
lib/USB_Host/Core/inc/usbh_core.h:260:16: error: expected declaration specifiers or '...' before 'USBH_Usr_cb_TypeDef'
lib/USB_Host/Core/inc/usbh_core.h:262:1: error: expected declaration specifiers before 'USBH_Status'
lib/USB_Host/Core/inc/usbh_core.h:264:19: error: expected declaration specifiers or '...' before 'USB_OTG_CORE_HANDLE'
lib/USB_Host/Core/inc/usbh_core.h:265:19: error: expected declaration specifiers or '...' before 'USBH_HOST'
lib/USB_Host/Core/inc/usbh_core.h:266:23: error: expected declaration specifiers or '...' before 'USBH_HOST'
lib/USB_Host/Core/inc/usbh_core.h:267:23: error: expected declaration specifiers or '...' before 'USBH_Status'
In file included from lib/USB_Host/Class/MSC/inc/usbh_msc_core.h:28:0,
                 from lib/Conf/usbh_usr.h:34,
                 from inc/main.h:15,
                 from src/main.c:18:
lib/USB_Host/Core/inc/usbh_stdreq.h:92:1: error: expected declaration specifiers before 'USBH_Status'
lib/USB_Host/Core/inc/usbh_stdreq.h:99:1: error: expected declaration specifiers before 'USBH_Status'
lib/USB_Host/Core/inc/usbh_stdreq.h:103:1: error: expected declaration specifiers before 'USBH_Status'
lib/USB_Host/Core/inc/usbh_stdreq.h:109:1: error: expected declaration specifiers before 'USBH_Status'
lib/USB_Host/Core/inc/usbh_stdreq.h:113:1: error: expected declaration specifiers before 'USBH_Status'
lib/USB_Host/Core/inc/usbh_stdreq.h:117:1: error: expected declaration specifiers before 'USBH_Status'
lib/USB_Host/Core/inc/usbh_stdreq.h:121:1: error: expected declaration specifiers before 'USBH_Status'
lib/USB_Host/Core/inc/usbh_stdreq.h:125:1: error: expected declaration specifiers before 'USBH_Status'
In file included from lib/USB_Host/Class/MSC/inc/usbh_msc_core.h:29:0,
                 from lib/Conf/usbh_usr.h:34,
                 from inc/main.h:15,
                 from src/main.c:18:
lib/USB_OTG/inc/usb_bsp.h:75:24: error: expected declaration specifiers or '...' before 'USB_OTG_CORE_HANDLE'
lib/USB_OTG/inc/usb_bsp.h:76:32: warning: type defaults to 'int' in declaration of 'uint32_t' [enabled by default]
lib/USB_OTG/inc/usb_bsp.h:76:41: error: expected ';', ',' or ')' before 'usec'
lib/USB_OTG/inc/usb_bsp.h:77:32: warning: type defaults to 'int' in declaration of 'uint32_t' [enabled by default]
lib/USB_OTG/inc/usb_bsp.h:77:41: error: expected ';', ',' or ')' before 'msec'
lib/USB_OTG/inc/usb_bsp.h:78:35: error: expected declaration specifiers or '...' before 'USB_OTG_CORE_HANDLE'
In file included from lib/USB_Host/Class/MSC/inc/usbh_msc_core.h:30:0,
                 from lib/Conf/usbh_usr.h:34,
                 from inc/main.h:15,
                 from src/main.c:18:
lib/USB_Host/Core/inc/usbh_ioreq.h:82:1: error: expected declaration specifiers before 'USBH_Status'
lib/USB_Host/Core/inc/usbh_ioreq.h:86:1: error: expected declaration specifiers before 'USBH_Status'
lib/USB_Host/Core/inc/usbh_ioreq.h:91:1: error: expected declaration specifiers before 'USBH_Status'
lib/USB_Host/Core/inc/usbh_ioreq.h:96:1: error: expected declaration specifiers before 'USBH_Status'
lib/USB_Host/Core/inc/usbh_ioreq.h:101:1: error: expected declaration specifiers before 'USBH_Status'
lib/USB_Host/Core/inc/usbh_ioreq.h:106:1: error: expected declaration specifiers before 'USBH_Status'
lib/USB_Host/Core/inc/usbh_ioreq.h:111:1: error: expected declaration specifiers before 'USBH_Status'
lib/USB_Host/Core/inc/usbh_ioreq.h:116:1: error: expected declaration specifiers before 'USBH_Status'
In file included from lib/USB_Host/Class/MSC/inc/usbh_msc_core.h:31:0,
                 from lib/Conf/usbh_usr.h:34,
                 from inc/main.h:15,
                 from src/main.c:18:
lib/USB_Host/Core/inc/usbh_hcs.h:83:1: error: expected declaration specifiers before 'uint8_t'
lib/USB_Host/Core/inc/usbh_hcs.h:85:1: error: expected declaration specifiers before 'uint8_t'
lib/USB_Host/Core/inc/usbh_hcs.h:87:1: error: expected declaration specifiers before 'uint8_t'
lib/USB_Host/Core/inc/usbh_hcs.h:89:1: error: expected declaration specifiers before 'uint8_t'
lib/USB_Host/Core/inc/usbh_hcs.h:96:1: error: expected declaration specifiers before 'uint8_t'
In file included from lib/USB_Host/Class/MSC/inc/usbh_msc_core.h:33:0,
                 from lib/Conf/usbh_usr.h:34,
                 from inc/main.h:15,
                 from src/main.c:18:
lib/USB_Host/Class/MSC/inc/usbh_msc_scsi.h:56:2: error: storage class specified for parameter 'USBH_MSC_Status_TypeDef'
lib/USB_Host/Class/MSC/inc/usbh_msc_scsi.h:62:3: error: storage class specified for parameter 'CMD_STATES_TypeDef'
lib/USB_Host/Class/MSC/inc/usbh_msc_scsi.h:68:3: error: expected specifier-qualifier-list before 'uint32_t'
lib/USB_Host/Class/MSC/inc/usbh_msc_scsi.h:74:3: error: storage class specified for parameter 'MassStorageParameter_TypeDef'
lib/USB_Host/Class/MSC/inc/usbh_msc_scsi.h:117:37: error: expected '=', ',', ';', 'asm' or '__attribute__' before 'USBH_MSC_Param'
lib/USB_Host/Class/MSC/inc/usbh_msc_scsi.h:125:1: error: expected declaration specifiers before 'uint8_t'
lib/USB_Host/Class/MSC/inc/usbh_msc_scsi.h:126:1: error: expected declaration specifiers before 'uint8_t'
lib/USB_Host/Class/MSC/inc/usbh_msc_scsi.h:127:1: error: expected declaration specifiers before 'uint8_t'
lib/USB_Host/Class/MSC/inc/usbh_msc_scsi.h:128:1: error: expected declaration specifiers before 'uint8_t'
lib/USB_Host/Class/MSC/inc/usbh_msc_scsi.h:129:1: error: expected declaration specifiers before 'uint8_t'
lib/USB_Host/Class/MSC/inc/usbh_msc_scsi.h:133:1: error: expected declaration specifiers before 'uint8_t'
lib/USB_Host/Class/MSC/inc/usbh_msc_scsi.h:137:28: error: expected declaration specifiers or '...' before 'USB_OTG_CORE_HANDLE'
In file included from lib/USB_Host/Class/MSC/inc/usbh_msc_core.h:34:0,
                 from lib/Conf/usbh_usr.h:34,
                 from inc/main.h:15,
                 from src/main.c:18:
lib/USB_Host/Class/MSC/inc/usbh_msc_bot.h:56:5: error: expected specifier-qualifier-list before 'uint32_t'
lib/USB_Host/Class/MSC/inc/usbh_msc_bot.h:64:3: error: expected specifier-qualifier-list before 'uint8_t'
lib/USB_Host/Class/MSC/inc/usbh_msc_bot.h:65:2: error: storage class specified for parameter 'HostCBWPkt_TypeDef'
lib/USB_Host/Class/MSC/inc/usbh_msc_bot.h:81:1: error: storage class specified for parameter 'MSCState'
lib/USB_Host/Class/MSC/inc/usbh_msc_bot.h:86:1: error: expected specifier-qualifier-list before 'uint8_t'
lib/USB_Host/Class/MSC/inc/usbh_msc_bot.h:96:3: error: storage class specified for parameter 'USBH_BOTXfer_TypeDef'
lib/USB_Host/Class/MSC/inc/usbh_msc_bot.h:103:5: error: expected specifier-qualifier-list before 'uint32_t'
lib/USB_Host/Class/MSC/inc/usbh_msc_bot.h:108:3: error: expected specifier-qualifier-list before 'uint8_t'
lib/USB_Host/Class/MSC/inc/usbh_msc_bot.h:109:2: error: storage class specified for parameter 'HostCSWPkt_TypeDef'
lib/USB_Host/Class/MSC/inc/usbh_msc_bot.h:180:29: error: expected '=', ',', ';', 'asm' or '__attribute__' before 'USBH_MSC_BOTXferParam'
lib/USB_Host/Class/MSC/inc/usbh_msc_bot.h:181:27: error: expected '=', ',', ';', 'asm' or '__attribute__' before 'USBH_MSC_CBWData'
lib/USB_Host/Class/MSC/inc/usbh_msc_bot.h:182:27: error: expected '=', ',', ';', 'asm' or '__attribute__' before 'USBH_MSC_CSWData'
lib/USB_Host/Class/MSC/inc/usbh_msc_bot.h:190:29: error: expected declaration specifiers or '...' before 'USB_OTG_CORE_HANDLE'
lib/USB_Host/Class/MSC/inc/usbh_msc_bot.h:191:29: error: expected declaration specifiers or '...' before 'USBH_HOST'
lib/USB_Host/Class/MSC/inc/usbh_msc_bot.h:192:1: error: expected declaration specifiers before 'uint8_t'
lib/USB_Host/Class/MSC/inc/usbh_msc_bot.h:194:20: error: expected declaration specifiers or '...' before 'USB_OTG_CORE_HANDLE'
lib/USB_Host/Class/MSC/inc/usbh_msc_bot.h:195:1: error: expected declaration specifiers before 'USBH_Status'
In file included from lib/Conf/usbh_usr.h:34:0,
                 from inc/main.h:15,
                 from src/main.c:18:
lib/USB_Host/Class/MSC/inc/usbh_msc_core.h:62:3: error: expected specifier-qualifier-list before 'uint8_t'
lib/USB_Host/Class/MSC/inc/usbh_msc_core.h:71:1: error: storage class specified for parameter 'MSC_Machine_TypeDef'
lib/USB_Host/Class/MSC/inc/usbh_msc_core.h:102:31: error: expected '=', ',', ';', 'asm' or '__attribute__' before 'USBH_MSC_cb'
lib/USB_Host/Class/MSC/inc/usbh_msc_core.h:103:31: error: expected '=', ',', ';', 'asm' or '__attribute__' before 'MSC_Machine'
lib/USB_Host/Class/MSC/inc/usbh_msc_core.h:104:16: error: expected '=', ',', ';', 'asm' or '__attribute__' before 'MSCErrorCount'
In file included from inc/main.h:15:0,
                 from src/main.c:18:
lib/Conf/usbh_usr.h:38:29: error: expected '=', ',', ';', 'asm' or '__attribute__' before 'USR_Callbacks'
lib/Conf/usbh_usr.h:46:35: error: expected declaration specifiers or '...' before 'uint8_t'
lib/Conf/usbh_usr.h:49:43: error: expected declaration specifiers or '...' before 'USBH_CfgDesc_TypeDef'
lib/Conf/usbh_usr.h:50:43: error: expected declaration specifiers or '...' before 'USBH_InterfaceDesc_TypeDef'
lib/Conf/usbh_usr.h:51:43: error: expected declaration specifiers or '...' before 'USBH_EpDesc_TypeDef'
lib/Conf/usbh_usr.h:56:1: error: expected declaration specifiers before 'USBH_USR_Status'
lib/Conf/usbh_usr.h:61:13: error: storage class specified for parameter 'WavePlayerStart'
lib/Conf/usbh_usr.h:62:13: error: storage class specified for parameter 'WaveRecorderUpdate'
lib/Conf/usbh_usr.h:63:24: warning: type defaults to 'int' in declaration of 'uint32_t' [enabled by default]
lib/Conf/usbh_usr.h:63:33: error: expected ';', ',' or ')' before 'nTime'
lib/Conf/usbh_usr.h:64:13: error: storage class specified for parameter 'WavePlayer_CallBack'
lib/Conf/usbh_usr.h:65:17: error: expected '=', ',', ';', 'asm' or '__attribute__' before 'WaveRecorderStop'
In file included from src/main.c:19:0:
src/time.h:38:22: warning: type defaults to 'int' in declaration of 'uint32_t' [enabled by default]
src/time.h:38:31: error: expected ';', ',' or ')' before 'ms'
src/time.h:40:1: error: expected declaration specifiers before 'uint64_t'
In file included from inc/stm32f4xx_conf.h:34:0,
                 from src/main.c:21:
lib/StdPeriph/inc/stm32f4xx_adc.h:55:3: error: expected specifier-qualifier-list before 'uint32_t'
In file included from inc/stm32f4xx_conf.h:34:0,
                 from src/main.c:21:
lib/StdPeriph/inc/stm32f4xx_adc.h:79:2: error: storage class specified for parameter 'ADC_InitTypeDef'
lib/StdPeriph/inc/stm32f4xx_adc.h:86:3: error: expected specifier-qualifier-list before 'uint32_t'
lib/StdPeriph/inc/stm32f4xx_adc.h:100:2: error: storage class specified for parameter 'ADC_CommonInitTypeDef'
lib/StdPeriph/inc/stm32f4xx_adc.h:585:15: error: expected declaration specifiers or '...' before 'ADC_TypeDef'
lib/StdPeriph/inc/stm32f4xx_adc.h:585:34: error: expected declaration specifiers or '...' before 'ADC_InitTypeDef'
lib/StdPeriph/inc/stm32f4xx_adc.h:586:21: error: expected declaration specifiers or '...' before 'ADC_InitTypeDef'
lib/StdPeriph/inc/stm32f4xx_adc.h:587:21: error: expected declaration specifiers or '...' before 'ADC_CommonInitTypeDef'
lib/StdPeriph/inc/stm32f4xx_adc.h:588:27: error: expected declaration specifiers or '...' before 'ADC_CommonInitTypeDef'
lib/StdPeriph/inc/stm32f4xx_adc.h:589:14: error: expected declaration specifiers or '...' before 'ADC_TypeDef'
lib/StdPeriph/inc/stm32f4xx_adc.h:589:33: error: expected declaration specifiers or '...' before 'FunctionalState'
lib/StdPeriph/inc/stm32f4xx_adc.h:592:28: error: expected declaration specifiers or '...' before 'ADC_TypeDef'
lib/StdPeriph/inc/stm32f4xx_adc.h:592:47: error: expected declaration specifiers or '...' before 'uint32_t'
lib/StdPeriph/inc/stm32f4xx_adc.h:593:41: error: expected declaration specifiers or '...' before 'ADC_TypeDef'
lib/StdPeriph/inc/stm32f4xx_adc.h:593:60: error: expected declaration specifiers or '...' before 'uint16_t'
lib/StdPeriph/inc/stm32f4xx_adc.h:593:83: error: expected declaration specifiers or '...' before 'uint16_t'
lib/StdPeriph/inc/stm32f4xx_adc.h:594:44: error: expected declaration specifiers or '...' before 'ADC_TypeDef'
lib/StdPeriph/inc/stm32f4xx_adc.h:594:63: error: expected declaration specifiers or '...' before 'uint8_t'
lib/StdPeriph/inc/stm32f4xx_adc.h:597:31: error: expected declaration specifiers or '...' before 'FunctionalState'
lib/StdPeriph/inc/stm32f4xx_adc.h:598:18: error: expected declaration specifiers or '...' before 'FunctionalState'
lib/StdPeriph/inc/stm32f4xx_adc.h:601:31: error: expected declaration specifiers or '...' before 'ADC_TypeDef'
lib/StdPeriph/inc/stm32f4xx_adc.h:601:50: error: expected declaration specifiers or '...' before 'uint8_t'
lib/StdPeriph/inc/stm32f4xx_adc.h:601:71: error: expected declaration specifiers or '...' before 'uint8_t'
lib/StdPeriph/inc/stm32f4xx_adc.h:601:85: error: expected declaration specifiers or '...' before 'uint8_t'
lib/StdPeriph/inc/stm32f4xx_adc.h:602:28: error: expected declaration specifiers or '...' before 'ADC_TypeDef'
lib/StdPeriph/inc/stm32f4xx_adc.h:603:1: error: expected declaration specifiers before 'FlagStatus'
lib/StdPeriph/inc/stm32f4xx_adc.h:604:37: error: expected declaration specifiers or '...' before 'ADC_TypeDef'
lib/StdPeriph/inc/stm32f4xx_adc.h:604:56: error: expected declaration specifiers or '...' before 'FunctionalState'
lib/StdPeriph/inc/stm32f4xx_adc.h:605:28: error: expected declaration specifiers or '...' before 'ADC_TypeDef'
lib/StdPeriph/inc/stm32f4xx_adc.h:605:47: error: expected declaration specifiers or '...' before 'FunctionalState'
lib/StdPeriph/inc/stm32f4xx_adc.h:606:37: error: expected declaration specifiers or '...' before 'ADC_TypeDef'
lib/StdPeriph/inc/stm32f4xx_adc.h:606:56: error: expected declaration specifiers or '...' before 'uint8_t'
lib/StdPeriph/inc/stm32f4xx_adc.h:607:22: error: expected declaration specifiers or '...' before 'ADC_TypeDef'
lib/StdPeriph/inc/stm32f4xx_adc.h:607:41: error: expected declaration specifiers or '...' before 'FunctionalState'
lib/StdPeriph/inc/stm32f4xx_adc.h:608:1: error: expected declaration specifiers before 'uint16_t'
lib/StdPeriph/inc/stm32f4xx_adc.h:609:1: error: expected declaration specifiers before 'uint32_t'
lib/StdPeriph/inc/stm32f4xx_adc.h:612:17: error: expected declaration specifiers or '...' before 'ADC_TypeDef'
lib/StdPeriph/inc/stm32f4xx_adc.h:612:36: error: expected declaration specifiers or '...' before 'FunctionalState'
lib/StdPeriph/inc/stm32f4xx_adc.h:613:41: error: expected declaration specifiers or '...' before 'ADC_TypeDef'
lib/StdPeriph/inc/stm32f4xx_adc.h:613:60: error: expected declaration specifiers or '...' before 'FunctionalState'
lib/StdPeriph/inc/stm32f4xx_adc.h:614:50: error: expected declaration specifiers or '...' before 'FunctionalState'
lib/StdPeriph/inc/stm32f4xx_adc.h:617:32: error: expected declaration specifiers or '...' before 'ADC_TypeDef'
lib/StdPeriph/inc/stm32f4xx_adc.h:617:51: error: expected declaration specifiers or '...' before 'uint8_t'
lib/StdPeriph/inc/stm32f4xx_adc.h:617:72: error: expected declaration specifiers or '...' before 'uint8_t'
lib/StdPeriph/inc/stm32f4xx_adc.h:617:86: error: expected declaration specifiers or '...' before 'uint8_t'
lib/StdPeriph/inc/stm32f4xx_adc.h:618:40: error: expected declaration specifiers or '...' before 'ADC_TypeDef'
lib/StdPeriph/inc/stm32f4xx_adc.h:618:59: error: expected declaration specifiers or '...' before 'uint8_t'
lib/StdPeriph/inc/stm32f4xx_adc.h:619:28: error: expected declaration specifiers or '...' before 'ADC_TypeDef'
lib/StdPeriph/inc/stm32f4xx_adc.h:619:47: error: expected declaration specifiers or '...' before 'uint8_t'
lib/StdPeriph/inc/stm32f4xx_adc.h:619:76: error: expected declaration specifiers or '...' before 'uint16_t'
lib/StdPeriph/inc/stm32f4xx_adc.h:620:41: error: expected declaration specifiers or '...' before 'ADC_TypeDef'
lib/StdPeriph/inc/stm32f4xx_adc.h:620:60: error: expected declaration specifiers or '...' before 'uint32_t'
lib/StdPeriph/inc/stm32f4xx_adc.h:621:45: error: expected declaration specifiers or '...' before 'ADC_TypeDef'
lib/StdPeriph/inc/stm32f4xx_adc.h:621:64: error: expected declaration specifiers or '...' before 'uint32_t'
lib/StdPeriph/inc/stm32f4xx_adc.h:622:36: error: expected declaration specifiers or '...' before 'ADC_TypeDef'
lib/StdPeriph/inc/stm32f4xx_adc.h:623:1: error: expected declaration specifiers before 'FlagStatus'
lib/StdPeriph/inc/stm32f4xx_adc.h:624:30: error: expected declaration specifiers or '...' before 'ADC_TypeDef'
lib/StdPeriph/inc/stm32f4xx_adc.h:624:49: error: expected declaration specifiers or '...' before 'FunctionalState'
lib/StdPeriph/inc/stm32f4xx_adc.h:625:30: error: expected declaration specifiers or '...' before 'ADC_TypeDef'
lib/StdPeriph/inc/stm32f4xx_adc.h:625:49: error: expected declaration specifiers or '...' before 'FunctionalState'
lib/StdPeriph/inc/stm32f4xx_adc.h:626:1: error: expected declaration specifiers before 'uint16_t'
lib/StdPeriph/inc/stm32f4xx_adc.h:629:19: error: expected declaration specifiers or '...' before 'ADC_TypeDef'
lib/StdPeriph/inc/stm32f4xx_adc.h:629:38: error: expected declaration specifiers or '...' before 'uint16_t'
lib/StdPeriph/inc/stm32f4xx_adc.h:629:55: error: expected declaration specifiers or '...' before 'FunctionalState'
lib/StdPeriph/inc/stm32f4xx_adc.h:630:1: error: expected declaration specifiers before 'FlagStatus'
lib/StdPeriph/inc/stm32f4xx_adc.h:631:20: error: expected declaration specifiers or '...' before 'ADC_TypeDef'
lib/StdPeriph/inc/stm32f4xx_adc.h:631:39: error: expected declaration specifiers or '...' before 'uint8_t'
lib/StdPeriph/inc/stm32f4xx_adc.h:632:1: error: expected declaration specifiers before 'ITStatus'
lib/StdPeriph/inc/stm32f4xx_adc.h:633:28: error: expected declaration specifiers or '...' before 'ADC_TypeDef'
lib/StdPeriph/inc/stm32f4xx_adc.h:633:47: error: expected declaration specifiers or '...' before 'uint16_t'
In file included from inc/stm32f4xx_conf.h:35:0,
                 from src/main.c:21:
lib/StdPeriph/inc/stm32f4xx_can.h:58:3: error: expected specifier-qualifier-list before 'uint16_t'
lib/StdPeriph/inc/stm32f4xx_can.h:93:3: error: storage class specified for parameter 'CAN_InitTypeDef'
lib/StdPeriph/inc/stm32f4xx_can.h:100:3: error: expected specifier-qualifier-list before 'uint16_t'
lib/StdPeriph/inc/stm32f4xx_can.h:131:3: error: storage class specified for parameter 'CAN_FilterInitTypeDef'
lib/StdPeriph/inc/stm32f4xx_can.h:138:3: error: expected specifier-qualifier-list before 'uint32_t'
lib/StdPeriph/inc/stm32f4xx_can.h:158:3: error: storage class specified for parameter 'CanTxMsg'
lib/StdPeriph/inc/stm32f4xx_can.h:165:3: error: expected specifier-qualifier-list before 'uint32_t'
lib/StdPeriph/inc/stm32f4xx_can.h:188:3: error: storage class specified for parameter 'CanRxMsg'
lib/StdPeriph/inc/stm32f4xx_can.h:593:17: error: expected declaration specifiers or '...' before 'CAN_TypeDef'
lib/StdPeriph/inc/stm32f4xx_can.h:596:1: error: expected declaration specifiers before 'uint8_t'
lib/StdPeriph/inc/stm32f4xx_can.h:597:21: error: expected declaration specifiers or '...' before 'CAN_FilterInitTypeDef'
lib/StdPeriph/inc/stm32f4xx_can.h:598:21: error: expected declaration specifiers or '...' before 'CAN_InitTypeDef'
lib/StdPeriph/inc/stm32f4xx_can.h:599:25: error: expected declaration specifiers or '...' before 'uint8_t'
lib/StdPeriph/inc/stm32f4xx_can.h:600:20: error: expected declaration specifiers or '...' before 'CAN_TypeDef'
lib/StdPeriph/inc/stm32f4xx_can.h:600:39: error: expected declaration specifiers or '...' before 'FunctionalState'
lib/StdPeriph/inc/stm32f4xx_can.h:601:23: error: expected declaration specifiers or '...' before 'CAN_TypeDef'
lib/StdPeriph/inc/stm32f4xx_can.h:601:42: error: expected declaration specifiers or '...' before 'FunctionalState'
lib/StdPeriph/inc/stm32f4xx_can.h:604:1: error: expected declaration specifiers before 'uint8_t'
lib/StdPeriph/inc/stm32f4xx_can.h:605:1: error: expected declaration specifiers before 'uint8_t'
lib/StdPeriph/inc/stm32f4xx_can.h:606:25: error: expected declaration specifiers or '...' before 'CAN_TypeDef'
lib/StdPeriph/inc/stm32f4xx_can.h:606:44: error: expected declaration specifiers or '...' before 'uint8_t'
lib/StdPeriph/inc/stm32f4xx_can.h:609:18: error: expected declaration specifiers or '...' before 'CAN_TypeDef'
lib/StdPeriph/inc/stm32f4xx_can.h:609:37: error: expected declaration specifiers or '...' before 'uint8_t'
lib/StdPeriph/inc/stm32f4xx_can.h:609:57: error: expected declaration specifiers or '...' before 'CanRxMsg'
lib/StdPeriph/inc/stm32f4xx_can.h:610:22: error: expected declaration specifiers or '...' before 'CAN_TypeDef'
lib/StdPeriph/inc/stm32f4xx_can.h:610:41: error: expected declaration specifiers or '...' before 'uint8_t'
lib/StdPeriph/inc/stm32f4xx_can.h:611:1: error: expected declaration specifiers before 'uint8_t'
lib/StdPeriph/inc/stm32f4xx_can.h:614:1: error: expected declaration specifiers before 'uint8_t'
lib/StdPeriph/inc/stm32f4xx_can.h:615:1: error: expected declaration specifiers before 'uint8_t'
lib/StdPeriph/inc/stm32f4xx_can.h:616:1: error: expected declaration specifiers before 'uint8_t'
lib/StdPeriph/inc/stm32f4xx_can.h:619:1: error: expected declaration specifiers before 'uint8_t'
lib/StdPeriph/inc/stm32f4xx_can.h:620:1: error: expected declaration specifiers before 'uint8_t'
lib/StdPeriph/inc/stm32f4xx_can.h:621:1: error: expected declaration specifiers before 'uint8_t'
lib/StdPeriph/inc/stm32f4xx_can.h:624:19: error: expected declaration specifiers or '...' before 'CAN_TypeDef'
lib/StdPeriph/inc/stm32f4xx_can.h:624:38: error: expected declaration specifiers or '...' before 'uint32_t'
lib/StdPeriph/inc/stm32f4xx_can.h:624:55: error: expected declaration specifiers or '...' before 'FunctionalState'
lib/StdPeriph/inc/stm32f4xx_can.h:625:1: error: expected declaration specifiers before 'FlagStatus'
lib/StdPeriph/inc/stm32f4xx_can.h:626:20: error: expected declaration specifiers or '...' before 'CAN_TypeDef'
lib/StdPeriph/inc/stm32f4xx_can.h:626:39: error: expected declaration specifiers or '...' before 'uint32_t'
lib/StdPeriph/inc/stm32f4xx_can.h:627:1: error: expected declaration specifiers before 'ITStatus'
lib/StdPeriph/inc/stm32f4xx_can.h:628:28: error: expected declaration specifiers or '...' before 'CAN_TypeDef'
lib/StdPeriph/inc/stm32f4xx_can.h:628:47: error: expected declaration specifiers or '...' before 'uint32_t'
In file included from inc/stm32f4xx_conf.h:36:0,
                 from src/main.c:21:
lib/StdPeriph/inc/stm32f4xx_crc.h:63:1: error: expected declaration specifiers before 'uint32_t'
lib/StdPeriph/inc/stm32f4xx_crc.h:64:1: error: expected declaration specifiers before 'uint32_t'
lib/StdPeriph/inc/stm32f4xx_crc.h:65:1: error: expected declaration specifiers before 'uint32_t'
lib/StdPeriph/inc/stm32f4xx_crc.h:66:24: error: expected declaration specifiers or '...' before 'uint8_t'
lib/StdPeriph/inc/stm32f4xx_crc.h:67:1: error: expected declaration specifiers before 'uint8_t'
In file included from inc/stm32f4xx_conf.h:37:0,
                 from src/main.c:21:
lib/StdPeriph/inc/stm32f4xx_cryp.h:55:3: error: expected specifier-qualifier-list before 'uint16_t'
lib/StdPeriph/inc/stm32f4xx_cryp.h:65:2: error: storage class specified for parameter 'CRYP_InitTypeDef'
lib/StdPeriph/inc/stm32f4xx_cryp.h:72:3: error: expected specifier-qualifier-list before 'uint32_t'
lib/StdPeriph/inc/stm32f4xx_cryp.h:80:2: error: storage class specified for parameter 'CRYP_KeyInitTypeDef'
lib/StdPeriph/inc/stm32f4xx_cryp.h:86:3: error: expected specifier-qualifier-list before 'uint32_t'
lib/StdPeriph/inc/stm32f4xx_cryp.h:90:2: error: storage class specified for parameter 'CRYP_IVInitTypeDef'
lib/StdPeriph/inc/stm32f4xx_cryp.h:98:3: error: expected specifier-qualifier-list before 'uint32_t'
lib/StdPeriph/inc/stm32f4xx_cryp.h:113:2: error: storage class specified for parameter 'CRYP_Context'
lib/StdPeriph/inc/stm32f4xx_cryp.h:262:16: error: expected declaration specifiers or '...' before 'CRYP_InitTypeDef'
lib/StdPeriph/inc/stm32f4xx_cryp.h:263:22: error: expected declaration specifiers or '...' before 'CRYP_InitTypeDef'
lib/StdPeriph/inc/stm32f4xx_cryp.h:264:19: error: expected declaration specifiers or '...' before 'CRYP_KeyInitTypeDef'
lib/StdPeriph/inc/stm32f4xx_cryp.h:265:25: error: expected declaration specifiers or '...' before 'CRYP_KeyInitTypeDef'
lib/StdPeriph/inc/stm32f4xx_cryp.h:266:18: error: expected declaration specifiers or '...' before 'CRYP_IVInitTypeDef'
lib/StdPeriph/inc/stm32f4xx_cryp.h:267:24: error: expected declaration specifiers or '...' before 'CRYP_IVInitTypeDef'
lib/StdPeriph/inc/stm32f4xx_cryp.h:268:15: error: expected declaration specifiers or '...' before 'FunctionalState'
lib/StdPeriph/inc/stm32f4xx_cryp.h:271:18: error: expected declaration specifiers or '...' before 'uint32_t'
lib/StdPeriph/inc/stm32f4xx_cryp.h:272:1: error: expected declaration specifiers before 'uint32_t'
lib/StdPeriph/inc/stm32f4xx_cryp.h:276:1: error: expected declaration specifiers before 'ErrorStatus'
lib/StdPeriph/inc/stm32f4xx_cryp.h:278:26: error: expected declaration specifiers or '...' before 'CRYP_Context'
lib/StdPeriph/inc/stm32f4xx_cryp.h:281:18: error: expected declaration specifiers or '...' before 'uint8_t'
lib/StdPeriph/inc/stm32f4xx_cryp.h:281:39: error: expected declaration specifiers or '...' before 'FunctionalState'
lib/StdPeriph/inc/stm32f4xx_cryp.h:284:20: error: expected declaration specifiers or '...' before 'uint8_t'
lib/StdPeriph/inc/stm32f4xx_cryp.h:284:37: error: expected declaration specifiers or '...' before 'FunctionalState'
lib/StdPeriph/inc/stm32f4xx_cryp.h:285:1: error: expected declaration specifiers before 'ITStatus'
lib/StdPeriph/inc/stm32f4xx_cryp.h:286:1: error: expected declaration specifiers before 'FlagStatus'
lib/StdPeriph/inc/stm32f4xx_cryp.h:289:1: error: expected declaration specifiers before 'ErrorStatus'
lib/StdPeriph/inc/stm32f4xx_cryp.h:294:1: error: expected declaration specifiers before 'ErrorStatus'
lib/StdPeriph/inc/stm32f4xx_cryp.h:300:1: error: expected declaration specifiers before 'ErrorStatus'
lib/StdPeriph/inc/stm32f4xx_cryp.h:307:1: error: expected declaration specifiers before 'ErrorStatus'
lib/StdPeriph/inc/stm32f4xx_cryp.h:312:1: error: expected declaration specifiers before 'ErrorStatus'
lib/StdPeriph/inc/stm32f4xx_cryp.h:319:1: error: expected declaration specifiers before 'ErrorStatus'
lib/StdPeriph/inc/stm32f4xx_cryp.h:324:1: error: expected declaration specifiers before 'ErrorStatus'
In file included from inc/stm32f4xx_conf.h:38:0,
                 from src/main.c:21:
lib/StdPeriph/inc/stm32f4xx_dac.h:56:3: error: expected specifier-qualifier-list before 'uint32_t'
lib/StdPeriph/inc/stm32f4xx_dac.h:69:2: error: storage class specified for parameter 'DAC_InitTypeDef'
In file included from inc/stm32f4xx_conf.h:38:0,
                 from src/main.c:21:
lib/StdPeriph/inc/stm32f4xx_dac.h:269:15: error: expected declaration specifiers or '...' before 'uint32_t'
lib/StdPeriph/inc/stm32f4xx_dac.h:269:37: error: expected declaration specifiers or '...' before 'DAC_InitTypeDef'
lib/StdPeriph/inc/stm32f4xx_dac.h:270:21: error: expected declaration specifiers or '...' before 'DAC_InitTypeDef'
lib/StdPeriph/inc/stm32f4xx_dac.h:271:14: error: expected declaration specifiers or '...' before 'uint32_t'
lib/StdPeriph/inc/stm32f4xx_dac.h:271:36: error: expected declaration specifiers or '...' before 'FunctionalState'
lib/StdPeriph/inc/stm32f4xx_dac.h:272:29: error: expected declaration specifiers or '...' before 'uint32_t'
lib/StdPeriph/inc/stm32f4xx_dac.h:272:51: error: expected declaration specifiers or '...' before 'FunctionalState'
lib/StdPeriph/inc/stm32f4xx_dac.h:273:33: error: expected declaration specifiers or '...' before 'FunctionalState'
lib/StdPeriph/inc/stm32f4xx_dac.h:274:28: error: expected declaration specifiers or '...' before 'uint32_t'
lib/StdPeriph/inc/stm32f4xx_dac.h:274:50: error: expected declaration specifiers or '...' before 'uint32_t'
lib/StdPeriph/inc/stm32f4xx_dac.h:274:69: error: expected declaration specifiers or '...' before 'FunctionalState'
lib/StdPeriph/inc/stm32f4xx_dac.h:275:26: error: expected declaration specifiers or '...' before 'uint32_t'
lib/StdPeriph/inc/stm32f4xx_dac.h:275:46: error: expected declaration specifiers or '...' before 'uint16_t'
lib/StdPeriph/inc/stm32f4xx_dac.h:276:26: error: expected declaration specifiers or '...' before 'uint32_t'
lib/StdPeriph/inc/stm32f4xx_dac.h:276:46: error: expected declaration specifiers or '...' before 'uint16_t'
lib/StdPeriph/inc/stm32f4xx_dac.h:277:29: error: expected declaration specifiers or '...' before 'uint32_t'
lib/StdPeriph/inc/stm32f4xx_dac.h:277:49: error: expected declaration specifiers or '...' before 'uint16_t'
lib/StdPeriph/inc/stm32f4xx_dac.h:277:65: error: expected declaration specifiers or '...' before 'uint16_t'
lib/StdPeriph/inc/stm32f4xx_dac.h:278:1: error: expected declaration specifiers before 'uint16_t'
lib/StdPeriph/inc/stm32f4xx_dac.h:281:17: error: expected declaration specifiers or '...' before 'uint32_t'
lib/StdPeriph/inc/stm32f4xx_dac.h:281:39: error: expected declaration specifiers or '...' before 'FunctionalState'
lib/StdPeriph/inc/stm32f4xx_dac.h:284:19: error: expected declaration specifiers or '...' before 'uint32_t'
lib/StdPeriph/inc/stm32f4xx_dac.h:284:41: error: expected declaration specifiers or '...' before 'uint32_t'
lib/StdPeriph/inc/stm32f4xx_dac.h:284:58: error: expected declaration specifiers or '...' before 'FunctionalState'
lib/StdPeriph/inc/stm32f4xx_dac.h:285:1: error: expected declaration specifiers before 'FlagStatus'
lib/StdPeriph/inc/stm32f4xx_dac.h:286:20: error: expected declaration specifiers or '...' before 'uint32_t'
lib/StdPeriph/inc/stm32f4xx_dac.h:286:42: error: expected declaration specifiers or '...' before 'uint32_t'
lib/StdPeriph/inc/stm32f4xx_dac.h:287:1: error: expected declaration specifiers before 'ITStatus'
lib/StdPeriph/inc/stm32f4xx_dac.h:288:28: error: expected declaration specifiers or '...' before 'uint32_t'
lib/StdPeriph/inc/stm32f4xx_dac.h:288:50: error: expected declaration specifiers or '...' before 'uint32_t'
In file included from inc/stm32f4xx_conf.h:39:0,
                 from src/main.c:21:
lib/StdPeriph/inc/stm32f4xx_dbgmcu.h:89:1: error: expected declaration specifiers before 'uint32_t'
lib/StdPeriph/inc/stm32f4xx_dbgmcu.h:90:1: error: expected declaration specifiers before 'uint32_t'
lib/StdPeriph/inc/stm32f4xx_dbgmcu.h:91:20: error: expected declaration specifiers or '...' before 'uint32_t'
lib/StdPeriph/inc/stm32f4xx_dbgmcu.h:91:44: error: expected declaration specifiers or '...' before 'FunctionalState'
lib/StdPeriph/inc/stm32f4xx_dbgmcu.h:92:30: error: expected declaration specifiers or '...' before 'uint32_t'
lib/StdPeriph/inc/stm32f4xx_dbgmcu.h:92:54: error: expected declaration specifiers or '...' before 'FunctionalState'
lib/StdPeriph/inc/stm32f4xx_dbgmcu.h:93:30: error: expected declaration specifiers or '...' before 'uint32_t'
lib/StdPeriph/inc/stm32f4xx_dbgmcu.h:93:54: error: expected declaration specifiers or '...' before 'FunctionalState'
In file included from inc/stm32f4xx_conf.h:40:0,
                 from src/main.c:21:
lib/StdPeriph/inc/stm32f4xx_dcmi.h:53:3: error: expected specifier-qualifier-list before 'uint16_t'
lib/StdPeriph/inc/stm32f4xx_dcmi.h:73:3: error: storage class specified for parameter 'DCMI_InitTypeDef'
lib/StdPeriph/inc/stm32f4xx_dcmi.h:80:3: error: expected specifier-qualifier-list before 'uint16_t'
lib/StdPeriph/inc/stm32f4xx_dcmi.h:92:3: error: storage class specified for parameter 'DCMI_CROPInitTypeDef'
lib/StdPeriph/inc/stm32f4xx_dcmi.h:99:3: error: expected specifier-qualifier-list before 'uint8_t'
lib/StdPeriph/inc/stm32f4xx_dcmi.h:103:3: error: storage class specified for parameter 'DCMI_CodesInitTypeDef'
lib/StdPeriph/inc/stm32f4xx_dcmi.h:279:16: error: expected declaration specifiers or '...' before 'DCMI_InitTypeDef'
lib/StdPeriph/inc/stm32f4xx_dcmi.h:280:22: error: expected declaration specifiers or '...' before 'DCMI_InitTypeDef'
lib/StdPeriph/inc/stm32f4xx_dcmi.h:281:22: error: expected declaration specifiers or '...' before 'DCMI_CROPInitTypeDef'
lib/StdPeriph/inc/stm32f4xx_dcmi.h:282:19: error: expected declaration specifiers or '...' before 'FunctionalState'
lib/StdPeriph/inc/stm32f4xx_dcmi.h:283:35: error: expected declaration specifiers or '...' before 'DCMI_CodesInitTypeDef'
lib/StdPeriph/inc/stm32f4xx_dcmi.h:284:19: error: expected declaration specifiers or '...' before 'FunctionalState'
lib/StdPeriph/inc/stm32f4xx_dcmi.h:287:15: error: expected declaration specifiers or '...' before 'FunctionalState'
lib/StdPeriph/inc/stm32f4xx_dcmi.h:288:22: error: expected declaration specifiers or '...' before 'FunctionalState'
lib/StdPeriph/inc/stm32f4xx_dcmi.h:289:1: error: expected declaration specifiers before 'uint32_t'
lib/StdPeriph/inc/stm32f4xx_dcmi.h:292:20: error: expected declaration specifiers or '...' before 'uint16_t'
lib/StdPeriph/inc/stm32f4xx_dcmi.h:292:38: error: expected declaration specifiers or '...' before 'FunctionalState'
lib/StdPeriph/inc/stm32f4xx_dcmi.h:293:1: error: expected declaration specifiers before 'FlagStatus'
lib/StdPeriph/inc/stm32f4xx_dcmi.h:294:21: error: expected declaration specifiers or '...' before 'uint16_t'
lib/StdPeriph/inc/stm32f4xx_dcmi.h:295:1: error: expected declaration specifiers before 'ITStatus'
lib/StdPeriph/inc/stm32f4xx_dcmi.h:296:29: error: expected declaration specifiers or '...' before 'uint16_t'
In file included from inc/stm32f4xx_conf.h:41:0,
                 from src/main.c:21:
lib/StdPeriph/inc/stm32f4xx_dma.h:56:3: error: expected specifier-qualifier-list before 'uint32_t'
lib/StdPeriph/inc/stm32f4xx_dma.h:110:2: error: storage class specified for parameter 'DMA_InitTypeDef'
lib/StdPeriph/inc/stm32f4xx_dma.h:562:17: error: expected declaration specifiers or '...' before 'DMA_Stream_TypeDef'
lib/StdPeriph/inc/stm32f4xx_dma.h:565:15: error: expected declaration specifiers or '...' before 'DMA_Stream_TypeDef'
lib/StdPeriph/inc/stm32f4xx_dma.h:565:49: error: expected declaration specifiers or '...' before 'DMA_InitTypeDef'
lib/StdPeriph/inc/stm32f4xx_dma.h:566:21: error: expected declaration specifiers or '...' before 'DMA_InitTypeDef'
lib/StdPeriph/inc/stm32f4xx_dma.h:567:14: error: expected declaration specifiers or '...' before 'DMA_Stream_TypeDef'
lib/StdPeriph/inc/stm32f4xx_dma.h:567:48: error: expected declaration specifiers or '...' before 'FunctionalState'
lib/StdPeriph/inc/stm32f4xx_dma.h:570:36: error: expected declaration specifiers or '...' before 'DMA_Stream_TypeDef'
lib/StdPeriph/inc/stm32f4xx_dma.h:570:70: error: expected declaration specifiers or '...' before 'uint32_t'
lib/StdPeriph/inc/stm32f4xx_dma.h:571:31: error: expected declaration specifiers or '...' before 'DMA_Stream_TypeDef'
lib/StdPeriph/inc/stm32f4xx_dma.h:571:65: error: expected declaration specifiers or '...' before 'uint32_t'
lib/StdPeriph/inc/stm32f4xx_dma.h:574:29: error: expected declaration specifiers or '...' before 'DMA_Stream_TypeDef'
lib/StdPeriph/inc/stm32f4xx_dma.h:574:63: error: expected declaration specifiers or '...' before 'uint16_t'
lib/StdPeriph/inc/stm32f4xx_dma.h:575:1: error: expected declaration specifiers before 'uint16_t'
lib/StdPeriph/inc/stm32f4xx_dma.h:578:33: error: expected declaration specifiers or '...' before 'DMA_Stream_TypeDef'
lib/StdPeriph/inc/stm32f4xx_dma.h:578:67: error: expected declaration specifiers or '...' before 'uint32_t'
lib/StdPeriph/inc/stm32f4xx_dma.h:579:33: error: expected declaration specifiers or '...' before 'uint32_t'
lib/StdPeriph/inc/stm32f4xx_dma.h:580:30: error: expected declaration specifiers or '...' before 'DMA_Stream_TypeDef'
lib/StdPeriph/inc/stm32f4xx_dma.h:580:64: error: expected declaration specifiers or '...' before 'FunctionalState'
lib/StdPeriph/inc/stm32f4xx_dma.h:581:29: error: expected declaration specifiers or '...' before 'DMA_Stream_TypeDef'
lib/StdPeriph/inc/stm32f4xx_dma.h:581:63: error: expected declaration specifiers or '...' before 'uint32_t'
lib/StdPeriph/inc/stm32f4xx_dma.h:582:29: error: expected declaration specifiers or '...' before 'uint32_t'
lib/StdPeriph/inc/stm32f4xx_dma.h:583:1: error: expected declaration specifiers before 'uint32_t'
lib/StdPeriph/inc/stm32f4xx_dma.h:586:1: error: expected declaration specifiers before 'FunctionalState'
lib/StdPeriph/inc/stm32f4xx_dma.h:587:1: error: expected declaration specifiers before 'uint32_t'
lib/StdPeriph/inc/stm32f4xx_dma.h:588:1: error: expected declaration specifiers before 'FlagStatus'
lib/StdPeriph/inc/stm32f4xx_dma.h:589:20: error: expected declaration specifiers or '...' before 'DMA_Stream_TypeDef'
lib/StdPeriph/inc/stm32f4xx_dma.h:589:54: error: expected declaration specifiers or '...' before 'uint32_t'
lib/StdPeriph/inc/stm32f4xx_dma.h:590:19: error: expected declaration specifiers or '...' before 'DMA_Stream_TypeDef'
lib/StdPeriph/inc/stm32f4xx_dma.h:590:53: error: expected declaration specifiers or '...' before 'uint32_t'
lib/StdPeriph/inc/stm32f4xx_dma.h:590:70: error: expected declaration specifiers or '...' before 'FunctionalState'
lib/StdPeriph/inc/stm32f4xx_dma.h:591:1: error: expected declaration specifiers before 'ITStatus'
lib/StdPeriph/inc/stm32f4xx_dma.h:592:28: error: expected declaration specifiers or '...' before 'DMA_Stream_TypeDef'
lib/StdPeriph/inc/stm32f4xx_dma.h:592:62: error: expected declaration specifiers or '...' before 'uint32_t'
In file included from inc/stm32f4xx_conf.h:42:0,
                 from src/main.c:21:
lib/StdPeriph/inc/stm32f4xx_exti.h:58:2: error: storage class specified for parameter 'EXTIMode_TypeDef'
lib/StdPeriph/inc/stm32f4xx_exti.h:71:2: error: storage class specified for parameter 'EXTITrigger_TypeDef'
lib/StdPeriph/inc/stm32f4xx_exti.h:82:3: error: expected specifier-qualifier-list before 'uint32_t'
lib/StdPeriph/inc/stm32f4xx_exti.h:93:2: error: storage class specified for parameter 'EXTI_InitTypeDef'
In file included from inc/stm32f4xx_conf.h:42:0,
                 from src/main.c:21:
lib/StdPeriph/inc/stm32f4xx_exti.h:159:16: error: expected declaration specifiers or '...' before 'EXTI_InitTypeDef'
lib/StdPeriph/inc/stm32f4xx_exti.h:160:22: error: expected declaration specifiers or '...' before 'EXTI_InitTypeDef'
lib/StdPeriph/inc/stm32f4xx_exti.h:161:31: error: expected declaration specifiers or '...' before 'uint32_t'
lib/StdPeriph/inc/stm32f4xx_exti.h:164:1: error: expected declaration specifiers before 'FlagStatus'
lib/StdPeriph/inc/stm32f4xx_exti.h:165:21: error: expected declaration specifiers or '...' before 'uint32_t'
lib/StdPeriph/inc/stm32f4xx_exti.h:166:1: error: expected declaration specifiers before 'ITStatus'
lib/StdPeriph/inc/stm32f4xx_exti.h:167:29: error: expected declaration specifiers or '...' before 'uint32_t'
In file included from inc/stm32f4xx_conf.h:43:0,
                 from src/main.c:21:
lib/StdPeriph/inc/stm32f4xx_flash.h:62:2: error: storage class specified for parameter 'FLASH_Status'
In file included from inc/stm32f4xx_conf.h:43:0,
                 from src/main.c:21:
lib/StdPeriph/inc/stm32f4xx_flash.h:289:23: error: expected declaration specifiers or '...' before 'uint32_t'
lib/StdPeriph/inc/stm32f4xx_flash.h:290:30: error: expected declaration specifiers or '...' before 'FunctionalState'
lib/StdPeriph/inc/stm32f4xx_flash.h:291:32: error: expected declaration specifiers or '...' before 'FunctionalState'
lib/StdPeriph/inc/stm32f4xx_flash.h:292:25: error: expected declaration specifiers or '...' before 'FunctionalState'
lib/StdPeriph/inc/stm32f4xx_flash.h:299:1: error: expected declaration specifiers before 'FLASH_Status'
lib/StdPeriph/inc/stm32f4xx_flash.h:300:1: error: expected declaration specifiers before 'FLASH_Status'
lib/StdPeriph/inc/stm32f4xx_flash.h:301:1: error: expected declaration specifiers before 'FLASH_Status'
lib/StdPeriph/inc/stm32f4xx_flash.h:302:1: error: expected declaration specifiers before 'FLASH_Status'
lib/StdPeriph/inc/stm32f4xx_flash.h:303:1: error: expected declaration specifiers before 'FLASH_Status'
lib/StdPeriph/inc/stm32f4xx_flash.h:304:1: error: expected declaration specifiers before 'FLASH_Status'
lib/StdPeriph/inc/stm32f4xx_flash.h:309:25: error: expected declaration specifiers or '...' before 'uint32_t'
lib/StdPeriph/inc/stm32f4xx_flash.h:309:42: error: expected declaration specifiers or '...' before 'FunctionalState'
lib/StdPeriph/inc/stm32f4xx_flash.h:310:25: error: expected declaration specifiers or '...' before 'uint8_t'
lib/StdPeriph/inc/stm32f4xx_flash.h:311:26: error: expected declaration specifiers or '...' before 'uint8_t'
lib/StdPeriph/inc/stm32f4xx_flash.h:311:43: error: expected declaration specifiers or '...' before 'uint8_t'
lib/StdPeriph/inc/stm32f4xx_flash.h:311:60: error: expected declaration specifiers or '...' before 'uint8_t'
lib/StdPeriph/inc/stm32f4xx_flash.h:312:25: error: expected declaration specifiers or '...' before 'uint8_t'
lib/StdPeriph/inc/stm32f4xx_flash.h:313:1: error: expected declaration specifiers before 'FLASH_Status'
lib/StdPeriph/inc/stm32f4xx_flash.h:314:1: error: expected declaration specifiers before 'uint8_t'
lib/StdPeriph/inc/stm32f4xx_flash.h:315:1: error: expected declaration specifiers before 'uint16_t'
lib/StdPeriph/inc/stm32f4xx_flash.h:316:1: error: expected declaration specifiers before 'FlagStatus'
lib/StdPeriph/inc/stm32f4xx_flash.h:317:1: error: expected declaration specifiers before 'uint8_t'
lib/StdPeriph/inc/stm32f4xx_flash.h:320:21: error: expected declaration specifiers or '...' before 'uint32_t'
lib/StdPeriph/inc/stm32f4xx_flash.h:320:40: error: expected declaration specifiers or '...' before 'FunctionalState'
lib/StdPeriph/inc/stm32f4xx_flash.h:321:1: error: expected declaration specifiers before 'FlagStatus'
lib/StdPeriph/inc/stm32f4xx_flash.h:322:22: error: expected declaration specifiers or '...' before 'uint32_t'
lib/StdPeriph/inc/stm32f4xx_flash.h:323:1: error: expected declaration specifiers before 'FLASH_Status'
lib/StdPeriph/inc/stm32f4xx_flash.h:324:1: error: expected declaration specifiers before 'FLASH_Status'
In file included from inc/stm32f4xx_conf.h:44:0,
                 from src/main.c:21:
lib/StdPeriph/inc/stm32f4xx_fsmc.h:55:3: error: expected specifier-qualifier-list before 'uint32_t'
In file included from inc/stm32f4xx_conf.h:44:0,
                 from src/main.c:21:
lib/StdPeriph/inc/stm32f4xx_fsmc.h:89:2: error: storage class specified for parameter 'FSMC_NORSRAMTimingInitTypeDef'
lib/StdPeriph/inc/stm32f4xx_fsmc.h:96:3: error: expected specifier-qualifier-list before 'uint32_t'
lib/StdPeriph/inc/stm32f4xx_fsmc.h:147:2: error: storage class specified for parameter 'FSMC_NORSRAMInitTypeDef'
lib/StdPeriph/inc/stm32f4xx_fsmc.h:154:3: error: expected specifier-qualifier-list before 'uint32_t'
lib/StdPeriph/inc/stm32f4xx_fsmc.h:178:2: error: storage class specified for parameter 'FSMC_NAND_PCCARDTimingInitTypeDef'
lib/StdPeriph/inc/stm32f4xx_fsmc.h:185:3: error: expected specifier-qualifier-list before 'uint32_t'
lib/StdPeriph/inc/stm32f4xx_fsmc.h:211:2: error: storage class specified for parameter 'FSMC_NANDInitTypeDef'
lib/StdPeriph/inc/stm32f4xx_fsmc.h:219:3: error: expected specifier-qualifier-list before 'uint32_t'
lib/StdPeriph/inc/stm32f4xx_fsmc.h:236:2: error: storage class specified for parameter 'FSMC_PCCARDInitTypeDef'
lib/StdPeriph/inc/stm32f4xx_fsmc.h:636:25: error: expected declaration specifiers or '...' before 'uint32_t'
lib/StdPeriph/inc/stm32f4xx_fsmc.h:637:23: error: expected declaration specifiers or '...' before 'FSMC_NORSRAMInitTypeDef'
lib/StdPeriph/inc/stm32f4xx_fsmc.h:638:29: error: expected declaration specifiers or '...' before 'FSMC_NORSRAMInitTypeDef'
lib/StdPeriph/inc/stm32f4xx_fsmc.h:639:22: error: expected declaration specifiers or '...' before 'uint32_t'
lib/StdPeriph/inc/stm32f4xx_fsmc.h:639:42: error: expected declaration specifiers or '...' before 'FunctionalState'
lib/StdPeriph/inc/stm32f4xx_fsmc.h:642:22: error: expected declaration specifiers or '...' before 'uint32_t'
lib/StdPeriph/inc/stm32f4xx_fsmc.h:643:20: error: expected declaration specifiers or '...' before 'FSMC_NANDInitTypeDef'
lib/StdPeriph/inc/stm32f4xx_fsmc.h:644:26: error: expected declaration specifiers or '...' before 'FSMC_NANDInitTypeDef'
lib/StdPeriph/inc/stm32f4xx_fsmc.h:645:19: error: expected declaration specifiers or '...' before 'uint32_t'
lib/StdPeriph/inc/stm32f4xx_fsmc.h:645:39: error: expected declaration specifiers or '...' before 'FunctionalState'
lib/StdPeriph/inc/stm32f4xx_fsmc.h:646:22: error: expected declaration specifiers or '...' before 'uint32_t'
lib/StdPeriph/inc/stm32f4xx_fsmc.h:646:42: error: expected declaration specifiers or '...' before 'FunctionalState'
lib/StdPeriph/inc/stm32f4xx_fsmc.h:647:1: error: expected declaration specifiers before 'uint32_t'
lib/StdPeriph/inc/stm32f4xx_fsmc.h:651:22: error: expected declaration specifiers or '...' before 'FSMC_PCCARDInitTypeDef'
lib/StdPeriph/inc/stm32f4xx_fsmc.h:652:28: error: expected declaration specifiers or '...' before 'FSMC_PCCARDInitTypeDef'
lib/StdPeriph/inc/stm32f4xx_fsmc.h:653:21: error: expected declaration specifiers or '...' before 'FunctionalState'
lib/StdPeriph/inc/stm32f4xx_fsmc.h:656:20: error: expected declaration specifiers or '...' before 'uint32_t'
lib/StdPeriph/inc/stm32f4xx_fsmc.h:656:40: error: expected declaration specifiers or '...' before 'uint32_t'
lib/StdPeriph/inc/stm32f4xx_fsmc.h:656:58: error: expected declaration specifiers or '...' before 'FunctionalState'
lib/StdPeriph/inc/stm32f4xx_fsmc.h:657:1: error: expected declaration specifiers before 'FlagStatus'
lib/StdPeriph/inc/stm32f4xx_fsmc.h:658:21: error: expected declaration specifiers or '...' before 'uint32_t'
lib/StdPeriph/inc/stm32f4xx_fsmc.h:658:41: error: expected declaration specifiers or '...' before 'uint32_t'
lib/StdPeriph/inc/stm32f4xx_fsmc.h:659:1: error: expected declaration specifiers before 'ITStatus'
lib/StdPeriph/inc/stm32f4xx_fsmc.h:660:29: error: expected declaration specifiers or '...' before 'uint32_t'
lib/StdPeriph/inc/stm32f4xx_fsmc.h:660:49: error: expected declaration specifiers or '...' before 'uint32_t'
In file included from inc/stm32f4xx_conf.h:45:0,
                 from src/main.c:21:
lib/StdPeriph/inc/stm32f4xx_hash.h:55:3: error: expected specifier-qualifier-list before 'uint32_t'
lib/StdPeriph/inc/stm32f4xx_hash.h:64:2: error: storage class specified for parameter 'HASH_InitTypeDef'
lib/StdPeriph/inc/stm32f4xx_hash.h:71:3: error: expected specifier-qualifier-list before 'uint32_t'
lib/StdPeriph/inc/stm32f4xx_hash.h:73:3: error: storage class specified for parameter 'HASH_MsgDigest'
lib/StdPeriph/inc/stm32f4xx_hash.h:80:3: error: expected specifier-qualifier-list before 'uint32_t'
lib/StdPeriph/inc/stm32f4xx_hash.h:84:2: error: storage class specified for parameter 'HASH_Context'
In file included from inc/stm32f4xx_conf.h:45:0,
                 from src/main.c:21:
lib/StdPeriph/inc/stm32f4xx_hash.h:199:16: error: expected declaration specifiers or '...' before 'HASH_InitTypeDef'
lib/StdPeriph/inc/stm32f4xx_hash.h:200:22: error: expected declaration specifiers or '...' before 'HASH_InitTypeDef'
lib/StdPeriph/inc/stm32f4xx_hash.h:204:18: error: expected declaration specifiers or '...' before 'uint32_t'
lib/StdPeriph/inc/stm32f4xx_hash.h:205:1: error: expected declaration specifiers before 'uint8_t'
lib/StdPeriph/inc/stm32f4xx_hash.h:206:35: error: expected declaration specifiers or '...' before 'uint16_t'
lib/StdPeriph/inc/stm32f4xx_hash.h:208:21: error: expected declaration specifiers or '...' before 'HASH_MsgDigest'
lib/StdPeriph/inc/stm32f4xx_hash.h:211:23: error: expected declaration specifiers or '...' before 'HASH_Context'
lib/StdPeriph/inc/stm32f4xx_hash.h:212:26: error: expected declaration specifiers or '...' before 'HASH_Context'
lib/StdPeriph/inc/stm32f4xx_hash.h:215:18: error: expected declaration specifiers or '...' before 'FunctionalState'
lib/StdPeriph/inc/stm32f4xx_hash.h:218:20: error: expected declaration specifiers or '...' before 'uint8_t'
lib/StdPeriph/inc/stm32f4xx_hash.h:218:37: error: expected declaration specifiers or '...' before 'FunctionalState'
lib/StdPeriph/inc/stm32f4xx_hash.h:219:1: error: expected declaration specifiers before 'FlagStatus'
lib/StdPeriph/inc/stm32f4xx_hash.h:220:21: error: expected declaration specifiers or '...' before 'uint16_t'
lib/StdPeriph/inc/stm32f4xx_hash.h:221:1: error: expected declaration specifiers before 'ITStatus'
lib/StdPeriph/inc/stm32f4xx_hash.h:222:29: error: expected declaration specifiers or '...' before 'uint8_t'
lib/StdPeriph/inc/stm32f4xx_hash.h:225:1: error: expected declaration specifiers before 'ErrorStatus'
lib/StdPeriph/inc/stm32f4xx_hash.h:226:1: error: expected declaration specifiers before 'ErrorStatus'
lib/StdPeriph/inc/stm32f4xx_hash.h:231:1: error: expected declaration specifiers before 'ErrorStatus'
lib/StdPeriph/inc/stm32f4xx_hash.h:232:1: error: expected declaration specifiers before 'ErrorStatus'
In file included from inc/stm32f4xx_conf.h:46:0,
                 from src/main.c:21:
lib/StdPeriph/inc/stm32f4xx_gpio.h:69:2: error: storage class specified for parameter 'GPIOMode_TypeDef'
lib/StdPeriph/inc/stm32f4xx_gpio.h:80:2: error: storage class specified for parameter 'GPIOOType_TypeDef'
lib/StdPeriph/inc/stm32f4xx_gpio.h:93:2: error: storage class specified for parameter 'GPIOSpeed_TypeDef'
lib/StdPeriph/inc/stm32f4xx_gpio.h:105:2: error: storage class specified for parameter 'GPIOPuPd_TypeDef'
lib/StdPeriph/inc/stm32f4xx_gpio.h:116:2: error: storage class specified for parameter 'BitAction'
lib/StdPeriph/inc/stm32f4xx_gpio.h:125:3: error: expected specifier-qualifier-list before 'uint32_t'
lib/StdPeriph/inc/stm32f4xx_gpio.h:139:2: error: storage class specified for parameter 'GPIO_InitTypeDef'
lib/StdPeriph/inc/stm32f4xx_gpio.h:377:18: error: expected declaration specifiers or '...' before 'GPIO_TypeDef'
lib/StdPeriph/inc/stm32f4xx_gpio.h:380:16: error: expected declaration specifiers or '...' before 'GPIO_TypeDef'
lib/StdPeriph/inc/stm32f4xx_gpio.h:380:37: error: expected declaration specifiers or '...' before 'GPIO_InitTypeDef'
lib/StdPeriph/inc/stm32f4xx_gpio.h:381:22: error: expected declaration specifiers or '...' before 'GPIO_InitTypeDef'
lib/StdPeriph/inc/stm32f4xx_gpio.h:382:25: error: expected declaration specifiers or '...' before 'GPIO_TypeDef'
lib/StdPeriph/inc/stm32f4xx_gpio.h:382:46: error: expected declaration specifiers or '...' before 'uint16_t'
lib/StdPeriph/inc/stm32f4xx_gpio.h:385:1: error: expected declaration specifiers before 'uint8_t'
lib/StdPeriph/inc/stm32f4xx_gpio.h:386:1: error: expected declaration specifiers before 'uint16_t'
lib/StdPeriph/inc/stm32f4xx_gpio.h:387:1: error: expected declaration specifiers before 'uint8_t'
lib/StdPeriph/inc/stm32f4xx_gpio.h:388:1: error: expected declaration specifiers before 'uint16_t'
lib/StdPeriph/inc/stm32f4xx_gpio.h:389:19: error: expected declaration specifiers or '...' before 'GPIO_TypeDef'
lib/StdPeriph/inc/stm32f4xx_gpio.h:389:40: error: expected declaration specifiers or '...' before 'uint16_t'
lib/StdPeriph/inc/stm32f4xx_gpio.h:390:21: error: expected declaration specifiers or '...' before 'GPIO_TypeDef'
lib/StdPeriph/inc/stm32f4xx_gpio.h:390:42: error: expected declaration specifiers or '...' before 'uint16_t'
lib/StdPeriph/inc/stm32f4xx_gpio.h:391:20: error: expected declaration specifiers or '...' before 'GPIO_TypeDef'
lib/StdPeriph/inc/stm32f4xx_gpio.h:391:41: error: expected declaration specifiers or '...' before 'uint16_t'
lib/StdPeriph/inc/stm32f4xx_gpio.h:391:60: error: expected declaration specifiers or '...' before 'BitAction'
lib/StdPeriph/inc/stm32f4xx_gpio.h:392:17: error: expected declaration specifiers or '...' before 'GPIO_TypeDef'
lib/StdPeriph/inc/stm32f4xx_gpio.h:392:38: error: expected declaration specifiers or '...' before 'uint16_t'
lib/StdPeriph/inc/stm32f4xx_gpio.h:393:22: error: expected declaration specifiers or '...' before 'GPIO_TypeDef'
lib/StdPeriph/inc/stm32f4xx_gpio.h:393:43: error: expected declaration specifiers or '...' before 'uint16_t'
lib/StdPeriph/inc/stm32f4xx_gpio.h:396:23: error: expected declaration specifiers or '...' before 'GPIO_TypeDef'
lib/StdPeriph/inc/stm32f4xx_gpio.h:396:44: error: expected declaration specifiers or '...' before 'uint16_t'
lib/StdPeriph/inc/stm32f4xx_gpio.h:396:69: error: expected declaration specifiers or '...' before 'uint8_t'
In file included from inc/stm32f4xx_conf.h:47:0,
                 from src/main.c:21:
lib/StdPeriph/inc/stm32f4xx_i2c.h:56:3: error: expected specifier-qualifier-list before 'uint32_t'
lib/StdPeriph/inc/stm32f4xx_i2c.h:73:2: error: storage class specified for parameter 'I2C_InitTypeDef'
lib/StdPeriph/inc/stm32f4xx_i2c.h:537:17: error: expected declaration specifiers or '...' before 'I2C_TypeDef'
lib/StdPeriph/inc/stm32f4xx_i2c.h:540:15: error: expected declaration specifiers or '...' before 'I2C_TypeDef'
lib/StdPeriph/inc/stm32f4xx_i2c.h:540:34: error: expected declaration specifiers or '...' before 'I2C_InitTypeDef'
lib/StdPeriph/inc/stm32f4xx_i2c.h:541:21: error: expected declaration specifiers or '...' before 'I2C_InitTypeDef'
lib/StdPeriph/inc/stm32f4xx_i2c.h:542:14: error: expected declaration specifiers or '...' before 'I2C_TypeDef'
lib/StdPeriph/inc/stm32f4xx_i2c.h:542:33: error: expected declaration specifiers or '...' before 'FunctionalState'
lib/StdPeriph/inc/stm32f4xx_i2c.h:543:24: error: expected declaration specifiers or '...' before 'I2C_TypeDef'
lib/StdPeriph/inc/stm32f4xx_i2c.h:543:43: error: expected declaration specifiers or '...' before 'FunctionalState'
lib/StdPeriph/inc/stm32f4xx_i2c.h:544:23: error: expected declaration specifiers or '...' before 'I2C_TypeDef'
lib/StdPeriph/inc/stm32f4xx_i2c.h:544:42: error: expected declaration specifiers or '...' before 'FunctionalState'
lib/StdPeriph/inc/stm32f4xx_i2c.h:545:26: error: expected declaration specifiers or '...' before 'I2C_TypeDef'
lib/StdPeriph/inc/stm32f4xx_i2c.h:545:45: error: expected declaration specifiers or '...' before 'uint8_t'
lib/StdPeriph/inc/stm32f4xx_i2c.h:545:62: error: expected declaration specifiers or '...' before 'uint8_t'
lib/StdPeriph/inc/stm32f4xx_i2c.h:546:28: error: expected declaration specifiers or '...' before 'I2C_TypeDef'
lib/StdPeriph/inc/stm32f4xx_i2c.h:546:47: error: expected declaration specifiers or '...' before 'FunctionalState'
lib/StdPeriph/inc/stm32f4xx_i2c.h:547:28: error: expected declaration specifiers or '...' before 'I2C_TypeDef'
lib/StdPeriph/inc/stm32f4xx_i2c.h:547:47: error: expected declaration specifiers or '...' before 'uint8_t'
lib/StdPeriph/inc/stm32f4xx_i2c.h:548:25: error: expected declaration specifiers or '...' before 'I2C_TypeDef'
lib/StdPeriph/inc/stm32f4xx_i2c.h:548:44: error: expected declaration specifiers or '...' before 'FunctionalState'
lib/StdPeriph/inc/stm32f4xx_i2c.h:549:25: error: expected declaration specifiers or '...' before 'I2C_TypeDef'
lib/StdPeriph/inc/stm32f4xx_i2c.h:549:44: error: expected declaration specifiers or '...' before 'FunctionalState'
lib/StdPeriph/inc/stm32f4xx_i2c.h:550:27: error: expected declaration specifiers or '...' before 'I2C_TypeDef'
lib/StdPeriph/inc/stm32f4xx_i2c.h:550:46: error: expected declaration specifiers or '...' before 'FunctionalState'
lib/StdPeriph/inc/stm32f4xx_i2c.h:551:26: error: expected declaration specifiers or '...' before 'I2C_TypeDef'
lib/StdPeriph/inc/stm32f4xx_i2c.h:551:45: error: expected declaration specifiers or '...' before 'FunctionalState'
lib/StdPeriph/inc/stm32f4xx_i2c.h:552:34: error: expected declaration specifiers or '...' before 'I2C_TypeDef'
lib/StdPeriph/inc/stm32f4xx_i2c.h:552:53: error: expected declaration specifiers or '...' before 'uint16_t'
lib/StdPeriph/inc/stm32f4xx_i2c.h:553:29: error: expected declaration specifiers or '...' before 'I2C_TypeDef'
lib/StdPeriph/inc/stm32f4xx_i2c.h:553:48: error: expected declaration specifiers or '...' before 'uint16_t'
lib/StdPeriph/inc/stm32f4xx_i2c.h:554:27: error: expected declaration specifiers or '...' before 'I2C_TypeDef'
lib/StdPeriph/inc/stm32f4xx_i2c.h:554:46: error: expected declaration specifiers or '...' before 'uint16_t'
lib/StdPeriph/inc/stm32f4xx_i2c.h:555:17: error: expected declaration specifiers or '...' before 'I2C_TypeDef'
lib/StdPeriph/inc/stm32f4xx_i2c.h:555:36: error: expected declaration specifiers or '...' before 'FunctionalState'
lib/StdPeriph/inc/stm32f4xx_i2c.h:558:19: error: expected declaration specifiers or '...' before 'I2C_TypeDef'
lib/StdPeriph/inc/stm32f4xx_i2c.h:558:38: error: expected declaration specifiers or '...' before 'uint8_t'
lib/StdPeriph/inc/stm32f4xx_i2c.h:559:1: error: expected declaration specifiers before 'uint8_t'
lib/StdPeriph/inc/stm32f4xx_i2c.h:562:22: error: expected declaration specifiers or '...' before 'I2C_TypeDef'
lib/StdPeriph/inc/stm32f4xx_i2c.h:562:41: error: expected declaration specifiers or '...' before 'FunctionalState'
lib/StdPeriph/inc/stm32f4xx_i2c.h:563:28: error: expected declaration specifiers or '...' before 'I2C_TypeDef'
lib/StdPeriph/inc/stm32f4xx_i2c.h:563:47: error: expected declaration specifiers or '...' before 'uint16_t'
lib/StdPeriph/inc/stm32f4xx_i2c.h:564:23: error: expected declaration specifiers or '...' before 'I2C_TypeDef'
lib/StdPeriph/inc/stm32f4xx_i2c.h:564:42: error: expected declaration specifiers or '...' before 'FunctionalState'
lib/StdPeriph/inc/stm32f4xx_i2c.h:565:1: error: expected declaration specifiers before 'uint8_t'
lib/StdPeriph/inc/stm32f4xx_i2c.h:568:17: error: expected declaration specifiers or '...' before 'I2C_TypeDef'
lib/StdPeriph/inc/stm32f4xx_i2c.h:568:36: error: expected declaration specifiers or '...' before 'FunctionalState'
lib/StdPeriph/inc/stm32f4xx_i2c.h:569:29: error: expected declaration specifiers or '...' before 'I2C_TypeDef'
lib/StdPeriph/inc/stm32f4xx_i2c.h:569:48: error: expected declaration specifiers or '...' before 'FunctionalState'
lib/StdPeriph/inc/stm32f4xx_i2c.h:572:1: error: expected declaration specifiers before 'uint16_t'
lib/StdPeriph/inc/stm32f4xx_i2c.h:573:19: error: expected declaration specifiers or '...' before 'I2C_TypeDef'
lib/StdPeriph/inc/stm32f4xx_i2c.h:573:38: error: expected declaration specifiers or '...' before 'uint16_t'
lib/StdPeriph/inc/stm32f4xx_i2c.h:573:55: error: expected declaration specifiers or '...' before 'FunctionalState'
lib/StdPeriph/inc/stm32f4xx_i2c.h:665:1: error: expected declaration specifiers before 'ErrorStatus'
lib/StdPeriph/inc/stm32f4xx_i2c.h:671:1: error: expected declaration specifiers before 'uint32_t'
lib/StdPeriph/inc/stm32f4xx_i2c.h:677:1: error: expected declaration specifiers before 'FlagStatus'
lib/StdPeriph/inc/stm32f4xx_i2c.h:680:20: error: expected declaration specifiers or '...' before 'I2C_TypeDef'
lib/StdPeriph/inc/stm32f4xx_i2c.h:680:39: error: expected declaration specifiers or '...' before 'uint32_t'
lib/StdPeriph/inc/stm32f4xx_i2c.h:681:1: error: expected declaration specifiers before 'ITStatus'
lib/StdPeriph/inc/stm32f4xx_i2c.h:682:28: error: expected declaration specifiers or '...' before 'I2C_TypeDef'
lib/StdPeriph/inc/stm32f4xx_i2c.h:682:47: error: expected declaration specifiers or '...' before 'uint32_t'
In file included from inc/stm32f4xx_conf.h:48:0,
                 from src/main.c:21:
lib/StdPeriph/inc/stm32f4xx_iwdg.h:106:26: error: expected declaration specifiers or '...' before 'uint16_t'
lib/StdPeriph/inc/stm32f4xx_iwdg.h:107:24: error: expected declaration specifiers or '...' before 'uint8_t'
lib/StdPeriph/inc/stm32f4xx_iwdg.h:108:21: error: expected declaration specifiers or '...' before 'uint16_t'
lib/StdPeriph/inc/stm32f4xx_iwdg.h:115:1: error: expected declaration specifiers before 'FlagStatus'
In file included from inc/stm32f4xx_conf.h:49:0,
                 from src/main.c:21:
lib/StdPeriph/inc/stm32f4xx_pwr.h:147:26: error: expected declaration specifiers or '...' before 'FunctionalState'
lib/StdPeriph/inc/stm32f4xx_pwr.h:150:25: error: expected declaration specifiers or '...' before 'uint32_t'
lib/StdPeriph/inc/stm32f4xx_pwr.h:151:17: error: expected declaration specifiers or '...' before 'FunctionalState'
lib/StdPeriph/inc/stm32f4xx_pwr.h:154:23: error: expected declaration specifiers or '...' before 'FunctionalState'
lib/StdPeriph/inc/stm32f4xx_pwr.h:157:29: error: expected declaration specifiers or '...' before 'FunctionalState'
lib/StdPeriph/inc/stm32f4xx_pwr.h:158:34: error: expected declaration specifiers or '...' before 'uint32_t'
lib/StdPeriph/inc/stm32f4xx_pwr.h:161:28: error: expected declaration specifiers or '...' before 'FunctionalState'
lib/StdPeriph/inc/stm32f4xx_pwr.h:164:24: error: expected declaration specifiers or '...' before 'uint32_t'
lib/StdPeriph/inc/stm32f4xx_pwr.h:164:48: error: expected declaration specifiers or '...' before 'uint8_t'
lib/StdPeriph/inc/stm32f4xx_pwr.h:168:1: error: expected declaration specifiers before 'FlagStatus'
lib/StdPeriph/inc/stm32f4xx_pwr.h:169:20: error: expected declaration specifiers or '...' before 'uint32_t'
In file included from inc/stm32f4xx_conf.h:50:0,
                 from src/main.c:21:
lib/StdPeriph/inc/stm32f4xx_rcc.h:50:3: error: expected specifier-qualifier-list before 'uint32_t'
lib/StdPeriph/inc/stm32f4xx_rcc.h:54:2: error: storage class specified for parameter 'RCC_ClocksTypeDef'
In file included from inc/stm32f4xx_conf.h:50:0,
                 from src/main.c:21:
lib/StdPeriph/inc/stm32f4xx_rcc.h:447:20: error: expected declaration specifiers or '...' before 'uint8_t'
lib/StdPeriph/inc/stm32f4xx_rcc.h:448:1: error: expected declaration specifiers before 'ErrorStatus'
lib/StdPeriph/inc/stm32f4xx_rcc.h:449:36: error: expected declaration specifiers or '...' before 'uint8_t'
lib/StdPeriph/inc/stm32f4xx_rcc.h:450:17: error: expected declaration specifiers or '...' before 'FunctionalState'
lib/StdPeriph/inc/stm32f4xx_rcc.h:451:20: error: expected declaration specifiers or '...' before 'uint8_t'
lib/StdPeriph/inc/stm32f4xx_rcc.h:452:17: error: expected declaration specifiers or '...' before 'FunctionalState'
lib/StdPeriph/inc/stm32f4xx_rcc.h:454:20: error: expected declaration specifiers or '...' before 'uint32_t'
lib/StdPeriph/inc/stm32f4xx_rcc.h:454:44: error: expected declaration specifiers or '...' before 'uint32_t'
lib/StdPeriph/inc/stm32f4xx_rcc.h:454:59: error: expected declaration specifiers or '...' before 'uint32_t'
lib/StdPeriph/inc/stm32f4xx_rcc.h:454:74: error: expected declaration specifiers or '...' before 'uint32_t'
lib/StdPeriph/inc/stm32f4xx_rcc.h:454:89: error: expected declaration specifiers or '...' before 'uint32_t'
lib/StdPeriph/inc/stm32f4xx_rcc.h:455:17: error: expected declaration specifiers or '...' before 'FunctionalState'
lib/StdPeriph/inc/stm32f4xx_rcc.h:456:23: error: expected declaration specifiers or '...' before 'uint32_t'
lib/StdPeriph/inc/stm32f4xx_rcc.h:456:41: error: expected declaration specifiers or '...' before 'uint32_t'
lib/StdPeriph/inc/stm32f4xx_rcc.h:457:20: error: expected declaration specifiers or '...' before 'FunctionalState'
lib/StdPeriph/inc/stm32f4xx_rcc.h:459:33: error: expected declaration specifiers or '...' before 'FunctionalState'
lib/StdPeriph/inc/stm32f4xx_rcc.h:460:21: error: expected declaration specifiers or '...' before 'uint32_t'
lib/StdPeriph/inc/stm32f4xx_rcc.h:460:46: error: expected declaration specifiers or '...' before 'uint32_t'
lib/StdPeriph/inc/stm32f4xx_rcc.h:461:21: error: expected declaration specifiers or '...' before 'uint32_t'
lib/StdPeriph/inc/stm32f4xx_rcc.h:461:46: error: expected declaration specifiers or '...' before 'uint32_t'
lib/StdPeriph/inc/stm32f4xx_rcc.h:464:23: error: expected declaration specifiers or '...' before 'uint32_t'
lib/StdPeriph/inc/stm32f4xx_rcc.h:465:1: error: expected declaration specifiers before 'uint8_t'
lib/StdPeriph/inc/stm32f4xx_rcc.h:466:21: error: expected declaration specifiers or '...' before 'uint32_t'
lib/StdPeriph/inc/stm32f4xx_rcc.h:467:22: error: expected declaration specifiers or '...' before 'uint32_t'
lib/StdPeriph/inc/stm32f4xx_rcc.h:468:22: error: expected declaration specifiers or '...' before 'uint32_t'
lib/StdPeriph/inc/stm32f4xx_rcc.h:469:24: error: expected declaration specifiers or '...' before 'RCC_ClocksTypeDef'
lib/StdPeriph/inc/stm32f4xx_rcc.h:472:23: error: expected declaration specifiers or '...' before 'uint32_t'
lib/StdPeriph/inc/stm32f4xx_rcc.h:473:20: error: expected declaration specifiers or '...' before 'FunctionalState'
lib/StdPeriph/inc/stm32f4xx_rcc.h:474:25: error: expected declaration specifiers or '...' before 'FunctionalState'
lib/StdPeriph/inc/stm32f4xx_rcc.h:475:23: error: expected declaration specifiers or '...' before 'uint32_t'
lib/StdPeriph/inc/stm32f4xx_rcc.h:477:29: error: expected declaration specifiers or '...' before 'uint32_t'
lib/StdPeriph/inc/stm32f4xx_rcc.h:477:54: error: expected declaration specifiers or '...' before 'FunctionalState'
lib/StdPeriph/inc/stm32f4xx_rcc.h:478:29: error: expected declaration specifiers or '...' before 'uint32_t'
lib/StdPeriph/inc/stm32f4xx_rcc.h:478:54: error: expected declaration specifiers or '...' before 'FunctionalState'
lib/StdPeriph/inc/stm32f4xx_rcc.h:479:29: error: expected declaration specifiers or '...' before 'uint32_t'
lib/StdPeriph/inc/stm32f4xx_rcc.h:479:54: error: expected declaration specifiers or '...' before 'FunctionalState'
lib/StdPeriph/inc/stm32f4xx_rcc.h:480:29: error: expected declaration specifiers or '...' before 'uint32_t'
lib/StdPeriph/inc/stm32f4xx_rcc.h:480:54: error: expected declaration specifiers or '...' before 'FunctionalState'
lib/StdPeriph/inc/stm32f4xx_rcc.h:481:29: error: expected declaration specifiers or '...' before 'uint32_t'
lib/StdPeriph/inc/stm32f4xx_rcc.h:481:54: error: expected declaration specifiers or '...' before 'FunctionalState'
lib/StdPeriph/inc/stm32f4xx_rcc.h:483:29: error: expected declaration specifiers or '...' before 'uint32_t'
lib/StdPeriph/inc/stm32f4xx_rcc.h:483:54: error: expected declaration specifiers or '...' before 'FunctionalState'
lib/StdPeriph/inc/stm32f4xx_rcc.h:484:29: error: expected declaration specifiers or '...' before 'uint32_t'
lib/StdPeriph/inc/stm32f4xx_rcc.h:484:54: error: expected declaration specifiers or '...' before 'FunctionalState'
lib/StdPeriph/inc/stm32f4xx_rcc.h:485:29: error: expected declaration specifiers or '...' before 'uint32_t'
lib/StdPeriph/inc/stm32f4xx_rcc.h:485:54: error: expected declaration specifiers or '...' before 'FunctionalState'
lib/StdPeriph/inc/stm32f4xx_rcc.h:486:29: error: expected declaration specifiers or '...' before 'uint32_t'
lib/StdPeriph/inc/stm32f4xx_rcc.h:486:54: error: expected declaration specifiers or '...' before 'FunctionalState'
lib/StdPeriph/inc/stm32f4xx_rcc.h:487:29: error: expected declaration specifiers or '...' before 'uint32_t'
lib/StdPeriph/inc/stm32f4xx_rcc.h:487:54: error: expected declaration specifiers or '...' before 'FunctionalState'
lib/StdPeriph/inc/stm32f4xx_rcc.h:489:35: error: expected declaration specifiers or '...' before 'uint32_t'
lib/StdPeriph/inc/stm32f4xx_rcc.h:489:60: error: expected declaration specifiers or '...' before 'FunctionalState'
lib/StdPeriph/inc/stm32f4xx_rcc.h:490:35: error: expected declaration specifiers or '...' before 'uint32_t'
lib/StdPeriph/inc/stm32f4xx_rcc.h:490:60: error: expected declaration specifiers or '...' before 'FunctionalState'
lib/StdPeriph/inc/stm32f4xx_rcc.h:491:35: error: expected declaration specifiers or '...' before 'uint32_t'
lib/StdPeriph/inc/stm32f4xx_rcc.h:491:60: error: expected declaration specifiers or '...' before 'FunctionalState'
lib/StdPeriph/inc/stm32f4xx_rcc.h:492:35: error: expected declaration specifiers or '...' before 'uint32_t'
lib/StdPeriph/inc/stm32f4xx_rcc.h:492:60: error: expected declaration specifiers or '...' before 'FunctionalState'
lib/StdPeriph/inc/stm32f4xx_rcc.h:493:35: error: expected declaration specifiers or '...' before 'uint32_t'
lib/StdPeriph/inc/stm32f4xx_rcc.h:493:60: error: expected declaration specifiers or '...' before 'FunctionalState'
lib/StdPeriph/inc/stm32f4xx_rcc.h:496:19: error: expected declaration specifiers or '...' before 'uint8_t'
lib/StdPeriph/inc/stm32f4xx_rcc.h:496:35: error: expected declaration specifiers or '...' before 'FunctionalState'
lib/StdPeriph/inc/stm32f4xx_rcc.h:497:1: error: expected declaration specifiers before 'FlagStatus'
lib/StdPeriph/inc/stm32f4xx_rcc.h:499:1: error: expected declaration specifiers before 'ITStatus'
lib/StdPeriph/inc/stm32f4xx_rcc.h:500:28: error: expected declaration specifiers or '...' before 'uint8_t'
In file included from inc/stm32f4xx_conf.h:51:0,
                 from src/main.c:21:
lib/StdPeriph/inc/stm32f4xx_rng.h:94:14: error: expected declaration specifiers or '...' before 'FunctionalState'
lib/StdPeriph/inc/stm32f4xx_rng.h:97:1: error: expected declaration specifiers before 'uint32_t'
lib/StdPeriph/inc/stm32f4xx_rng.h:100:19: error: expected declaration specifiers or '...' before 'FunctionalState'
lib/StdPeriph/inc/stm32f4xx_rng.h:101:1: error: expected declaration specifiers before 'FlagStatus'
lib/StdPeriph/inc/stm32f4xx_rng.h:102:20: error: expected declaration specifiers or '...' before 'uint8_t'
lib/StdPeriph/inc/stm32f4xx_rng.h:103:1: error: expected declaration specifiers before 'ITStatus'
lib/StdPeriph/inc/stm32f4xx_rng.h:104:28: error: expected declaration specifiers or '...' before 'uint8_t'
In file included from inc/stm32f4xx_conf.h:52:0,
                 from src/main.c:21:
lib/StdPeriph/inc/stm32f4xx_rtc.h:55:3: error: expected specifier-qualifier-list before 'uint32_t'
lib/StdPeriph/inc/stm32f4xx_rtc.h:63:2: error: storage class specified for parameter 'RTC_InitTypeDef'
lib/StdPeriph/inc/stm32f4xx_rtc.h:70:3: error: expected specifier-qualifier-list before 'uint8_t'
lib/StdPeriph/inc/stm32f4xx_rtc.h:83:2: error: storage class specified for parameter 'RTC_TimeTypeDef'
lib/StdPeriph/inc/stm32f4xx_rtc.h:90:3: error: expected specifier-qualifier-list before 'uint8_t'
lib/StdPeriph/inc/stm32f4xx_rtc.h:101:2: error: storage class specified for parameter 'RTC_DateTypeDef'
lib/StdPeriph/inc/stm32f4xx_rtc.h:108:3: error: expected specifier-qualifier-list before 'RTC_TimeTypeDef'
lib/StdPeriph/inc/stm32f4xx_rtc.h:121:2: error: storage class specified for parameter 'RTC_AlarmTypeDef'
lib/StdPeriph/inc/stm32f4xx_rtc.h:781:1: error: expected declaration specifiers before 'ErrorStatus'
lib/StdPeriph/inc/stm32f4xx_rtc.h:784:1: error: expected declaration specifiers before 'ErrorStatus'
lib/StdPeriph/inc/stm32f4xx_rtc.h:785:21: error: expected declaration specifiers or '...' before 'RTC_InitTypeDef'
lib/StdPeriph/inc/stm32f4xx_rtc.h:786:29: error: expected declaration specifiers or '...' before 'FunctionalState'
lib/StdPeriph/inc/stm32f4xx_rtc.h:787:1: error: expected declaration specifiers before 'ErrorStatus'
lib/StdPeriph/inc/stm32f4xx_rtc.h:789:1: error: expected declaration specifiers before 'ErrorStatus'
lib/StdPeriph/inc/stm32f4xx_rtc.h:790:1: error: expected declaration specifiers before 'ErrorStatus'
lib/StdPeriph/inc/stm32f4xx_rtc.h:791:26: error: expected declaration specifiers or '...' before 'FunctionalState'
lib/StdPeriph/inc/stm32f4xx_rtc.h:794:1: error: expected declaration specifiers before 'ErrorStatus'
lib/StdPeriph/inc/stm32f4xx_rtc.h:795:25: error: expected declaration specifiers or '...' before 'RTC_TimeTypeDef'
lib/StdPeriph/inc/stm32f4xx_rtc.h:796:18: error: expected declaration specifiers or '...' before 'uint32_t'
lib/StdPeriph/inc/stm32f4xx_rtc.h:796:39: error: expected declaration specifiers or '...' before 'RTC_TimeTypeDef'
lib/StdPeriph/inc/stm32f4xx_rtc.h:797:1: error: expected declaration specifiers before 'uint32_t'
lib/StdPeriph/inc/stm32f4xx_rtc.h:798:1: error: expected declaration specifiers before 'ErrorStatus'
lib/StdPeriph/inc/stm32f4xx_rtc.h:799:25: error: expected declaration specifiers or '...' before 'RTC_DateTypeDef'
lib/StdPeriph/inc/stm32f4xx_rtc.h:800:18: error: expected declaration specifiers or '...' before 'uint32_t'
lib/StdPeriph/inc/stm32f4xx_rtc.h:800:39: error: expected declaration specifiers or '...' before 'RTC_DateTypeDef'
lib/StdPeriph/inc/stm32f4xx_rtc.h:803:19: error: expected declaration specifiers or '...' before 'uint32_t'
lib/StdPeriph/inc/stm32f4xx_rtc.h:803:40: error: expected declaration specifiers or '...' before 'uint32_t'
lib/StdPeriph/inc/stm32f4xx_rtc.h:803:60: error: expected declaration specifiers or '...' before 'RTC_AlarmTypeDef'
lib/StdPeriph/inc/stm32f4xx_rtc.h:804:26: error: expected declaration specifiers or '...' before 'RTC_AlarmTypeDef'
lib/StdPeriph/inc/stm32f4xx_rtc.h:805:19: error: expected declaration specifiers or '...' before 'uint32_t'
lib/StdPeriph/inc/stm32f4xx_rtc.h:805:40: error: expected declaration specifiers or '...' before 'uint32_t'
lib/StdPeriph/inc/stm32f4xx_rtc.h:805:60: error: expected declaration specifiers or '...' before 'RTC_AlarmTypeDef'
lib/StdPeriph/inc/stm32f4xx_rtc.h:806:1: error: expected declaration specifiers before 'ErrorStatus'
lib/StdPeriph/inc/stm32f4xx_rtc.h:807:31: error: expected declaration specifiers or '...' before 'uint32_t'
lib/StdPeriph/inc/stm32f4xx_rtc.h:807:51: error: expected declaration specifiers or '...' before 'uint32_t'
lib/StdPeriph/inc/stm32f4xx_rtc.h:807:85: error: expected declaration specifiers or '...' before 'uint32_t'
lib/StdPeriph/inc/stm32f4xx_rtc.h:808:1: error: expected declaration specifiers before 'uint32_t'
lib/StdPeriph/inc/stm32f4xx_rtc.h:811:28: error: expected declaration specifiers or '...' before 'uint32_t'
lib/StdPeriph/inc/stm32f4xx_rtc.h:812:27: error: expected declaration specifiers or '...' before 'uint32_t'
lib/StdPeriph/inc/stm32f4xx_rtc.h:813:1: error: expected declaration specifiers before 'uint32_t'
lib/StdPeriph/inc/stm32f4xx_rtc.h:814:1: error: expected declaration specifiers before 'ErrorStatus'
lib/StdPeriph/inc/stm32f4xx_rtc.h:817:31: error: expected declaration specifiers or '...' before 'uint32_t'
lib/StdPeriph/inc/stm32f4xx_rtc.h:817:60: error: expected declaration specifiers or '...' before 'uint32_t'
lib/StdPeriph/inc/stm32f4xx_rtc.h:818:1: error: expected declaration specifiers before 'uint32_t'
lib/StdPeriph/inc/stm32f4xx_rtc.h:821:23: error: expected declaration specifiers or '...' before 'uint32_t'
lib/StdPeriph/inc/stm32f4xx_rtc.h:821:44: error: expected declaration specifiers or '...' before 'uint32_t'
lib/StdPeriph/inc/stm32f4xx_rtc.h:824:1: error: expected declaration specifiers before 'ErrorStatus'
lib/StdPeriph/inc/stm32f4xx_rtc.h:825:1: error: expected declaration specifiers before 'ErrorStatus'
lib/StdPeriph/inc/stm32f4xx_rtc.h:826:25: error: expected declaration specifiers or '...' before 'FunctionalState'
lib/StdPeriph/inc/stm32f4xx_rtc.h:827:28: error: expected declaration specifiers or '...' before 'uint32_t'
lib/StdPeriph/inc/stm32f4xx_rtc.h:828:1: error: expected declaration specifiers before 'ErrorStatus'
lib/StdPeriph/inc/stm32f4xx_rtc.h:833:23: error: expected declaration specifiers or '...' before 'uint32_t'
lib/StdPeriph/inc/stm32f4xx_rtc.h:833:51: error: expected declaration specifiers or '...' before 'FunctionalState'
lib/StdPeriph/inc/stm32f4xx_rtc.h:834:23: error: expected declaration specifiers or '...' before 'uint32_t'
lib/StdPeriph/inc/stm32f4xx_rtc.h:834:44: error: expected declaration specifiers or '...' before 'RTC_TimeTypeDef'
lib/StdPeriph/inc/stm32f4xx_rtc.h:835:39: error: expected declaration specifiers or '...' before 'RTC_DateTypeDef'
lib/StdPeriph/inc/stm32f4xx_rtc.h:836:1: error: expected declaration specifiers before 'uint32_t'
lib/StdPeriph/inc/stm32f4xx_rtc.h:839:30: error: expected declaration specifiers or '...' before 'uint32_t'
lib/StdPeriph/inc/stm32f4xx_rtc.h:839:51: error: expected declaration specifiers or '...' before 'uint32_t'
lib/StdPeriph/inc/stm32f4xx_rtc.h:840:20: error: expected declaration specifiers or '...' before 'uint32_t'
lib/StdPeriph/inc/stm32f4xx_rtc.h:840:41: error: expected declaration specifiers or '...' before 'FunctionalState'
lib/StdPeriph/inc/stm32f4xx_rtc.h:841:29: error: expected declaration specifiers or '...' before 'uint32_t'
lib/StdPeriph/inc/stm32f4xx_rtc.h:842:35: error: expected declaration specifiers or '...' before 'uint32_t'
lib/StdPeriph/inc/stm32f4xx_rtc.h:843:38: error: expected declaration specifiers or '...' before 'uint32_t'
lib/StdPeriph/inc/stm32f4xx_rtc.h:844:40: error: expected declaration specifiers or '...' before 'FunctionalState'
lib/StdPeriph/inc/stm32f4xx_rtc.h:845:26: error: expected declaration specifiers or '...' before 'FunctionalState'
lib/StdPeriph/inc/stm32f4xx_rtc.h:848:30: error: expected declaration specifiers or '...' before 'uint32_t'
lib/StdPeriph/inc/stm32f4xx_rtc.h:848:51: error: expected declaration specifiers or '...' before 'uint32_t'
lib/StdPeriph/inc/stm32f4xx_rtc.h:849:1: error: expected declaration specifiers before 'uint32_t'
lib/StdPeriph/inc/stm32f4xx_rtc.h:853:29: error: expected declaration specifiers or '...' before 'uint32_t'
lib/StdPeriph/inc/stm32f4xx_rtc.h:854:32: error: expected declaration specifiers or '...' before 'uint32_t'
lib/StdPeriph/inc/stm32f4xx_rtc.h:855:27: error: expected declaration specifiers or '...' before 'uint32_t'
lib/StdPeriph/inc/stm32f4xx_rtc.h:858:1: error: expected declaration specifiers before 'ErrorStatus'
lib/StdPeriph/inc/stm32f4xx_rtc.h:861:19: error: expected declaration specifiers or '...' before 'uint32_t'
lib/StdPeriph/inc/stm32f4xx_rtc.h:861:36: error: expected declaration specifiers or '...' before 'FunctionalState'
lib/StdPeriph/inc/stm32f4xx_rtc.h:862:1: error: expected declaration specifiers before 'FlagStatus'
lib/StdPeriph/inc/stm32f4xx_rtc.h:863:20: error: expected declaration specifiers or '...' before 'uint32_t'
lib/StdPeriph/inc/stm32f4xx_rtc.h:864:1: error: expected declaration specifiers before 'ITStatus'
lib/StdPeriph/inc/stm32f4xx_rtc.h:865:28: error: expected declaration specifiers or '...' before 'uint32_t'
In file included from inc/stm32f4xx_conf.h:53:0,
                 from src/main.c:21:
lib/StdPeriph/inc/stm32f4xx_sdio.h:52:3: error: expected specifier-qualifier-list before 'uint32_t'
lib/StdPeriph/inc/stm32f4xx_sdio.h:72:3: error: storage class specified for parameter 'SDIO_InitTypeDef'
lib/StdPeriph/inc/stm32f4xx_sdio.h:76:3: error: expected specifier-qualifier-list before 'uint32_t'
lib/StdPeriph/inc/stm32f4xx_sdio.h:92:3: error: storage class specified for parameter 'SDIO_CmdInitTypeDef'
lib/StdPeriph/inc/stm32f4xx_sdio.h:96:3: error: expected specifier-qualifier-list before 'uint32_t'
lib/StdPeriph/inc/stm32f4xx_sdio.h:113:3: error: storage class specified for parameter 'SDIO_DataInitTypeDef'
lib/StdPeriph/inc/stm32f4xx_sdio.h:480:16: error: expected declaration specifiers or '...' before 'SDIO_InitTypeDef'
lib/StdPeriph/inc/stm32f4xx_sdio.h:481:22: error: expected declaration specifiers or '...' before 'SDIO_InitTypeDef'
lib/StdPeriph/inc/stm32f4xx_sdio.h:482:20: error: expected declaration specifiers or '...' before 'FunctionalState'
lib/StdPeriph/inc/stm32f4xx_sdio.h:483:25: error: expected declaration specifiers or '...' before 'uint32_t'
lib/StdPeriph/inc/stm32f4xx_sdio.h:484:1: error: expected declaration specifiers before 'uint32_t'
lib/StdPeriph/inc/stm32f4xx_sdio.h:487:23: error: expected declaration specifiers or '...' before 'SDIO_CmdInitTypeDef'
lib/StdPeriph/inc/stm32f4xx_sdio.h:488:25: error: expected declaration specifiers or '...' before 'SDIO_CmdInitTypeDef'
lib/StdPeriph/inc/stm32f4xx_sdio.h:489:1: error: expected declaration specifiers before 'uint8_t'
lib/StdPeriph/inc/stm32f4xx_sdio.h:490:1: error: expected declaration specifiers before 'uint32_t'
lib/StdPeriph/inc/stm32f4xx_sdio.h:493:22: error: expected declaration specifiers or '...' before 'SDIO_DataInitTypeDef'
lib/StdPeriph/inc/stm32f4xx_sdio.h:494:26: error: expected declaration specifiers or '...' before 'SDIO_DataInitTypeDef'
lib/StdPeriph/inc/stm32f4xx_sdio.h:495:1: error: expected declaration specifiers before 'uint32_t'
lib/StdPeriph/inc/stm32f4xx_sdio.h:496:1: error: expected declaration specifiers before 'uint32_t'
lib/StdPeriph/inc/stm32f4xx_sdio.h:497:21: error: expected declaration specifiers or '...' before 'uint32_t'
lib/StdPeriph/inc/stm32f4xx_sdio.h:498:1: error: expected declaration specifiers before 'uint32_t'
lib/StdPeriph/inc/stm32f4xx_sdio.h:501:29: error: expected declaration specifiers or '...' before 'FunctionalState'
lib/StdPeriph/inc/stm32f4xx_sdio.h:502:28: error: expected declaration specifiers or '...' before 'FunctionalState'
lib/StdPeriph/inc/stm32f4xx_sdio.h:503:31: error: expected declaration specifiers or '...' before 'uint32_t'
lib/StdPeriph/inc/stm32f4xx_sdio.h:504:28: error: expected declaration specifiers or '...' before 'FunctionalState'
lib/StdPeriph/inc/stm32f4xx_sdio.h:505:30: error: expected declaration specifiers or '...' before 'FunctionalState'
lib/StdPeriph/inc/stm32f4xx_sdio.h:508:32: error: expected declaration specifiers or '...' before 'FunctionalState'
lib/StdPeriph/inc/stm32f4xx_sdio.h:509:22: error: expected declaration specifiers or '...' before 'FunctionalState'
lib/StdPeriph/inc/stm32f4xx_sdio.h:510:24: error: expected declaration specifiers or '...' before 'FunctionalState'
lib/StdPeriph/inc/stm32f4xx_sdio.h:513:18: error: expected declaration specifiers or '...' before 'FunctionalState'
lib/StdPeriph/inc/stm32f4xx_sdio.h:516:20: error: expected declaration specifiers or '...' before 'uint32_t'
lib/StdPeriph/inc/stm32f4xx_sdio.h:516:38: error: expected declaration specifiers or '...' before 'FunctionalState'
lib/StdPeriph/inc/stm32f4xx_sdio.h:517:1: error: expected declaration specifiers before 'FlagStatus'
lib/StdPeriph/inc/stm32f4xx_sdio.h:518:21: error: expected declaration specifiers or '...' before 'uint32_t'
lib/StdPeriph/inc/stm32f4xx_sdio.h:519:1: error: expected declaration specifiers before 'ITStatus'
lib/StdPeriph/inc/stm32f4xx_sdio.h:520:29: error: expected declaration specifiers or '...' before 'uint32_t'
In file included from inc/stm32f4xx_conf.h:54:0,
                 from src/main.c:21:
lib/StdPeriph/inc/stm32f4xx_spi.h:56:3: error: expected specifier-qualifier-list before 'uint16_t'
lib/StdPeriph/inc/stm32f4xx_spi.h:85:2: error: storage class specified for parameter 'SPI_InitTypeDef'
lib/StdPeriph/inc/stm32f4xx_spi.h:94:3: error: expected specifier-qualifier-list before 'uint16_t'
lib/StdPeriph/inc/stm32f4xx_spi.h:111:2: error: storage class specified for parameter 'I2S_InitTypeDef'
lib/StdPeriph/inc/stm32f4xx_spi.h:492:21: error: expected declaration specifiers or '...' before 'SPI_TypeDef'
lib/StdPeriph/inc/stm32f4xx_spi.h:495:15: error: expected declaration specifiers or '...' before 'SPI_TypeDef'
lib/StdPeriph/inc/stm32f4xx_spi.h:495:34: error: expected declaration specifiers or '...' before 'SPI_InitTypeDef'
lib/StdPeriph/inc/stm32f4xx_spi.h:496:15: error: expected declaration specifiers or '...' before 'SPI_TypeDef'
lib/StdPeriph/inc/stm32f4xx_spi.h:496:34: error: expected declaration specifiers or '...' before 'I2S_InitTypeDef'
lib/StdPeriph/inc/stm32f4xx_spi.h:497:21: error: expected declaration specifiers or '...' before 'SPI_InitTypeDef'
lib/StdPeriph/inc/stm32f4xx_spi.h:498:21: error: expected declaration specifiers or '...' before 'I2S_InitTypeDef'
lib/StdPeriph/inc/stm32f4xx_spi.h:499:14: error: expected declaration specifiers or '...' before 'SPI_TypeDef'
lib/StdPeriph/inc/stm32f4xx_spi.h:499:33: error: expected declaration specifiers or '...' before 'FunctionalState'
lib/StdPeriph/inc/stm32f4xx_spi.h:500:14: error: expected declaration specifiers or '...' before 'SPI_TypeDef'
lib/StdPeriph/inc/stm32f4xx_spi.h:500:33: error: expected declaration specifiers or '...' before 'FunctionalState'
lib/StdPeriph/inc/stm32f4xx_spi.h:501:25: error: expected declaration specifiers or '...' before 'SPI_TypeDef'
lib/StdPeriph/inc/stm32f4xx_spi.h:501:44: error: expected declaration specifiers or '...' before 'uint16_t'
lib/StdPeriph/inc/stm32f4xx_spi.h:502:34: error: expected declaration specifiers or '...' before 'SPI_TypeDef'
lib/StdPeriph/inc/stm32f4xx_spi.h:502:53: error: expected declaration specifiers or '...' before 'uint16_t'
lib/StdPeriph/inc/stm32f4xx_spi.h:503:36: error: expected declaration specifiers or '...' before 'SPI_TypeDef'
lib/StdPeriph/inc/stm32f4xx_spi.h:503:55: error: expected declaration specifiers or '...' before 'uint16_t'
lib/StdPeriph/inc/stm32f4xx_spi.h:504:22: error: expected declaration specifiers or '...' before 'SPI_TypeDef'
lib/StdPeriph/inc/stm32f4xx_spi.h:504:41: error: expected declaration specifiers or '...' before 'FunctionalState'
lib/StdPeriph/inc/stm32f4xx_spi.h:505:20: error: expected declaration specifiers or '...' before 'SPI_TypeDef'
lib/StdPeriph/inc/stm32f4xx_spi.h:505:39: error: expected declaration specifiers or '...' before 'FunctionalState'
lib/StdPeriph/inc/stm32f4xx_spi.h:507:27: error: expected declaration specifiers or '...' before 'SPI_TypeDef'
lib/StdPeriph/inc/stm32f4xx_spi.h:507:49: error: expected declaration specifiers or '...' before 'I2S_InitTypeDef'
lib/StdPeriph/inc/stm32f4xx_spi.h:510:23: error: expected declaration specifiers or '...' before 'SPI_TypeDef'
lib/StdPeriph/inc/stm32f4xx_spi.h:510:42: error: expected declaration specifiers or '...' before 'uint16_t'
lib/StdPeriph/inc/stm32f4xx_spi.h:511:1: error: expected declaration specifiers before 'uint16_t'
lib/StdPeriph/inc/stm32f4xx_spi.h:514:23: error: expected declaration specifiers or '...' before 'SPI_TypeDef'
lib/StdPeriph/inc/stm32f4xx_spi.h:514:42: error: expected declaration specifiers or '...' before 'FunctionalState'
lib/StdPeriph/inc/stm32f4xx_spi.h:515:22: error: expected declaration specifiers or '...' before 'SPI_TypeDef'
lib/StdPeriph/inc/stm32f4xx_spi.h:516:1: error: expected declaration specifiers before 'uint16_t'
lib/StdPeriph/inc/stm32f4xx_spi.h:517:1: error: expected declaration specifiers before 'uint16_t'
lib/StdPeriph/inc/stm32f4xx_spi.h:520:21: error: expected declaration specifiers or '...' before 'SPI_TypeDef'
lib/StdPeriph/inc/stm32f4xx_spi.h:520:40: error: expected declaration specifiers or '...' before 'uint16_t'
lib/StdPeriph/inc/stm32f4xx_spi.h:520:65: error: expected declaration specifiers or '...' before 'FunctionalState'
lib/StdPeriph/inc/stm32f4xx_spi.h:523:23: error: expected declaration specifiers or '...' before 'SPI_TypeDef'
lib/StdPeriph/inc/stm32f4xx_spi.h:523:42: error: expected declaration specifiers or '...' before 'uint8_t'
lib/StdPeriph/inc/stm32f4xx_spi.h:523:62: error: expected declaration specifiers or '...' before 'FunctionalState'
lib/StdPeriph/inc/stm32f4xx_spi.h:524:1: error: expected declaration specifiers before 'FlagStatus'
lib/StdPeriph/inc/stm32f4xx_spi.h:525:24: error: expected declaration specifiers or '...' before 'SPI_TypeDef'
lib/StdPeriph/inc/stm32f4xx_spi.h:525:43: error: expected declaration specifiers or '...' before 'uint16_t'
lib/StdPeriph/inc/stm32f4xx_spi.h:526:1: error: expected declaration specifiers before 'ITStatus'
lib/StdPeriph/inc/stm32f4xx_spi.h:527:32: error: expected declaration specifiers or '...' before 'SPI_TypeDef'
lib/StdPeriph/inc/stm32f4xx_spi.h:527:51: error: expected declaration specifiers or '...' before 'uint8_t'
In file included from inc/stm32f4xx_conf.h:55:0,
                 from src/main.c:21:
lib/StdPeriph/inc/stm32f4xx_syscfg.h:159:31: error: expected declaration specifiers or '...' before 'uint8_t'
lib/StdPeriph/inc/stm32f4xx_syscfg.h:160:28: error: expected declaration specifiers or '...' before 'uint8_t'
lib/StdPeriph/inc/stm32f4xx_syscfg.h:160:58: error: expected declaration specifiers or '...' before 'uint8_t'
lib/StdPeriph/inc/stm32f4xx_syscfg.h:161:38: error: expected declaration specifiers or '...' before 'uint32_t'
lib/StdPeriph/inc/stm32f4xx_syscfg.h:162:33: error: expected declaration specifiers or '...' before 'FunctionalState'
lib/StdPeriph/inc/stm32f4xx_syscfg.h:163:1: error: expected declaration specifiers before 'FlagStatus'
In file included from inc/stm32f4xx_conf.h:56:0,
                 from src/main.c:21:
lib/StdPeriph/inc/stm32f4xx_tim.h:57:3: error: expected specifier-qualifier-list before 'uint16_t'
lib/StdPeriph/inc/stm32f4xx_tim.h:78:3: error: storage class specified for parameter 'TIM_TimeBaseInitTypeDef'
lib/StdPeriph/inc/stm32f4xx_tim.h:86:3: error: expected specifier-qualifier-list before 'uint16_t'
lib/StdPeriph/inc/stm32f4xx_tim.h:113:3: error: storage class specified for parameter 'TIM_OCInitTypeDef'
lib/StdPeriph/inc/stm32f4xx_tim.h:122:3: error: expected specifier-qualifier-list before 'uint16_t'
lib/StdPeriph/inc/stm32f4xx_tim.h:136:3: error: storage class specified for parameter 'TIM_ICInitTypeDef'
lib/StdPeriph/inc/stm32f4xx_tim.h:146:3: error: expected specifier-qualifier-list before 'uint16_t'
In file included from inc/stm32f4xx_conf.h:56:0,
                 from src/main.c:21:
lib/StdPeriph/inc/stm32f4xx_tim.h:167:3: error: storage class specified for parameter 'TIM_BDTRInitTypeDef'
lib/StdPeriph/inc/stm32f4xx_tim.h:1026:17: error: expected declaration specifiers or '...' before 'TIM_TypeDef'
lib/StdPeriph/inc/stm32f4xx_tim.h:1027:23: error: expected declaration specifiers or '...' before 'TIM_TypeDef'
lib/StdPeriph/inc/stm32f4xx_tim.h:1027:42: error: expected declaration specifiers or '...' before 'TIM_TimeBaseInitTypeDef'
lib/StdPeriph/inc/stm32f4xx_tim.h:1028:29: error: expected declaration specifiers or '...' before 'TIM_TimeBaseInitTypeDef'
lib/StdPeriph/inc/stm32f4xx_tim.h:1029:26: error: expected declaration specifiers or '...' before 'TIM_TypeDef'
lib/StdPeriph/inc/stm32f4xx_tim.h:1029:45: error: expected declaration specifiers or '...' before 'uint16_t'
lib/StdPeriph/inc/stm32f4xx_tim.h:1029:65: error: expected declaration specifiers or '...' before 'uint16_t'
lib/StdPeriph/inc/stm32f4xx_tim.h:1030:28: error: expected declaration specifiers or '...' before 'TIM_TypeDef'
lib/StdPeriph/inc/stm32f4xx_tim.h:1030:47: error: expected declaration specifiers or '...' before 'uint16_t'
lib/StdPeriph/inc/stm32f4xx_tim.h:1031:21: error: expected declaration specifiers or '...' before 'TIM_TypeDef'
lib/StdPeriph/inc/stm32f4xx_tim.h:1031:40: error: expected declaration specifiers or '...' before 'uint32_t'
lib/StdPeriph/inc/stm32f4xx_tim.h:1032:24: error: expected declaration specifiers or '...' before 'TIM_TypeDef'
lib/StdPeriph/inc/stm32f4xx_tim.h:1032:43: error: expected declaration specifiers or '...' before 'uint32_t'
lib/StdPeriph/inc/stm32f4xx_tim.h:1033:1: error: expected declaration specifiers before 'uint32_t'
lib/StdPeriph/inc/stm32f4xx_tim.h:1034:1: error: expected declaration specifiers before 'uint16_t'
lib/StdPeriph/inc/stm32f4xx_tim.h:1035:30: error: expected declaration specifiers or '...' before 'TIM_TypeDef'
lib/StdPeriph/inc/stm32f4xx_tim.h:1035:49: error: expected declaration specifiers or '...' before 'FunctionalState'
lib/StdPeriph/inc/stm32f4xx_tim.h:1036:30: error: expected declaration specifiers or '...' before 'TIM_TypeDef'
lib/StdPeriph/inc/stm32f4xx_tim.h:1036:49: error: expected declaration specifiers or '...' before 'uint16_t'
lib/StdPeriph/inc/stm32f4xx_tim.h:1037:27: error: expected declaration specifiers or '...' before 'TIM_TypeDef'
lib/StdPeriph/inc/stm32f4xx_tim.h:1037:46: error: expected declaration specifiers or '...' before 'FunctionalState'
lib/StdPeriph/inc/stm32f4xx_tim.h:1038:29: error: expected declaration specifiers or '...' before 'TIM_TypeDef'
lib/StdPeriph/inc/stm32f4xx_tim.h:1038:48: error: expected declaration specifiers or '...' before 'uint16_t'
lib/StdPeriph/inc/stm32f4xx_tim.h:1039:27: error: expected declaration specifiers or '...' before 'TIM_TypeDef'
lib/StdPeriph/inc/stm32f4xx_tim.h:1039:46: error: expected declaration specifiers or '...' before 'uint16_t'
lib/StdPeriph/inc/stm32f4xx_tim.h:1040:14: error: expected declaration specifiers or '...' before 'TIM_TypeDef'
lib/StdPeriph/inc/stm32f4xx_tim.h:1040:33: error: expected declaration specifiers or '...' before 'FunctionalState'
lib/StdPeriph/inc/stm32f4xx_tim.h:1043:18: error: expected declaration specifiers or '...' before 'TIM_TypeDef'
lib/StdPeriph/inc/stm32f4xx_tim.h:1043:37: error: expected declaration specifiers or '...' before 'TIM_OCInitTypeDef'
lib/StdPeriph/inc/stm32f4xx_tim.h:1044:18: error: expected declaration specifiers or '...' before 'TIM_TypeDef'
lib/StdPeriph/inc/stm32f4xx_tim.h:1044:37: error: expected declaration specifiers or '...' before 'TIM_OCInitTypeDef'
lib/StdPeriph/inc/stm32f4xx_tim.h:1045:18: error: expected declaration specifiers or '...' before 'TIM_TypeDef'
lib/StdPeriph/inc/stm32f4xx_tim.h:1045:37: error: expected declaration specifiers or '...' before 'TIM_OCInitTypeDef'
lib/StdPeriph/inc/stm32f4xx_tim.h:1046:18: error: expected declaration specifiers or '...' before 'TIM_TypeDef'
lib/StdPeriph/inc/stm32f4xx_tim.h:1046:37: error: expected declaration specifiers or '...' before 'TIM_OCInitTypeDef'
lib/StdPeriph/inc/stm32f4xx_tim.h:1047:23: error: expected declaration specifiers or '...' before 'TIM_OCInitTypeDef'
lib/StdPeriph/inc/stm32f4xx_tim.h:1048:21: error: expected declaration specifiers or '...' before 'TIM_TypeDef'
lib/StdPeriph/inc/stm32f4xx_tim.h:1048:40: error: expected declaration specifiers or '...' before 'uint16_t'
lib/StdPeriph/inc/stm32f4xx_tim.h:1048:62: error: expected declaration specifiers or '...' before 'uint16_t'
lib/StdPeriph/inc/stm32f4xx_tim.h:1049:22: error: expected declaration specifiers or '...' before 'TIM_TypeDef'
lib/StdPeriph/inc/stm32f4xx_tim.h:1049:41: error: expected declaration specifiers or '...' before 'uint32_t'
lib/StdPeriph/inc/stm32f4xx_tim.h:1050:22: error: expected declaration specifiers or '...' before 'TIM_TypeDef'
lib/StdPeriph/inc/stm32f4xx_tim.h:1050:41: error: expected declaration specifiers or '...' before 'uint32_t'
lib/StdPeriph/inc/stm32f4xx_tim.h:1051:22: error: expected declaration specifiers or '...' before 'TIM_TypeDef'
lib/StdPeriph/inc/stm32f4xx_tim.h:1051:41: error: expected declaration specifiers or '...' before 'uint32_t'
lib/StdPeriph/inc/stm32f4xx_tim.h:1052:22: error: expected declaration specifiers or '...' before 'TIM_TypeDef'
lib/StdPeriph/inc/stm32f4xx_tim.h:1052:41: error: expected declaration specifiers or '...' before 'uint32_t'
lib/StdPeriph/inc/stm32f4xx_tim.h:1053:26: error: expected declaration specifiers or '...' before 'TIM_TypeDef'
lib/StdPeriph/inc/stm32f4xx_tim.h:1053:45: error: expected declaration specifiers or '...' before 'uint16_t'
lib/StdPeriph/inc/stm32f4xx_tim.h:1054:26: error: expected declaration specifiers or '...' before 'TIM_TypeDef'
lib/StdPeriph/inc/stm32f4xx_tim.h:1054:45: error: expected declaration specifiers or '...' before 'uint16_t'
lib/StdPeriph/inc/stm32f4xx_tim.h:1055:26: error: expected declaration specifiers or '...' before 'TIM_TypeDef'
lib/StdPeriph/inc/stm32f4xx_tim.h:1055:45: error: expected declaration specifiers or '...' before 'uint16_t'
lib/StdPeriph/inc/stm32f4xx_tim.h:1056:26: error: expected declaration specifiers or '...' before 'TIM_TypeDef'
lib/StdPeriph/inc/stm32f4xx_tim.h:1056:45: error: expected declaration specifiers or '...' before 'uint16_t'
lib/StdPeriph/inc/stm32f4xx_tim.h:1057:27: error: expected declaration specifiers or '...' before 'TIM_TypeDef'
lib/StdPeriph/inc/stm32f4xx_tim.h:1057:46: error: expected declaration specifiers or '...' before 'uint16_t'
lib/StdPeriph/inc/stm32f4xx_tim.h:1058:27: error: expected declaration specifiers or '...' before 'TIM_TypeDef'
lib/StdPeriph/inc/stm32f4xx_tim.h:1058:46: error: expected declaration specifiers or '...' before 'uint16_t'
lib/StdPeriph/inc/stm32f4xx_tim.h:1059:27: error: expected declaration specifiers or '...' before 'TIM_TypeDef'
lib/StdPeriph/inc/stm32f4xx_tim.h:1059:46: error: expected declaration specifiers or '...' before 'uint16_t'
lib/StdPeriph/inc/stm32f4xx_tim.h:1060:27: error: expected declaration specifiers or '...' before 'TIM_TypeDef'
lib/StdPeriph/inc/stm32f4xx_tim.h:1060:46: error: expected declaration specifiers or '...' before 'uint16_t'
lib/StdPeriph/inc/stm32f4xx_tim.h:1061:24: error: expected declaration specifiers or '...' before 'TIM_TypeDef'
lib/StdPeriph/inc/stm32f4xx_tim.h:1061:43: error: expected declaration specifiers or '...' before 'uint16_t'
lib/StdPeriph/inc/stm32f4xx_tim.h:1062:24: error: expected declaration specifiers or '...' before 'TIM_TypeDef'
lib/StdPeriph/inc/stm32f4xx_tim.h:1062:43: error: expected declaration specifiers or '...' before 'uint16_t'
lib/StdPeriph/inc/stm32f4xx_tim.h:1063:24: error: expected declaration specifiers or '...' before 'TIM_TypeDef'
lib/StdPeriph/inc/stm32f4xx_tim.h:1063:43: error: expected declaration specifiers or '...' before 'uint16_t'
lib/StdPeriph/inc/stm32f4xx_tim.h:1064:24: error: expected declaration specifiers or '...' before 'TIM_TypeDef'
lib/StdPeriph/inc/stm32f4xx_tim.h:1064:43: error: expected declaration specifiers or '...' before 'uint16_t'
lib/StdPeriph/inc/stm32f4xx_tim.h:1065:22: error: expected declaration specifiers or '...' before 'TIM_TypeDef'
lib/StdPeriph/inc/stm32f4xx_tim.h:1065:41: error: expected declaration specifiers or '...' before 'uint16_t'
lib/StdPeriph/inc/stm32f4xx_tim.h:1066:22: error: expected declaration specifiers or '...' before 'TIM_TypeDef'
lib/StdPeriph/inc/stm32f4xx_tim.h:1066:41: error: expected declaration specifiers or '...' before 'uint16_t'
lib/StdPeriph/inc/stm32f4xx_tim.h:1067:22: error: expected declaration specifiers or '...' before 'TIM_TypeDef'
lib/StdPeriph/inc/stm32f4xx_tim.h:1067:41: error: expected declaration specifiers or '...' before 'uint16_t'
lib/StdPeriph/inc/stm32f4xx_tim.h:1068:22: error: expected declaration specifiers or '...' before 'TIM_TypeDef'
lib/StdPeriph/inc/stm32f4xx_tim.h:1068:41: error: expected declaration specifiers or '...' before 'uint16_t'
lib/StdPeriph/inc/stm32f4xx_tim.h:1069:28: error: expected declaration specifiers or '...' before 'TIM_TypeDef'
lib/StdPeriph/inc/stm32f4xx_tim.h:1069:47: error: expected declaration specifiers or '...' before 'uint16_t'
lib/StdPeriph/inc/stm32f4xx_tim.h:1070:29: error: expected declaration specifiers or '...' before 'TIM_TypeDef'
lib/StdPeriph/inc/stm32f4xx_tim.h:1070:48: error: expected declaration specifiers or '...' before 'uint16_t'
lib/StdPeriph/inc/stm32f4xx_tim.h:1071:28: error: expected declaration specifiers or '...' before 'TIM_TypeDef'
lib/StdPeriph/inc/stm32f4xx_tim.h:1071:47: error: expected declaration specifiers or '...' before 'uint16_t'
lib/StdPeriph/inc/stm32f4xx_tim.h:1072:29: error: expected declaration specifiers or '...' before 'TIM_TypeDef'
lib/StdPeriph/inc/stm32f4xx_tim.h:1072:48: error: expected declaration specifiers or '...' before 'uint16_t'
lib/StdPeriph/inc/stm32f4xx_tim.h:1073:28: error: expected declaration specifiers or '...' before 'TIM_TypeDef'
lib/StdPeriph/inc/stm32f4xx_tim.h:1073:47: error: expected declaration specifiers or '...' before 'uint16_t'
lib/StdPeriph/inc/stm32f4xx_tim.h:1074:29: error: expected declaration specifiers or '...' before 'TIM_TypeDef'
lib/StdPeriph/inc/stm32f4xx_tim.h:1074:48: error: expected declaration specifiers or '...' before 'uint16_t'
lib/StdPeriph/inc/stm32f4xx_tim.h:1075:28: error: expected declaration specifiers or '...' before 'TIM_TypeDef'
lib/StdPeriph/inc/stm32f4xx_tim.h:1075:47: error: expected declaration specifiers or '...' before 'uint16_t'
lib/StdPeriph/inc/stm32f4xx_tim.h:1076:17: error: expected declaration specifiers or '...' before 'TIM_TypeDef'
lib/StdPeriph/inc/stm32f4xx_tim.h:1076:36: error: expected declaration specifiers or '...' before 'uint16_t'
lib/StdPeriph/inc/stm32f4xx_tim.h:1076:58: error: expected declaration specifiers or '...' before 'uint16_t'
lib/StdPeriph/inc/stm32f4xx_tim.h:1077:18: error: expected declaration specifiers or '...' before 'TIM_TypeDef'
lib/StdPeriph/inc/stm32f4xx_tim.h:1077:37: error: expected declaration specifiers or '...' before 'uint16_t'
lib/StdPeriph/inc/stm32f4xx_tim.h:1077:59: error: expected declaration specifiers or '...' before 'uint16_t'
lib/StdPeriph/inc/stm32f4xx_tim.h:1080:17: error: expected declaration specifiers or '...' before 'TIM_TypeDef'
lib/StdPeriph/inc/stm32f4xx_tim.h:1080:36: error: expected declaration specifiers or '...' before 'TIM_ICInitTypeDef'
lib/StdPeriph/inc/stm32f4xx_tim.h:1081:23: error: expected declaration specifiers or '...' before 'TIM_ICInitTypeDef'
lib/StdPeriph/inc/stm32f4xx_tim.h:1082:21: error: expected declaration specifiers or '...' before 'TIM_TypeDef'
lib/StdPeriph/inc/stm32f4xx_tim.h:1082:40: error: expected declaration specifiers or '...' before 'TIM_ICInitTypeDef'
lib/StdPeriph/inc/stm32f4xx_tim.h:1083:1: error: expected declaration specifiers before 'uint32_t'
lib/StdPeriph/inc/stm32f4xx_tim.h:1084:1: error: expected declaration specifiers before 'uint32_t'
lib/StdPeriph/inc/stm32f4xx_tim.h:1085:1: error: expected declaration specifiers before 'uint32_t'
lib/StdPeriph/inc/stm32f4xx_tim.h:1086:1: error: expected declaration specifiers before 'uint32_t'
lib/StdPeriph/inc/stm32f4xx_tim.h:1087:26: error: expected declaration specifiers or '...' before 'TIM_TypeDef'
lib/StdPeriph/inc/stm32f4xx_tim.h:1087:45: error: expected declaration specifiers or '...' before 'uint16_t'
lib/StdPeriph/inc/stm32f4xx_tim.h:1088:26: error: expected declaration specifiers or '...' before 'TIM_TypeDef'
lib/StdPeriph/inc/stm32f4xx_tim.h:1088:45: error: expected declaration specifiers or '...' before 'uint16_t'
lib/StdPeriph/inc/stm32f4xx_tim.h:1089:26: error: expected declaration specifiers or '...' before 'TIM_TypeDef'
lib/StdPeriph/inc/stm32f4xx_tim.h:1089:45: error: expected declaration specifiers or '...' before 'uint16_t'
lib/StdPeriph/inc/stm32f4xx_tim.h:1090:26: error: expected declaration specifiers or '...' before 'TIM_TypeDef'
lib/StdPeriph/inc/stm32f4xx_tim.h:1090:45: error: expected declaration specifiers or '...' before 'uint16_t'
lib/StdPeriph/inc/stm32f4xx_tim.h:1093:21: error: expected declaration specifiers or '...' before 'TIM_TypeDef'
lib/StdPeriph/inc/stm32f4xx_tim.h:1093:40: error: expected declaration specifiers or '...' before 'TIM_BDTRInitTypeDef'
lib/StdPeriph/inc/stm32f4xx_tim.h:1094:25: error: expected declaration specifiers or '...' before 'TIM_BDTRInitTypeDef'
lib/StdPeriph/inc/stm32f4xx_tim.h:1095:25: error: expected declaration specifiers or '...' before 'TIM_TypeDef'
lib/StdPeriph/inc/stm32f4xx_tim.h:1095:44: error: expected declaration specifiers or '...' before 'FunctionalState'
lib/StdPeriph/inc/stm32f4xx_tim.h:1096:20: error: expected declaration specifiers or '...' before 'TIM_TypeDef'
lib/StdPeriph/inc/stm32f4xx_tim.h:1096:39: error: expected declaration specifiers or '...' before 'FunctionalState'
lib/StdPeriph/inc/stm32f4xx_tim.h:1097:27: error: expected declaration specifiers or '...' before 'TIM_TypeDef'
lib/StdPeriph/inc/stm32f4xx_tim.h:1097:46: error: expected declaration specifiers or '...' before 'FunctionalState'
lib/StdPeriph/inc/stm32f4xx_tim.h:1100:19: error: expected declaration specifiers or '...' before 'TIM_TypeDef'
lib/StdPeriph/inc/stm32f4xx_tim.h:1100:38: error: expected declaration specifiers or '...' before 'uint16_t'
lib/StdPeriph/inc/stm32f4xx_tim.h:1100:55: error: expected declaration specifiers or '...' before 'FunctionalState'
lib/StdPeriph/inc/stm32f4xx_tim.h:1101:24: error: expected declaration specifiers or '...' before 'TIM_TypeDef'
lib/StdPeriph/inc/stm32f4xx_tim.h:1101:43: error: expected declaration specifiers or '...' before 'uint16_t'
lib/StdPeriph/inc/stm32f4xx_tim.h:1102:1: error: expected declaration specifiers before 'FlagStatus'
lib/StdPeriph/inc/stm32f4xx_tim.h:1103:20: error: expected declaration specifiers or '...' before 'TIM_TypeDef'
lib/StdPeriph/inc/stm32f4xx_tim.h:1103:39: error: expected declaration specifiers or '...' before 'uint16_t'
lib/StdPeriph/inc/stm32f4xx_tim.h:1104:1: error: expected declaration specifiers before 'ITStatus'
lib/StdPeriph/inc/stm32f4xx_tim.h:1105:28: error: expected declaration specifiers or '...' before 'TIM_TypeDef'
lib/StdPeriph/inc/stm32f4xx_tim.h:1105:47: error: expected declaration specifiers or '...' before 'uint16_t'
lib/StdPeriph/inc/stm32f4xx_tim.h:1106:20: error: expected declaration specifiers or '...' before 'TIM_TypeDef'
lib/StdPeriph/inc/stm32f4xx_tim.h:1106:39: error: expected declaration specifiers or '...' before 'uint16_t'
lib/StdPeriph/inc/stm32f4xx_tim.h:1106:61: error: expected declaration specifiers or '...' before 'uint16_t'
lib/StdPeriph/inc/stm32f4xx_tim.h:1107:17: error: expected declaration specifiers or '...' before 'TIM_TypeDef'
lib/StdPeriph/inc/stm32f4xx_tim.h:1107:36: error: expected declaration specifiers or '...' before 'uint16_t'
lib/StdPeriph/inc/stm32f4xx_tim.h:1107:60: error: expected declaration specifiers or '...' before 'FunctionalState'
lib/StdPeriph/inc/stm32f4xx_tim.h:1108:22: error: expected declaration specifiers or '...' before 'TIM_TypeDef'
lib/StdPeriph/inc/stm32f4xx_tim.h:1108:41: error: expected declaration specifiers or '...' before 'FunctionalState'
lib/StdPeriph/inc/stm32f4xx_tim.h:1111:30: error: expected declaration specifiers or '...' before 'TIM_TypeDef'
lib/StdPeriph/inc/stm32f4xx_tim.h:1112:34: error: expected declaration specifiers or '...' before 'TIM_TypeDef'
lib/StdPeriph/inc/stm32f4xx_tim.h:1112:53: error: expected declaration specifiers or '...' before 'uint16_t'
lib/StdPeriph/inc/stm32f4xx_tim.h:1113:33: error: expected declaration specifiers or '...' before 'TIM_TypeDef'
lib/StdPeriph/inc/stm32f4xx_tim.h:1113:52: error: expected declaration specifiers or '...' before 'uint16_t'
lib/StdPeriph/inc/stm32f4xx_tim.h:1114:33: error: expected declaration specifiers or '...' before 'uint16_t'
lib/StdPeriph/inc/stm32f4xx_tim.h:1114:58: error: expected declaration specifiers or '...' before 'uint16_t'
lib/StdPeriph/inc/stm32f4xx_tim.h:1115:30: error: expected declaration specifiers or '...' before 'TIM_TypeDef'
lib/StdPeriph/inc/stm32f4xx_tim.h:1115:49: error: expected declaration specifiers or '...' before 'uint16_t'
lib/StdPeriph/inc/stm32f4xx_tim.h:1115:79: error: expected declaration specifiers or '...' before 'uint16_t'
lib/StdPeriph/inc/stm32f4xx_tim.h:1116:30: error: expected declaration specifiers or '...' before 'uint16_t'
lib/StdPeriph/inc/stm32f4xx_tim.h:1117:30: error: expected declaration specifiers or '...' before 'TIM_TypeDef'
lib/StdPeriph/inc/stm32f4xx_tim.h:1117:49: error: expected declaration specifiers or '...' before 'uint16_t'
lib/StdPeriph/inc/stm32f4xx_tim.h:1118:30: error: expected declaration specifiers or '...' before 'uint16_t'
lib/StdPeriph/inc/stm32f4xx_tim.h:1118:59: error: expected declaration specifiers or '...' before 'uint16_t'
lib/StdPeriph/inc/stm32f4xx_tim.h:1121:29: error: expected declaration specifiers or '...' before 'TIM_TypeDef'
lib/StdPeriph/inc/stm32f4xx_tim.h:1121:48: error: expected declaration specifiers or '...' before 'uint16_t'
lib/StdPeriph/inc/stm32f4xx_tim.h:1122:30: error: expected declaration specifiers or '...' before 'TIM_TypeDef'
lib/StdPeriph/inc/stm32f4xx_tim.h:1122:49: error: expected declaration specifiers or '...' before 'uint16_t'
lib/StdPeriph/inc/stm32f4xx_tim.h:1123:26: error: expected declaration specifiers or '...' before 'TIM_TypeDef'
lib/StdPeriph/inc/stm32f4xx_tim.h:1123:45: error: expected declaration specifiers or '...' before 'uint16_t'
lib/StdPeriph/inc/stm32f4xx_tim.h:1124:32: error: expected declaration specifiers or '...' before 'TIM_TypeDef'
lib/StdPeriph/inc/stm32f4xx_tim.h:1124:51: error: expected declaration specifiers or '...' before 'uint16_t'
lib/StdPeriph/inc/stm32f4xx_tim.h:1125:20: error: expected declaration specifiers or '...' before 'TIM_TypeDef'
lib/StdPeriph/inc/stm32f4xx_tim.h:1125:39: error: expected declaration specifiers or '...' before 'uint16_t'
lib/StdPeriph/inc/stm32f4xx_tim.h:1125:69: error: expected declaration specifiers or '...' before 'uint16_t'
lib/StdPeriph/inc/stm32f4xx_tim.h:1126:20: error: expected declaration specifiers or '...' before 'uint16_t'
lib/StdPeriph/inc/stm32f4xx_tim.h:1129:33: error: expected declaration specifiers or '...' before 'TIM_TypeDef'
lib/StdPeriph/inc/stm32f4xx_tim.h:1129:52: error: expected declaration specifiers or '...' before 'uint16_t'
lib/StdPeriph/inc/stm32f4xx_tim.h:1130:33: error: expected declaration specifiers or '...' before 'uint16_t'
lib/StdPeriph/inc/stm32f4xx_tim.h:1130:59: error: expected declaration specifiers or '...' before 'uint16_t'
lib/StdPeriph/inc/stm32f4xx_tim.h:1131:27: error: expected declaration specifiers or '...' before 'TIM_TypeDef'
lib/StdPeriph/inc/stm32f4xx_tim.h:1131:46: error: expected declaration specifiers or '...' before 'FunctionalState'
lib/StdPeriph/inc/stm32f4xx_tim.h:1134:22: error: expected declaration specifiers or '...' before 'TIM_TypeDef'
lib/StdPeriph/inc/stm32f4xx_tim.h:1134:41: error: expected declaration specifiers or '...' before 'uint16_t'
In file included from inc/stm32f4xx_conf.h:57:0,
                 from src/main.c:21:
lib/StdPeriph/inc/stm32f4xx_usart.h:56:3: error: expected specifier-qualifier-list before 'uint32_t'
In file included from inc/stm32f4xx_conf.h:57:0,
                 from src/main.c:21:
lib/StdPeriph/inc/stm32f4xx_usart.h:81:3: error: storage class specified for parameter 'USART_InitTypeDef'
lib/StdPeriph/inc/stm32f4xx_usart.h:90:3: error: expected specifier-qualifier-list before 'uint16_t'
lib/StdPeriph/inc/stm32f4xx_usart.h:102:3: error: storage class specified for parameter 'USART_ClockInitTypeDef'
lib/StdPeriph/inc/stm32f4xx_usart.h:367:19: error: expected declaration specifiers or '...' before 'USART_TypeDef'
lib/StdPeriph/inc/stm32f4xx_usart.h:370:17: error: expected declaration specifiers or '...' before 'USART_TypeDef'
lib/StdPeriph/inc/stm32f4xx_usart.h:370:40: error: expected declaration specifiers or '...' before 'USART_InitTypeDef'
lib/StdPeriph/inc/stm32f4xx_usart.h:371:23: error: expected declaration specifiers or '...' before 'USART_InitTypeDef'
lib/StdPeriph/inc/stm32f4xx_usart.h:372:22: error: expected declaration specifiers or '...' before 'USART_TypeDef'
lib/StdPeriph/inc/stm32f4xx_usart.h:372:45: error: expected declaration specifiers or '...' before 'USART_ClockInitTypeDef'
lib/StdPeriph/inc/stm32f4xx_usart.h:373:28: error: expected declaration specifiers or '...' before 'USART_ClockInitTypeDef'
lib/StdPeriph/inc/stm32f4xx_usart.h:374:16: error: expected declaration specifiers or '...' before 'USART_TypeDef'
lib/StdPeriph/inc/stm32f4xx_usart.h:374:39: error: expected declaration specifiers or '...' before 'FunctionalState'
lib/StdPeriph/inc/stm32f4xx_usart.h:375:25: error: expected declaration specifiers or '...' before 'USART_TypeDef'
lib/StdPeriph/inc/stm32f4xx_usart.h:375:48: error: expected declaration specifiers or '...' before 'uint8_t'
lib/StdPeriph/inc/stm32f4xx_usart.h:376:29: error: expected declaration specifiers or '...' before 'USART_TypeDef'
lib/StdPeriph/inc/stm32f4xx_usart.h:376:52: error: expected declaration specifiers or '...' before 'FunctionalState'
lib/StdPeriph/inc/stm32f4xx_usart.h:377:28: error: expected declaration specifiers or '...' before 'USART_TypeDef'
lib/StdPeriph/inc/stm32f4xx_usart.h:377:51: error: expected declaration specifiers or '...' before 'FunctionalState'
lib/StdPeriph/inc/stm32f4xx_usart.h:380:21: error: expected declaration specifiers or '...' before 'USART_TypeDef'
lib/StdPeriph/inc/stm32f4xx_usart.h:380:44: error: expected declaration specifiers or '...' before 'uint16_t'
lib/StdPeriph/inc/stm32f4xx_usart.h:381:1: error: expected declaration specifiers before 'uint16_t'
lib/StdPeriph/inc/stm32f4xx_usart.h:384:23: error: expected declaration specifiers or '...' before 'USART_TypeDef'
lib/StdPeriph/inc/stm32f4xx_usart.h:384:46: error: expected declaration specifiers or '...' before 'uint8_t'
lib/StdPeriph/inc/stm32f4xx_usart.h:385:25: error: expected declaration specifiers or '...' before 'USART_TypeDef'
lib/StdPeriph/inc/stm32f4xx_usart.h:385:48: error: expected declaration specifiers or '...' before 'uint16_t'
lib/StdPeriph/inc/stm32f4xx_usart.h:386:30: error: expected declaration specifiers or '...' before 'USART_TypeDef'
lib/StdPeriph/inc/stm32f4xx_usart.h:386:53: error: expected declaration specifiers or '...' before 'FunctionalState'
lib/StdPeriph/inc/stm32f4xx_usart.h:389:39: error: expected declaration specifiers or '...' before 'USART_TypeDef'
lib/StdPeriph/inc/stm32f4xx_usart.h:389:62: error: expected declaration specifiers or '...' before 'uint16_t'
lib/StdPeriph/inc/stm32f4xx_usart.h:390:19: error: expected declaration specifiers or '...' before 'USART_TypeDef'
lib/StdPeriph/inc/stm32f4xx_usart.h:390:42: error: expected declaration specifiers or '...' before 'FunctionalState'
lib/StdPeriph/inc/stm32f4xx_usart.h:391:22: error: expected declaration specifiers or '...' before 'USART_TypeDef'
lib/StdPeriph/inc/stm32f4xx_usart.h:394:26: error: expected declaration specifiers or '...' before 'USART_TypeDef'
lib/StdPeriph/inc/stm32f4xx_usart.h:394:49: error: expected declaration specifiers or '...' before 'FunctionalState'
lib/StdPeriph/inc/stm32f4xx_usart.h:397:25: error: expected declaration specifiers or '...' before 'USART_TypeDef'
lib/StdPeriph/inc/stm32f4xx_usart.h:397:48: error: expected declaration specifiers or '...' before 'FunctionalState'
lib/StdPeriph/inc/stm32f4xx_usart.h:398:29: error: expected declaration specifiers or '...' before 'USART_TypeDef'
lib/StdPeriph/inc/stm32f4xx_usart.h:398:52: error: expected declaration specifiers or '...' before 'FunctionalState'
lib/StdPeriph/inc/stm32f4xx_usart.h:399:25: error: expected declaration specifiers or '...' before 'USART_TypeDef'
lib/StdPeriph/inc/stm32f4xx_usart.h:399:48: error: expected declaration specifiers or '...' before 'uint8_t'
lib/StdPeriph/inc/stm32f4xx_usart.h:402:23: error: expected declaration specifiers or '...' before 'USART_TypeDef'
lib/StdPeriph/inc/stm32f4xx_usart.h:402:46: error: expected declaration specifiers or '...' before 'uint16_t'
lib/StdPeriph/inc/stm32f4xx_usart.h:403:20: error: expected declaration specifiers or '...' before 'USART_TypeDef'
lib/StdPeriph/inc/stm32f4xx_usart.h:403:43: error: expected declaration specifiers or '...' before 'FunctionalState'
lib/StdPeriph/inc/stm32f4xx_usart.h:406:19: error: expected declaration specifiers or '...' before 'USART_TypeDef'
lib/StdPeriph/inc/stm32f4xx_usart.h:406:42: error: expected declaration specifiers or '...' before 'uint16_t'
lib/StdPeriph/inc/stm32f4xx_usart.h:406:65: error: expected declaration specifiers or '...' before 'FunctionalState'
lib/StdPeriph/inc/stm32f4xx_usart.h:409:21: error: expected declaration specifiers or '...' before 'USART_TypeDef'
lib/StdPeriph/inc/stm32f4xx_usart.h:409:44: error: expected declaration specifiers or '...' before 'uint16_t'
lib/StdPeriph/inc/stm32f4xx_usart.h:409:63: error: expected declaration specifiers or '...' before 'FunctionalState'
lib/StdPeriph/inc/stm32f4xx_usart.h:410:1: error: expected declaration specifiers before 'FlagStatus'
lib/StdPeriph/inc/stm32f4xx_usart.h:411:22: error: expected declaration specifiers or '...' before 'USART_TypeDef'
lib/StdPeriph/inc/stm32f4xx_usart.h:411:45: error: expected declaration specifiers or '...' before 'uint16_t'
lib/StdPeriph/inc/stm32f4xx_usart.h:412:1: error: expected declaration specifiers before 'ITStatus'
lib/StdPeriph/inc/stm32f4xx_usart.h:413:30: error: expected declaration specifiers or '...' before 'USART_TypeDef'
lib/StdPeriph/inc/stm32f4xx_usart.h:413:53: error: expected declaration specifiers or '...' before 'uint16_t'
In file included from inc/stm32f4xx_conf.h:58:0,
                 from src/main.c:21:
lib/StdPeriph/inc/stm32f4xx_wwdg.h:85:24: error: expected declaration specifiers or '...' before 'uint32_t'
lib/StdPeriph/inc/stm32f4xx_wwdg.h:86:26: error: expected declaration specifiers or '...' before 'uint8_t'
lib/StdPeriph/inc/stm32f4xx_wwdg.h:88:22: error: expected declaration specifiers or '...' before 'uint8_t'
lib/StdPeriph/inc/stm32f4xx_wwdg.h:91:18: error: expected declaration specifiers or '...' before 'uint8_t'
lib/StdPeriph/inc/stm32f4xx_wwdg.h:94:1: error: expected declaration specifiers before 'FlagStatus'
In file included from inc/stm32f4xx_conf.h:59:0,
                 from src/main.c:21:
lib/StdPeriph/inc/misc.h:56:3: error: expected specifier-qualifier-list before 'uint8_t'
lib/StdPeriph/inc/misc.h:74:3: error: storage class specified for parameter 'NVIC_InitTypeDef'
lib/StdPeriph/inc/misc.h:158:31: error: expected declaration specifiers or '...' before 'uint32_t'
lib/StdPeriph/inc/misc.h:159:16: error: expected declaration specifiers or '...' before 'NVIC_InitTypeDef'
lib/StdPeriph/inc/misc.h:160:26: error: expected declaration specifiers or '...' before 'uint32_t'
lib/StdPeriph/inc/misc.h:160:49: error: expected declaration specifiers or '...' before 'uint32_t'
lib/StdPeriph/inc/misc.h:161:26: error: expected declaration specifiers or '...' before 'uint8_t'
lib/StdPeriph/inc/misc.h:161:48: error: expected declaration specifiers or '...' before 'FunctionalState'
lib/StdPeriph/inc/misc.h:162:30: error: expected declaration specifiers or '...' before 'uint32_t'
In file included from src/main.c:22:0:
src/led.h:26:1: warning: empty declaration [enabled by default]
src/main.c:24:39: error: expected '=', ',', ';', 'asm' or '__attribute__' before '{' token
src/main.c:55:16: error: expected '=', ',', ';', 'asm' or '__attribute__' before '{' token
src/main.c:87:14: error: expected '=', ',', ';', 'asm' or '__attribute__' before '{' token
lib/FreeRTOS/Source/include/task.h:431:6: error: old-style parameter declarations in prototyped function definition
src/main.c:88:1: error: expected '{' at end of input
src/key.c: In function 'key_handler':
src/key.c:105:21: warning: implicit declaration of function 'get_running_time' [-Wimplicit-function-declaration]
src/ped.c: In function 'ped_run':
src/ped.c:96:5: warning: implicit declaration of function 'sqrtf' [-Wimplicit-function-declaration]
src/ped.c:96:11: warning: incompatible implicit declaration of built-in function 'sqrtf' [enabled by default]
make: *** [build/stm32_mp3player.elf] Error 1
